2025-03-26T11:14:07+00:00 INFO Array
(
    [Webhook Delivery] => Array
        (
            [Delivery ID] => 2fa763ac352a2fc56193035a70ee60fc
            [Date] => Mar 26, 2025 @ 11:14
            [URL] => http://127.0.0.1/buzzjuice.net/streams/woo-pgb_webhook.php
            [Duration] => 2.5013
            [Request] => Array
                (
                    [Method] => POST
                    [Headers] => Array
                        (
                            [User-Agent] => WooCommerce/9.7.1 Hookshot (WordPress/6.7.2)
                            [Content-Type] => application/json
                            [X-WC-Webhook-Source] => http://127.0.0.1/buzzjuice.net/
                            [X-WC-Webhook-Topic] => order.updated
                            [X-WC-Webhook-Resource] => order
                            [X-WC-Webhook-Event] => updated
                            [X-WC-Webhook-Signature] => 4wFxpSxzOQlA92IJWbjuax4sJsqnfp4wOlwPHK+/Fsg=
                            [X-WC-Webhook-ID] => 1
                            [X-WC-Webhook-Delivery-ID] => 2fa763ac352a2fc56193035a70ee60fc
                        )

                )

            [Body] => {\"id\":608,\"parent_id\":0,\"status\":\"checkout-draft\",\"currency\":\"GHS\",\"version\":\"9.7.1\",\"prices_include_tax\":false,\"date_created\":\"2025-03-26T11:12:34\",\"date_modified\":\"2025-03-26T11:12:35\",\"discount_total\":\"0.00\",\"discount_tax\":\"0.00\",\"shipping_total\":\"0.00\",\"shipping_tax\":\"0.00\",\"cart_tax\":\"0.00\",\"total\":\"1006.00\",\"total_tax\":\"0.00\",\"customer_id\":18,\"order_key\":\"wc_order_f8GTqsjOsVArY\",\"billing\":{\"first_name\":\"Enka\",\"last_name\":\"BY\",\"company\":\"\",\"address_1\":\"DT801 SSNIT FLATS\",\"address_2\":\"\",\"city\":\"ACCRA\",\"state\":\"AA\",\"postcode\":\"\",\"country\":\"GH\",\"email\":\"cupidblack@yandex.com\",\"phone\":\"\"},\"shipping\":{\"first_name\":\"Enka\",\"last_name\":\"BY\",\"company\":\"\",\"address_1\":\"DT801 SSNIT FLATS\",\"address_2\":\"\",\"city\":\"ACCRA\",\"state\":\"AA\",\"postcode\":\"\",\"country\":\"GH\",\"phone\":\"\"},\"payment_method\":\"\",\"payment_method_title\":\"\",\"transaction_id\":\"\",\"customer_ip_address\":\"127.0.0.1\",\"customer_user_agent\":\"Mozilla\\/5.0 (Windows NT 10.0; Win64; x64) AppleWebKit\\/537.36 (KHTML, like Gecko) Chrome\\/132.0.0.0 Safari\\/537.36 OPR\\/117.0.0.0\",\"created_via\":\"store-api\",\"customer_note\":\"\",\"date_completed\":null,\"date_paid\":null,\"cart_hash\":\"7be4b6611b421f71678fc9c2f15ae374\",\"number\":\"608\",\"meta_data\":[{\"id\":691,\"key\":\"_coupons_hash\",\"value\":\"d751713988987e9331980363e24189ce\"},{\"id\":692,\"key\":\"_fees_hash\",\"value\":\"d751713988987e9331980363e24189ce\"},{\"id\":690,\"key\":\"_shipping_hash\",\"value\":\"9d4568c009d203ab10e33ea9953a0264\"},{\"id\":693,\"key\":\"_taxes_hash\",\"value\":\"d751713988987e9331980363e24189ce\"},{\"id\":694,\"key\":\"is_vat_exempt\",\"value\":\"no\"}],\"line_items\":[{\"id\":162,\"name\":\"Test Product\",\"product_id\":560,\"variation_id\":0,\"quantity\":1,\"tax_class\":\"\",\"subtotal\":\"9.00\",\"subtotal_tax\":\"0.00\",\"total\":\"9.00\",\"total_tax\":\"0.00\",\"taxes\":[],\"meta_data\":[],\"sku\":\"wowonder-digital-payment\",\"price\":9,\"image\":{\"id\":\"\",\"src\":\"\"},\"parent_name\":null},{\"id\":163,\"name\":\"Test Product\",\"product_id\":560,\"variation_id\":0,\"quantity\":1,\"tax_class\":\"\",\"subtotal\":\"3.00\",\"subtotal_tax\":\"0.00\",\"total\":\"3.00\",\"total_tax\":\"0.00\",\"taxes\":[],\"meta_data\":[],\"sku\":\"wowonder-digital-payment\",\"price\":3,\"image\":{\"id\":\"\",\"src\":\"\"},\"parent_name\":null},{\"id\":164,\"name\":\"Test Product\",\"product_id\":560,\"variation_id\":0,\"quantity\":1,\"tax_class\":\"\",\"subtotal\":\"6.00\",\"subtotal_tax\":\"0.00\",\"total\":\"6.00\",\"total_tax\":\"0.00\",\"taxes\":[],\"meta_data\":[],\"sku\":\"wowonder-digital-payment\",\"price\":6,\"image\":{\"id\":\"\",\"src\":\"\"},\"parent_name\":null},{\"id\":165,\"name\":\"Pro Membership\",\"product_id\":560,\"variation_id\":0,\"quantity\":1,\"tax_class\":\"\",\"subtotal\":\"2.00\",\"subtotal_tax\":\"0.00\",\"total\":\"2.00\",\"total_tax\":\"0.00\",\"taxes\":[],\"meta_data\":[],\"sku\":\"wowonder-digital-payment\",\"price\":2,\"image\":{\"id\":\"\",\"src\":\"\"},\"parent_name\":null},{\"id\":166,\"name\":\"Ultimate Jewel\",\"product_id\":560,\"variation_id\":0,\"quantity\":1,\"tax_class\":\"\",\"subtotal\":\"104.00\",\"subtotal_tax\":\"0.00\",\"total\":\"104.00\",\"total_tax\":\"0.00\",\"taxes\":[],\"meta_data\":[],\"sku\":\"wowonder-digital-payment\",\"price\":104,\"image\":{\"id\":\"\",\"src\":\"\"},\"parent_name\":null},{\"id\":167,\"name\":\"Oxford House\",\"product_id\":560,\"variation_id\":0,\"quantity\":1,\"tax_class\":\"\",\"subtotal\":\"104.00\",\"subtotal_tax\":\"0.00\",\"total\":\"104.00\",\"total_tax\":\"0.00\",\"taxes\":[],\"meta_data\":[],\"sku\":\"wowonder-digital-payment\",\"price\":104,\"image\":{\"id\":\"\",\"src\":\"\"},\"parent_name\":null},{\"id\":168,\"name\":\"Test Product\",\"product_id\":560,\"variation_id\":0,\"quantity\":1,\"tax_class\":\"\",\"subtotal\":\"12.00\",\"subtotal_tax\":\"0.00\",\"total\":\"12.00\",\"total_tax\":\"0.00\",\"taxes\":[],\"meta_data\":[],\"sku\":\"wowonder-digital-payment\",\"price\":12,\"image\":{\"id\":\"\",\"src\":\"\"},\"parent_name\":null},{\"id\":169,\"name\":\"Classic LifeStar\",\"product_id\":560,\"variation_id\":0,\"quantity\":1,\"tax_class\":\"\",\"subtotal\":\"29.00\",\"subtotal_tax\":\"0.00\",\"total\":\"29.00\",\"total_tax\":\"0.00\",\"taxes\":[],\"meta_data\":[],\"sku\":\"wowonder-digital-payment\",\"price\":29,\"image\":{\"id\":\"\",\"src\":\"\"},\"parent_name\":null},{\"id\":170,\"name\":\"Silver Hot Siz\",\"product_id\":560,\"variation_id\":0,\"quantity\":1,\"tax_class\":\"\",\"subtotal\":\"43.00\",\"subtotal_tax\":\"0.00\",\"total\":\"43.00\",\"total_tax\":\"0.00\",\"taxes\":[],\"meta_data\":[],\"sku\":\"wowonder-digital-payment\",\"price\":43,\"image\":{\"id\":\"\",\"src\":\"\"},\"parent_name\":null},{\"id\":171,\"name\":\"Pro Membership\",\"product_id\":560,\"variation_id\":0,\"quantity\":1,\"tax_class\":\"\",\"subtotal\":\"5.00\",\"subtotal_tax\":\"0.00\",\"total\":\"5.00\",\"total_tax\":\"0.00\",\"taxes\":[],\"meta_data\":[],\"sku\":\"wowonder-digital-payment\",\"price\":5,\"image\":{\"id\":\"\",\"src\":\"\"},\"parent_name\":null},{\"id\":172,\"name\":\"Classic LifeStar\",\"product_id\":560,\"variation_id\":0,\"quantity\":1,\"tax_class\":\"\",\"subtotal\":\"1.00\",\"subtotal_tax\":\"0.00\",\"total\":\"1.00\",\"total_tax\":\"0.00\",\"taxes\":[],\"meta_data\":[],\"sku\":\"wowonder-digital-payment\",\"price\":1,\"image\":{\"id\":\"\",\"src\":\"\"},\"parent_name\":null},{\"id\":173,\"name\":\"Page title\",\"product_id\":560,\"variation_id\":0,\"quantity\":1,\"tax_class\":\"\",\"subtotal\":\"29.00\",\"subtotal_tax\":\"0.00\",\"total\":\"29.00\",\"total_tax\":\"0.00\",\"taxes\":[],\"meta_data\":[],\"sku\":\"wowonder-digital-payment\",\"price\":29,\"image\":{\"id\":\"\",\"src\":\"\"},\"parent_name\":null},{\"id\":174,\"name\":\"wallet\",\"product_id\":560,\"variation_id\":0,\"quantity\":1,\"tax_class\":\"\",\"subtotal\":\"29.00\",\"subtotal_tax\":\"0.00\",\"total\":\"29.00\",\"total_tax\":\"0.00\",\"taxes\":[],\"meta_data\":[],\"sku\":\"wowonder-digital-payment\",\"price\":29,\"image\":{\"id\":\"\",\"src\":\"\"},\"parent_name\":null},{\"id\":175,\"name\":\"Walls\",\"product_id\":560,\"variation_id\":0,\"quantity\":1,\"tax_class\":\"\",\"subtotal\":\"29.00\",\"subtotal_tax\":\"0.00\",\"total\":\"29.00\",\"total_tax\":\"0.00\",\"taxes\":[],\"meta_data\":[],\"sku\":\"wowonder-digital-payment\",\"price\":29,\"image\":{\"id\":\"\",\"src\":\"\"},\"parent_name\":null},{\"id\":176,\"name\":\"Buzzjuice Wallet Replenishment\",\"product_id\":560,\"variation_id\":0,\"quantity\":1,\"tax_class\":\"\",\"subtotal\":\"29.00\",\"subtotal_tax\":\"0.00\",\"total\":\"29.00\",\"total_tax\":\"0.00\",\"taxes\":[],\"meta_data\":[],\"sku\":\"wowonder-digital-payment\",\"price\":29,\"image\":{\"id\":\"\",\"src\":\"\"},\"parent_name\":null},{\"id\":177,\"name\":\"Buzzjuice Wallet Replenishment\",\"product_id\":560,\"variation_id\":0,\"quantity\":1,\"tax_class\":\"\",\"subtotal\":\"1.00\",\"subtotal_tax\":\"0.00\",\"total\":\"1.00\",\"total_tax\":\"0.00\",\"taxes\":[],\"meta_data\":[],\"sku\":\"wowonder-digital-payment\",\"price\":1,\"image\":{\"id\":\"\",\"src\":\"\"},\"parent_name\":null},{\"id\":178,\"name\":\"Buzzjuice Wallet Replenishment\",\"product_id\":560,\"variation_id\":0,\"quantity\":1,\"tax_class\":\"\",\"subtotal\":\"2.00\",\"subtotal_tax\":\"0.00\",\"total\":\"2.00\",\"total_tax\":\"0.00\",\"taxes\":[],\"meta_data\":[],\"sku\":\"wowonder-digital-payment\",\"price\":2,\"image\":{\"id\":\"\",\"src\":\"\"},\"parent_name\":null},{\"id\":179,\"name\":\"Buzzjuice Wallet Replenishment\",\"product_id\":560,\"variation_id\":0,\"quantity\":1,\"tax_class\":\"\",\"subtotal\":\"3.00\",\"subtotal_tax\":\"0.00\",\"total\":\"3.00\",\"total_tax\":\"0.00\",\"taxes\":[],\"meta_data\":[],\"sku\":\"wowonder-digital-payment\",\"price\":3,\"image\":{\"id\":\"\",\"src\":\"\"},\"parent_name\":null},{\"id\":180,\"name\":\"Buzzjuice Wallet Replenishment\",\"product_id\":560,\"variation_id\":0,\"quantity\":1,\"tax_class\":\"\",\"subtotal\":\"7.00\",\"subtotal_tax\":\"0.00\",\"total\":\"7.00\",\"total_tax\":\"0.00\",\"taxes\":[],\"meta_data\":[],\"sku\":\"wowonder-digital-payment\",\"price\":7,\"image\":{\"id\":\"\",\"src\":\"\"},\"parent_name\":null},{\"id\":181,\"name\":\"Buzzjuice Wallet Replenishment\",\"product_id\":560,\"variation_id\":0,\"quantity\":1,\"tax_class\":\"\",\"subtotal\":\"4.00\",\"subtotal_tax\":\"0.00\",\"total\":\"4.00\",\"total_tax\":\"0.00\",\"taxes\":[],\"meta_data\":[],\"sku\":\"wowonder-digital-payment\",\"price\":4,\"image\":{\"id\":\"\",\"src\":\"\"},\"parent_name\":null},{\"id\":182,\"name\":\"Test Product\",\"product_id\":560,\"variation_id\":0,\"quantity\":1,\"tax_class\":\"\",\"subtotal\":\"15.00\",\"subtotal_tax\":\"0.00\",\"total\":\"15.00\",\"total_tax\":\"0.00\",\"taxes\":[],\"meta_data\":[],\"sku\":\"wowonder-digital-payment\",\"price\":15,\"image\":{\"id\":\"\",\"src\":\"\"},\"parent_name\":null},{\"id\":183,\"name\":\"Silver Lifestyle\",\"product_id\":560,\"variation_id\":0,\"quantity\":1,\"tax_class\":\"\",\"subtotal\":\"349.00\",\"subtotal_tax\":\"0.00\",\"total\":\"349.00\",\"total_tax\":\"0.00\",\"taxes\":[],\"meta_data\":[],\"sku\":\"wowonder-digital-payment\",\"price\":349,\"image\":{\"id\":\"\",\"src\":\"\"},\"parent_name\":null},{\"id\":184,\"name\":\"Buzzjuice Wallet Replenishment\",\"product_id\":560,\"variation_id\":0,\"quantity\":1,\"tax_class\":\"\",\"subtotal\":\"104.00\",\"subtotal_tax\":\"0.00\",\"total\":\"104.00\",\"total_tax\":\"0.00\",\"taxes\":[],\"meta_data\":[],\"sku\":\"wowonder-digital-payment\",\"price\":104,\"image\":{\"id\":\"\",\"src\":\"\"},\"parent_name\":null},{\"id\":185,\"name\":\"Buzzjuice Wallet Replenishment\",\"product_id\":560,\"variation_id\":0,\"quantity\":1,\"tax_class\":\"\",\"subtotal\":\"43.00\",\"subtotal_tax\":\"0.00\",\"total\":\"43.00\",\"total_tax\":\"0.00\",\"taxes\":[],\"meta_data\":[],\"sku\":\"wowonder-digital-payment\",\"price\":43,\"image\":{\"id\":\"\",\"src\":\"\"},\"parent_name\":null},{\"id\":186,\"name\":\"Buzzjuice Wallet Replenishment\",\"product_id\":560,\"variation_id\":0,\"quantity\":1,\"tax_class\":\"\",\"subtotal\":\"5.00\",\"subtotal_tax\":\"0.00\",\"total\":\"5.00\",\"total_tax\":\"0.00\",\"taxes\":[],\"meta_data\":[],\"sku\":\"wowonder-digital-payment\",\"price\":5,\"image\":{\"id\":\"\",\"src\":\"\"},\"parent_name\":null},{\"id\":187,\"name\":\"Test Product\",\"product_id\":560,\"variation_id\":0,\"quantity\":1,\"tax_class\":\"\",\"subtotal\":\"18.00\",\"subtotal_tax\":\"0.00\",\"total\":\"18.00\",\"total_tax\":\"0.00\",\"taxes\":[],\"meta_data\":[],\"sku\":\"wowonder-digital-payment\",\"price\":18,\"image\":{\"id\":\"\",\"src\":\"\"},\"parent_name\":null},{\"id\":188,\"name\":\"Test Product\",\"product_id\":560,\"variation_id\":0,\"quantity\":1,\"tax_class\":\"\",\"subtotal\":\"21.00\",\"subtotal_tax\":\"0.00\",\"total\":\"21.00\",\"total_tax\":\"0.00\",\"taxes\":[],\"meta_data\":[],\"sku\":\"wowonder-digital-payment\",\"price\":21,\"image\":{\"id\":\"\",\"src\":\"\"},\"parent_name\":null}],\"tax_lines\":[],\"shipping_lines\":[],\"fee_lines\":[],\"coupon_lines\":[],\"refunds\":[],\"payment_url\":\"http:\\/\\/127.0.0.1\\/buzzjuice.net\\/checkout\\/order-pay\\/608\\/?pay_for_order=true&key=wc_order_f8GTqsjOsVArY\",\"is_editable\":false,\"needs_payment\":true,\"needs_processing\":false,\"date_created_gmt\":\"2025-03-26T11:12:34\",\"date_modified_gmt\":\"2025-03-26T11:12:35\",\"date_completed_gmt\":null,\"date_paid_gmt\":null,\"currency_symbol\":\"\\u20b5\",\"_links\":{\"self\":[{\"href\":\"http:\\/\\/127.0.0.1\\/buzzjuice.net\\/wp-json\\/wc\\/v3\\/orders\\/608\",\"targetHints\":{\"allow\":[\"GET\",\"POST\",\"PUT\",\"PATCH\",\"DELETE\"]}}],\"collection\":[{\"href\":\"http:\\/\\/127.0.0.1\\/buzzjuice.net\\/wp-json\\/wc\\/v3\\/orders\"}],\"customer\":[{\"href\":\"http:\\/\\/127.0.0.1\\/buzzjuice.net\\/wp-json\\/wc\\/v3\\/customers\\/18\"}]}}
            [Response] => Array
                (
                    [Code] => 200
                    [Message] => OK
                    [Headers] => WpOrg\Requests\Utility\CaseInsensitiveDictionary Object
                        (
                            [data:protected] => Array
                                (
                                    [date] => Wed, 26 Mar 2025 11:14:06 GMT
                                    [server] => Apache/2.4.58 (Win64) OpenSSL/3.1.3 PHP/8.2.12
                                    [x-powered-by] => PHP/8.2.12
                                    [set-cookie] => Array
                                        (
                                            [0] => PHPSESSID=n2evrhjnch7e64mvksoovfg0ms; path=/; HttpOnly
                                            [1] => ad-con=%7B%26quot%3Bdate%26quot%3B%3A%26quot%3B2025-03-26%26quot%3B%2C%26quot%3Bads%26quot%3B%3A%5B%5D%7D; expires=Sat, 24 Mar 2035 11:14:07 GMT; Max-Age=315360000
                                            [2] => ad-con=%7B%26quot%3Bdate%26quot%3B%3A%26quot%3B2025-03-26%26quot%3B%2C%26quot%3Bads%26quot%3B%3A%5B%5D%7D; expires=Sat, 24 Mar 2035 11:14:07 GMT; Max-Age=315360000
                                            [3] => _us=1743074047; expires=Sat, 24 Mar 2035 11:14:07 GMT; Max-Age=315360000
                                            [4] => _us=1743074047; expires=Sat, 24 Mar 2035 11:14:07 GMT; Max-Age=315360000
                                            [5] => mode=day; expires=Sat, 24 Mar 2035 11:14:07 GMT; Max-Age=315360000; path=/
                                        )

                                    [expires] => Thu, 19 Nov 1981 08:52:00 GMT
                                    [cache-control] => no-store, no-cache, must-revalidate
                                    [pragma] => no-cache
                                    [keep-alive] => timeout=100,max=500
                                    [content-length] => 32
                                    [content-type] => text/html; charset=UTF-8
                                )

                        )

                    [Body] => 
Webhook processed successfully
                )

        )

)

