2025-04-12T11:46:40+00:00 INFO Array
(
    [Webhook Delivery] => Array
        (
            [Delivery ID] => f1688bb2afa2b1117a55d473e69e2659
            [Date] => Apr 12, 2025 @ 11:46
            [URL] => http://127.0.0.1/buzzjuice.net/social/qdwpgb_callback.php
            [Duration] => 0.75808
            [Request] => Array
                (
                    [Method] => POST
                    [Headers] => Array
                        (
                            [User-Agent] => WooCommerce/9.7.1 Hookshot (WordPress/6.7.2)
                            [Content-Type] => application/json
                            [X-WC-Webhook-Source] => https://127.0.0.1/buzzjuice.net/
                            [X-WC-Webhook-Topic] => order.updated
                            [X-WC-Webhook-Resource] => order
                            [X-WC-Webhook-Event] => updated
                            [X-WC-Webhook-Signature] => E59un8DbRxR0ZS+oSF5yjZQA9pTOGySK3vwy61lKxmo=
                            [X-WC-Webhook-ID] => 2
                            [X-WC-Webhook-Delivery-ID] => f1688bb2afa2b1117a55d473e69e2659
                        )

                )

            [Body] => {\"id\":739,\"parent_id\":0,\"status\":\"pending\",\"currency\":\"GHS\",\"version\":\"9.7.1\",\"prices_include_tax\":false,\"date_created\":\"2025-04-12T11:46:38\",\"date_modified\":\"2025-04-12T11:46:38\",\"discount_total\":\"0.00\",\"discount_tax\":\"0.00\",\"shipping_total\":\"0.00\",\"shipping_tax\":\"0.00\",\"cart_tax\":\"0.00\",\"total\":\"243.00\",\"total_tax\":\"0.00\",\"customer_id\":0,\"order_key\":\"wc_order_U7oxQUJIkbIs9\",\"billing\":{\"first_name\":\"\",\"last_name\":\"\",\"company\":\"\",\"address_1\":\"\",\"address_2\":\"\",\"city\":\"\",\"state\":\"\",\"postcode\":\"\",\"country\":\"\",\"email\":\"cupidblack@yandex.com\",\"phone\":\"\"},\"shipping\":{\"first_name\":\"\",\"last_name\":\"\",\"company\":\"\",\"address_1\":\"\",\"address_2\":\"\",\"city\":\"\",\"state\":\"\",\"postcode\":\"\",\"country\":\"\",\"phone\":\"\"},\"payment_method\":\"qdw_payment\",\"payment_method_title\":\"QuickDate WooCommerce Payment\",\"transaction_id\":\"\",\"customer_ip_address\":\"\",\"customer_user_agent\":\"\",\"created_via\":\"rest-api\",\"customer_note\":\"\",\"date_completed\":null,\"date_paid\":null,\"cart_hash\":\"\",\"number\":\"739\",\"meta_data\":[{\"id\":2296,\"key\":\"qdw_order_id\",\"value\":\"qdw_67fa529935505\"},{\"id\":2297,\"key\":\"userid\",\"value\":\"17\"}],\"line_items\":[{\"id\":7917,\"name\":\"Premium Social (Yearly)\",\"product_id\":694,\"variation_id\":0,\"quantity\":1,\"tax_class\":\"\",\"subtotal\":\"243.00\",\"subtotal_tax\":\"0.00\",\"total\":\"243.00\",\"total_tax\":\"0.00\",\"taxes\":[],\"meta_data\":[],\"sku\":\"wow-pgb_pro\",\"price\":243,\"image\":{\"id\":\"\",\"src\":\"\"},\"parent_name\":null}],\"tax_lines\":[],\"shipping_lines\":[],\"fee_lines\":[],\"coupon_lines\":[],\"refunds\":[],\"payment_url\":\"https:\\/\\/127.0.0.1\\/buzzjuice.net\\/checkout\\/order-pay\\/739\\/?pay_for_order=true&key=wc_order_U7oxQUJIkbIs9\",\"is_editable\":true,\"needs_payment\":true,\"needs_processing\":false,\"date_created_gmt\":\"2025-04-12T11:46:38\",\"date_modified_gmt\":\"2025-04-12T11:46:38\",\"date_completed_gmt\":null,\"date_paid_gmt\":null,\"currency_symbol\":\"\\u20b5\",\"_links\":{\"self\":[{\"href\":\"https:\\/\\/127.0.0.1\\/buzzjuice.net\\/wp-json\\/wc\\/v3\\/orders\\/739\",\"targetHints\":{\"allow\":[\"GET\",\"POST\",\"PUT\",\"PATCH\",\"DELETE\"]}}],\"collection\":[{\"href\":\"https:\\/\\/127.0.0.1\\/buzzjuice.net\\/wp-json\\/wc\\/v3\\/orders\"}]}}
            [Response] => Array
                (
                    [Code] => 200
                    [Message] => OK
                    [Headers] => WpOrg\Requests\Utility\CaseInsensitiveDictionary Object
                        (
                            [data:protected] => Array
                                (
                                    [date] => Sat, 12 Apr 2025 11:46:40 GMT
                                    [server] => Apache/2.4.58 (Win64) OpenSSL/3.1.3 PHP/8.2.12
                                    [x-powered-by] => PHP/8.2.12
                                    [access-control-allow-origin] => *
                                    [access-control-max-age] => 3600
                                    [access-control-allow-headers] => Content-Type, Access-Control-Allow-Headers, Authorization, X-Requested-With
                                    [set-cookie] => PHPSESSID=97foai2mefhrtnefslddrhj010; path=/
                                    [expires] => Thu, 19 Nov 1981 08:52:00 GMT
                                    [cache-control] => no-store, no-cache, must-revalidate
                                    [pragma] => no-cache
                                    [content-length] => 30
                                    [content-type] => text/html; charset=UTF-8
                                )

                        )

                    [Body] => Webhook processed successfully
                )

        )

)

2025-04-12T11:46:40+00:00 INFO Array
(
    [Webhook Delivery] => Array
        (
            [Delivery ID] => f3d456c83ba67bd4a18607433ff579dd
            [Date] => Apr 12, 2025 @ 11:46
            [URL] => http://127.0.0.1/buzzjuice.net/streams/wow-pgb_webhook.php
            [Duration] => 0.15464
            [Request] => Array
                (
                    [Method] => POST
                    [Headers] => Array
                        (
                            [User-Agent] => WooCommerce/9.7.1 Hookshot (WordPress/6.7.2)
                            [Content-Type] => application/json
                            [X-WC-Webhook-Source] => https://127.0.0.1/buzzjuice.net/
                            [X-WC-Webhook-Topic] => order.updated
                            [X-WC-Webhook-Resource] => order
                            [X-WC-Webhook-Event] => updated
                            [X-WC-Webhook-Signature] => QFPUaaeO11Pp1QQRe9kN2wrOvgfOwHrKTp3bAIljYYc=
                            [X-WC-Webhook-ID] => 1
                            [X-WC-Webhook-Delivery-ID] => f3d456c83ba67bd4a18607433ff579dd
                        )

                )

            [Body] => {\"id\":739,\"parent_id\":0,\"status\":\"pending\",\"currency\":\"GHS\",\"version\":\"9.7.1\",\"prices_include_tax\":false,\"date_created\":\"2025-04-12T11:46:38\",\"date_modified\":\"2025-04-12T11:46:38\",\"discount_total\":\"0.00\",\"discount_tax\":\"0.00\",\"shipping_total\":\"0.00\",\"shipping_tax\":\"0.00\",\"cart_tax\":\"0.00\",\"total\":\"243.00\",\"total_tax\":\"0.00\",\"customer_id\":0,\"order_key\":\"wc_order_U7oxQUJIkbIs9\",\"billing\":{\"first_name\":\"\",\"last_name\":\"\",\"company\":\"\",\"address_1\":\"\",\"address_2\":\"\",\"city\":\"\",\"state\":\"\",\"postcode\":\"\",\"country\":\"\",\"email\":\"cupidblack@yandex.com\",\"phone\":\"\"},\"shipping\":{\"first_name\":\"\",\"last_name\":\"\",\"company\":\"\",\"address_1\":\"\",\"address_2\":\"\",\"city\":\"\",\"state\":\"\",\"postcode\":\"\",\"country\":\"\",\"phone\":\"\"},\"payment_method\":\"qdw_payment\",\"payment_method_title\":\"QuickDate WooCommerce Payment\",\"transaction_id\":\"\",\"customer_ip_address\":\"\",\"customer_user_agent\":\"\",\"created_via\":\"rest-api\",\"customer_note\":\"\",\"date_completed\":null,\"date_paid\":null,\"cart_hash\":\"\",\"number\":\"739\",\"meta_data\":[{\"id\":2296,\"key\":\"qdw_order_id\",\"value\":\"qdw_67fa529935505\"},{\"id\":2297,\"key\":\"userid\",\"value\":\"17\"}],\"line_items\":[{\"id\":7917,\"name\":\"Premium Social (Yearly)\",\"product_id\":694,\"variation_id\":0,\"quantity\":1,\"tax_class\":\"\",\"subtotal\":\"243.00\",\"subtotal_tax\":\"0.00\",\"total\":\"243.00\",\"total_tax\":\"0.00\",\"taxes\":[],\"meta_data\":[],\"sku\":\"wow-pgb_pro\",\"price\":243,\"image\":{\"id\":\"\",\"src\":\"\"},\"parent_name\":null}],\"tax_lines\":[],\"shipping_lines\":[],\"fee_lines\":[],\"coupon_lines\":[],\"refunds\":[],\"payment_url\":\"https:\\/\\/127.0.0.1\\/buzzjuice.net\\/checkout\\/order-pay\\/739\\/?pay_for_order=true&key=wc_order_U7oxQUJIkbIs9\",\"is_editable\":true,\"needs_payment\":true,\"needs_processing\":false,\"date_created_gmt\":\"2025-04-12T11:46:38\",\"date_modified_gmt\":\"2025-04-12T11:46:38\",\"date_completed_gmt\":null,\"date_paid_gmt\":null,\"currency_symbol\":\"\\u20b5\",\"_links\":{\"self\":[{\"href\":\"https:\\/\\/127.0.0.1\\/buzzjuice.net\\/wp-json\\/wc\\/v3\\/orders\\/739\",\"targetHints\":{\"allow\":[\"GET\",\"POST\",\"PUT\",\"PATCH\",\"DELETE\"]}}],\"collection\":[{\"href\":\"https:\\/\\/127.0.0.1\\/buzzjuice.net\\/wp-json\\/wc\\/v3\\/orders\"}]}}
            [Response] => Array
                (
                    [Code] => 200
                    [Message] => OK
                    [Headers] => WpOrg\Requests\Utility\CaseInsensitiveDictionary Object
                        (
                            [data:protected] => Array
                                (
                                    [date] => Sat, 12 Apr 2025 11:46:40 GMT
                                    [server] => Apache/2.4.58 (Win64) OpenSSL/3.1.3 PHP/8.2.12
                                    [x-powered-by] => PHP/8.2.12
                                    [set-cookie] => Array
                                        (
                                            [0] => PHPSESSID=7rfjdr119ku88c6djc6d8b0rna; path=/; HttpOnly
                                            [1] => ad-con=%7B%26quot%3Bdate%26quot%3B%3A%26quot%3B2025-04-12%26quot%3B%2C%26quot%3Bads%26quot%3B%3A%5B%5D%7D; expires=Tue, 10 Apr 2035 11:46:40 GMT; Max-Age=315360000
                                            [2] => ad-con=%7B%26quot%3Bdate%26quot%3B%3A%26quot%3B2025-04-12%26quot%3B%2C%26quot%3Bads%26quot%3B%3A%5B%5D%7D; expires=Tue, 10 Apr 2035 11:46:40 GMT; Max-Age=315360000
                                            [3] => _us=1744544800; expires=Tue, 10 Apr 2035 11:46:40 GMT; Max-Age=315360000
                                            [4] => _us=1744544800; expires=Tue, 10 Apr 2035 11:46:40 GMT; Max-Age=315360000
                                            [5] => mode=day; expires=Tue, 10 Apr 2035 11:46:40 GMT; Max-Age=315360000; path=/
                                        )

                                    [expires] => Thu, 19 Nov 1981 08:52:00 GMT
                                    [cache-control] => no-store, no-cache, must-revalidate
                                    [pragma] => no-cache
                                    [keep-alive] => timeout=100,max=500
                                    [content-length] => 30
                                    [content-type] => text/html; charset=UTF-8
                                )

                        )

                    [Body] => Webhook processed successfully
                )

        )

)

2025-04-12T11:47:25+00:00 INFO Array
(
    [Webhook Delivery] => Array
        (
            [Delivery ID] => bd7bcf95935e9308852c9140dd769fbb
            [Date] => Apr 12, 2025 @ 11:47
            [URL] => http://127.0.0.1/buzzjuice.net/social/qdwpgb_callback.php
            [Duration] => 0.69001
            [Request] => Array
                (
                    [Method] => POST
                    [Headers] => Array
                        (
                            [User-Agent] => WooCommerce/9.7.1 Hookshot (WordPress/6.7.2)
                            [Content-Type] => application/json
                            [X-WC-Webhook-Source] => https://127.0.0.1/buzzjuice.net/
                            [X-WC-Webhook-Topic] => order.updated
                            [X-WC-Webhook-Resource] => order
                            [X-WC-Webhook-Event] => updated
                            [X-WC-Webhook-Signature] => gVoqK7WMq9la3qzr6gK1on4G2CzGEz4PMufvOu7MUK4=
                            [X-WC-Webhook-ID] => 2
                            [X-WC-Webhook-Delivery-ID] => bd7bcf95935e9308852c9140dd769fbb
                        )

                )

            [Body] => {\"id\":739,\"parent_id\":0,\"status\":\"pending\",\"currency\":\"GHS\",\"version\":\"9.7.1\",\"prices_include_tax\":false,\"date_created\":\"2025-04-12T11:46:38\",\"date_modified\":\"2025-04-12T11:47:20\",\"discount_total\":\"0.00\",\"discount_tax\":\"0.00\",\"shipping_total\":\"0.00\",\"shipping_tax\":\"0.00\",\"cart_tax\":\"0.00\",\"total\":\"243.00\",\"total_tax\":\"0.00\",\"customer_id\":0,\"order_key\":\"wc_order_U7oxQUJIkbIs9\",\"billing\":{\"first_name\":\"\",\"last_name\":\"\",\"company\":\"\",\"address_1\":\"\",\"address_2\":\"\",\"city\":\"\",\"state\":\"\",\"postcode\":\"\",\"country\":\"\",\"email\":\"cupidblack@yandex.com\",\"phone\":\"\"},\"shipping\":{\"first_name\":\"\",\"last_name\":\"\",\"company\":\"\",\"address_1\":\"\",\"address_2\":\"\",\"city\":\"\",\"state\":\"\",\"postcode\":\"\",\"country\":\"\",\"phone\":\"\"},\"payment_method\":\"paystack\",\"payment_method_title\":\"Debit\\/Credit Cards\",\"transaction_id\":\"\",\"customer_ip_address\":\"\",\"customer_user_agent\":\"\",\"created_via\":\"rest-api\",\"customer_note\":\"\",\"date_completed\":null,\"date_paid\":null,\"cart_hash\":\"\",\"number\":\"739\",\"meta_data\":[{\"id\":2300,\"key\":\"_paystack_txn_ref\",\"value\":\"739_1744458440\"},{\"id\":2296,\"key\":\"qdw_order_id\",\"value\":\"qdw_67fa529935505\"},{\"id\":2297,\"key\":\"userid\",\"value\":\"17\"}],\"line_items\":[{\"id\":7917,\"name\":\"Premium Social (Yearly)\",\"product_id\":694,\"variation_id\":0,\"quantity\":1,\"tax_class\":\"\",\"subtotal\":\"243.00\",\"subtotal_tax\":\"0.00\",\"total\":\"243.00\",\"total_tax\":\"0.00\",\"taxes\":[],\"meta_data\":[],\"sku\":\"wow-pgb_pro\",\"price\":243,\"image\":{\"id\":\"\",\"src\":\"\"},\"parent_name\":null}],\"tax_lines\":[],\"shipping_lines\":[],\"fee_lines\":[],\"coupon_lines\":[],\"refunds\":[],\"payment_url\":\"https:\\/\\/127.0.0.1\\/buzzjuice.net\\/checkout\\/order-pay\\/739\\/?pay_for_order=true&key=wc_order_U7oxQUJIkbIs9\",\"is_editable\":true,\"needs_payment\":true,\"needs_processing\":false,\"date_created_gmt\":\"2025-04-12T11:46:38\",\"date_modified_gmt\":\"2025-04-12T11:47:20\",\"date_completed_gmt\":null,\"date_paid_gmt\":null,\"currency_symbol\":\"\\u20b5\",\"_links\":{\"self\":[{\"href\":\"https:\\/\\/127.0.0.1\\/buzzjuice.net\\/wp-json\\/wc\\/v3\\/orders\\/739\",\"targetHints\":{\"allow\":[\"GET\",\"POST\",\"PUT\",\"PATCH\",\"DELETE\"]}}],\"collection\":[{\"href\":\"https:\\/\\/127.0.0.1\\/buzzjuice.net\\/wp-json\\/wc\\/v3\\/orders\"}]}}
            [Response] => Array
                (
                    [Code] => 200
                    [Message] => OK
                    [Headers] => WpOrg\Requests\Utility\CaseInsensitiveDictionary Object
                        (
                            [data:protected] => Array
                                (
                                    [date] => Sat, 12 Apr 2025 11:47:25 GMT
                                    [server] => Apache/2.4.58 (Win64) OpenSSL/3.1.3 PHP/8.2.12
                                    [x-powered-by] => PHP/8.2.12
                                    [access-control-allow-origin] => *
                                    [access-control-max-age] => 3600
                                    [access-control-allow-headers] => Content-Type, Access-Control-Allow-Headers, Authorization, X-Requested-With
                                    [set-cookie] => PHPSESSID=vg0it4b43heql71q0qgj5v74tj; path=/
                                    [expires] => Thu, 19 Nov 1981 08:52:00 GMT
                                    [cache-control] => no-store, no-cache, must-revalidate
                                    [pragma] => no-cache
                                    [content-length] => 30
                                    [content-type] => text/html; charset=UTF-8
                                )

                        )

                    [Body] => Webhook processed successfully
                )

        )

)

2025-04-12T11:47:25+00:00 INFO Array
(
    [Webhook Delivery] => Array
        (
            [Delivery ID] => b01c0849c3bd26f05453a6450a230e26
            [Date] => Apr 12, 2025 @ 11:47
            [URL] => http://127.0.0.1/buzzjuice.net/streams/wow-pgb_webhook.php
            [Duration] => 0.24619
            [Request] => Array
                (
                    [Method] => POST
                    [Headers] => Array
                        (
                            [User-Agent] => WooCommerce/9.7.1 Hookshot (WordPress/6.7.2)
                            [Content-Type] => application/json
                            [X-WC-Webhook-Source] => https://127.0.0.1/buzzjuice.net/
                            [X-WC-Webhook-Topic] => order.updated
                            [X-WC-Webhook-Resource] => order
                            [X-WC-Webhook-Event] => updated
                            [X-WC-Webhook-Signature] => WX5yW+bE0u4j4CTdHqPa3zC64wTAOdRy7OJIsb4jSkk=
                            [X-WC-Webhook-ID] => 1
                            [X-WC-Webhook-Delivery-ID] => b01c0849c3bd26f05453a6450a230e26
                        )

                )

            [Body] => {\"id\":739,\"parent_id\":0,\"status\":\"pending\",\"currency\":\"GHS\",\"version\":\"9.7.1\",\"prices_include_tax\":false,\"date_created\":\"2025-04-12T11:46:38\",\"date_modified\":\"2025-04-12T11:47:20\",\"discount_total\":\"0.00\",\"discount_tax\":\"0.00\",\"shipping_total\":\"0.00\",\"shipping_tax\":\"0.00\",\"cart_tax\":\"0.00\",\"total\":\"243.00\",\"total_tax\":\"0.00\",\"customer_id\":0,\"order_key\":\"wc_order_U7oxQUJIkbIs9\",\"billing\":{\"first_name\":\"\",\"last_name\":\"\",\"company\":\"\",\"address_1\":\"\",\"address_2\":\"\",\"city\":\"\",\"state\":\"\",\"postcode\":\"\",\"country\":\"\",\"email\":\"cupidblack@yandex.com\",\"phone\":\"\"},\"shipping\":{\"first_name\":\"\",\"last_name\":\"\",\"company\":\"\",\"address_1\":\"\",\"address_2\":\"\",\"city\":\"\",\"state\":\"\",\"postcode\":\"\",\"country\":\"\",\"phone\":\"\"},\"payment_method\":\"paystack\",\"payment_method_title\":\"Debit\\/Credit Cards\",\"transaction_id\":\"\",\"customer_ip_address\":\"\",\"customer_user_agent\":\"\",\"created_via\":\"rest-api\",\"customer_note\":\"\",\"date_completed\":null,\"date_paid\":null,\"cart_hash\":\"\",\"number\":\"739\",\"meta_data\":[{\"id\":2300,\"key\":\"_paystack_txn_ref\",\"value\":\"739_1744458440\"},{\"id\":2296,\"key\":\"qdw_order_id\",\"value\":\"qdw_67fa529935505\"},{\"id\":2297,\"key\":\"userid\",\"value\":\"17\"}],\"line_items\":[{\"id\":7917,\"name\":\"Premium Social (Yearly)\",\"product_id\":694,\"variation_id\":0,\"quantity\":1,\"tax_class\":\"\",\"subtotal\":\"243.00\",\"subtotal_tax\":\"0.00\",\"total\":\"243.00\",\"total_tax\":\"0.00\",\"taxes\":[],\"meta_data\":[],\"sku\":\"wow-pgb_pro\",\"price\":243,\"image\":{\"id\":\"\",\"src\":\"\"},\"parent_name\":null}],\"tax_lines\":[],\"shipping_lines\":[],\"fee_lines\":[],\"coupon_lines\":[],\"refunds\":[],\"payment_url\":\"https:\\/\\/127.0.0.1\\/buzzjuice.net\\/checkout\\/order-pay\\/739\\/?pay_for_order=true&key=wc_order_U7oxQUJIkbIs9\",\"is_editable\":true,\"needs_payment\":true,\"needs_processing\":false,\"date_created_gmt\":\"2025-04-12T11:46:38\",\"date_modified_gmt\":\"2025-04-12T11:47:20\",\"date_completed_gmt\":null,\"date_paid_gmt\":null,\"currency_symbol\":\"\\u20b5\",\"_links\":{\"self\":[{\"href\":\"https:\\/\\/127.0.0.1\\/buzzjuice.net\\/wp-json\\/wc\\/v3\\/orders\\/739\",\"targetHints\":{\"allow\":[\"GET\",\"POST\",\"PUT\",\"PATCH\",\"DELETE\"]}}],\"collection\":[{\"href\":\"https:\\/\\/127.0.0.1\\/buzzjuice.net\\/wp-json\\/wc\\/v3\\/orders\"}]}}
            [Response] => Array
                (
                    [Code] => 200
                    [Message] => OK
                    [Headers] => WpOrg\Requests\Utility\CaseInsensitiveDictionary Object
                        (
                            [data:protected] => Array
                                (
                                    [date] => Sat, 12 Apr 2025 11:47:25 GMT
                                    [server] => Apache/2.4.58 (Win64) OpenSSL/3.1.3 PHP/8.2.12
                                    [x-powered-by] => PHP/8.2.12
                                    [set-cookie] => Array
                                        (
                                            [0] => PHPSESSID=l3hov5idam2pt62l912mfstgnb; path=/; HttpOnly
                                            [1] => ad-con=%7B%26quot%3Bdate%26quot%3B%3A%26quot%3B2025-04-12%26quot%3B%2C%26quot%3Bads%26quot%3B%3A%5B%5D%7D; expires=Tue, 10 Apr 2035 11:47:25 GMT; Max-Age=315360000
                                            [2] => ad-con=%7B%26quot%3Bdate%26quot%3B%3A%26quot%3B2025-04-12%26quot%3B%2C%26quot%3Bads%26quot%3B%3A%5B%5D%7D; expires=Tue, 10 Apr 2035 11:47:25 GMT; Max-Age=315360000
                                            [3] => _us=1744544845; expires=Tue, 10 Apr 2035 11:47:25 GMT; Max-Age=315360000
                                            [4] => _us=1744544845; expires=Tue, 10 Apr 2035 11:47:25 GMT; Max-Age=315360000
                                            [5] => mode=day; expires=Tue, 10 Apr 2035 11:47:25 GMT; Max-Age=315360000; path=/
                                        )

                                    [expires] => Thu, 19 Nov 1981 08:52:00 GMT
                                    [cache-control] => no-store, no-cache, must-revalidate
                                    [pragma] => no-cache
                                    [keep-alive] => timeout=100,max=500
                                    [content-length] => 30
                                    [content-type] => text/html; charset=UTF-8
                                )

                        )

                    [Body] => Webhook processed successfully
                )

        )

)

2025-04-12T11:51:52+00:00 INFO Array
(
    [Webhook Delivery] => Array
        (
            [Delivery ID] => ceb4cc3ac2c690ce5a43f748be933dca
            [Date] => Apr 12, 2025 @ 11:51
            [URL] => http://127.0.0.1/buzzjuice.net/social/qdwpgb_callback.php
            [Duration] => 1.67256
            [Request] => Array
                (
                    [Method] => POST
                    [Headers] => Array
                        (
                            [User-Agent] => WooCommerce/9.7.1 Hookshot (WordPress/6.7.2)
                            [Content-Type] => application/json
                            [X-WC-Webhook-Source] => https://127.0.0.1/buzzjuice.net/
                            [X-WC-Webhook-Topic] => order.updated
                            [X-WC-Webhook-Resource] => order
                            [X-WC-Webhook-Event] => updated
                            [X-WC-Webhook-Signature] => jXeddl2Yjdo7KubXsjr/RQMnhk+xG47E8qcuSo/bU1s=
                            [X-WC-Webhook-ID] => 2
                            [X-WC-Webhook-Delivery-ID] => ceb4cc3ac2c690ce5a43f748be933dca
                        )

                )

            [Body] => {\"id\":739,\"parent_id\":0,\"status\":\"completed\",\"currency\":\"GHS\",\"version\":\"9.7.1\",\"prices_include_tax\":false,\"date_created\":\"2025-04-12T11:46:38\",\"date_modified\":\"2025-04-12T11:47:49\",\"discount_total\":\"0.00\",\"discount_tax\":\"0.00\",\"shipping_total\":\"0.00\",\"shipping_tax\":\"0.00\",\"cart_tax\":\"0.00\",\"total\":\"243.00\",\"total_tax\":\"0.00\",\"customer_id\":0,\"order_key\":\"wc_order_U7oxQUJIkbIs9\",\"billing\":{\"first_name\":\"\",\"last_name\":\"\",\"company\":\"\",\"address_1\":\"\",\"address_2\":\"\",\"city\":\"\",\"state\":\"\",\"postcode\":\"\",\"country\":\"\",\"email\":\"cupidblack@yandex.com\",\"phone\":\"\"},\"shipping\":{\"first_name\":\"\",\"last_name\":\"\",\"company\":\"\",\"address_1\":\"\",\"address_2\":\"\",\"city\":\"\",\"state\":\"\",\"postcode\":\"\",\"country\":\"\",\"phone\":\"\"},\"payment_method\":\"paystack\",\"payment_method_title\":\"Debit\\/Credit Cards\",\"transaction_id\":\"739_1744458440\",\"customer_ip_address\":\"\",\"customer_user_agent\":\"\",\"created_via\":\"rest-api\",\"customer_note\":\"\",\"date_completed\":\"2025-04-12T11:47:40\",\"date_paid\":\"2025-04-12T11:47:40\",\"cart_hash\":\"\",\"number\":\"739\",\"meta_data\":[{\"id\":2300,\"key\":\"_paystack_txn_ref\",\"value\":\"739_1744458440\"},{\"id\":2302,\"key\":\"_woocs_order_base_currency\",\"value\":\"GHS\"},{\"id\":2303,\"key\":\"_woocs_order_currency_changed_mannualy\",\"value\":\"0\"},{\"id\":2301,\"key\":\"_woocs_order_rate\",\"value\":\"1\"},{\"id\":2296,\"key\":\"qdw_order_id\",\"value\":\"qdw_67fa529935505\"},{\"id\":2297,\"key\":\"userid\",\"value\":\"17\"}],\"line_items\":[{\"id\":7917,\"name\":\"Premium Social (Yearly)\",\"product_id\":694,\"variation_id\":0,\"quantity\":1,\"tax_class\":\"\",\"subtotal\":\"243.00\",\"subtotal_tax\":\"0.00\",\"total\":\"243.00\",\"total_tax\":\"0.00\",\"taxes\":[],\"meta_data\":[],\"sku\":\"wow-pgb_pro\",\"price\":243,\"image\":{\"id\":\"\",\"src\":\"\"},\"parent_name\":null}],\"tax_lines\":[],\"shipping_lines\":[],\"fee_lines\":[],\"coupon_lines\":[],\"refunds\":[],\"payment_url\":\"https:\\/\\/127.0.0.1\\/buzzjuice.net\\/checkout\\/order-pay\\/739\\/?pay_for_order=true&key=wc_order_U7oxQUJIkbIs9\",\"is_editable\":false,\"needs_payment\":false,\"needs_processing\":false,\"date_created_gmt\":\"2025-04-12T11:46:38\",\"date_modified_gmt\":\"2025-04-12T11:47:49\",\"date_completed_gmt\":\"2025-04-12T11:47:40\",\"date_paid_gmt\":\"2025-04-12T11:47:40\",\"currency_symbol\":\"\\u20b5\",\"_links\":{\"self\":[{\"href\":\"https:\\/\\/127.0.0.1\\/buzzjuice.net\\/wp-json\\/wc\\/v3\\/orders\\/739\",\"targetHints\":{\"allow\":[\"GET\",\"POST\",\"PUT\",\"PATCH\",\"DELETE\"]}}],\"collection\":[{\"href\":\"https:\\/\\/127.0.0.1\\/buzzjuice.net\\/wp-json\\/wc\\/v3\\/orders\"}]}}
            [Response] => Array
                (
                    [Code] => 200
                    [Message] => OK
                    [Headers] => WpOrg\Requests\Utility\CaseInsensitiveDictionary Object
                        (
                            [data:protected] => Array
                                (
                                    [date] => Sat, 12 Apr 2025 11:51:52 GMT
                                    [server] => Apache/2.4.58 (Win64) OpenSSL/3.1.3 PHP/8.2.12
                                    [x-powered-by] => PHP/8.2.12
                                    [access-control-allow-origin] => *
                                    [access-control-max-age] => 3600
                                    [access-control-allow-headers] => Content-Type, Access-Control-Allow-Headers, Authorization, X-Requested-With
                                    [set-cookie] => PHPSESSID=mtak2ln127cna94i5j6k3m7gn3; path=/
                                    [expires] => Thu, 19 Nov 1981 08:52:00 GMT
                                    [cache-control] => no-store, no-cache, must-revalidate
                                    [pragma] => no-cache
                                    [content-length] => 167
                                    [content-type] => text/html; charset=UTF-8
                                )

                        )

                    [Body] => <br />
<b>Warning</b>:  Undefined variable $price in <b>C:\weblink\buzzjuice.net\social\qdwpgb_callback.php</b> on line <b>157</b><br />
Webhook processed successfully
                )

        )

)

2025-04-12T11:51:53+00:00 INFO Array
(
    [Webhook Delivery] => Array
        (
            [Delivery ID] => 63ccf9d0e26942d7830e58fec10fadb7
            [Date] => Apr 12, 2025 @ 11:51
            [URL] => http://127.0.0.1/buzzjuice.net/streams/wow-pgb_webhook.php
            [Duration] => 0.96899
            [Request] => Array
                (
                    [Method] => POST
                    [Headers] => Array
                        (
                            [User-Agent] => WooCommerce/9.7.1 Hookshot (WordPress/6.7.2)
                            [Content-Type] => application/json
                            [X-WC-Webhook-Source] => https://127.0.0.1/buzzjuice.net/
                            [X-WC-Webhook-Topic] => order.updated
                            [X-WC-Webhook-Resource] => order
                            [X-WC-Webhook-Event] => updated
                            [X-WC-Webhook-Signature] => VNy3rpcMgxSlKvbMShorEQ2i/TijtNHtdguJGgU32P4=
                            [X-WC-Webhook-ID] => 1
                            [X-WC-Webhook-Delivery-ID] => 63ccf9d0e26942d7830e58fec10fadb7
                        )

                )

            [Body] => {\"id\":739,\"parent_id\":0,\"status\":\"completed\",\"currency\":\"GHS\",\"version\":\"9.7.1\",\"prices_include_tax\":false,\"date_created\":\"2025-04-12T11:46:38\",\"date_modified\":\"2025-04-12T11:47:49\",\"discount_total\":\"0.00\",\"discount_tax\":\"0.00\",\"shipping_total\":\"0.00\",\"shipping_tax\":\"0.00\",\"cart_tax\":\"0.00\",\"total\":\"243.00\",\"total_tax\":\"0.00\",\"customer_id\":0,\"order_key\":\"wc_order_U7oxQUJIkbIs9\",\"billing\":{\"first_name\":\"\",\"last_name\":\"\",\"company\":\"\",\"address_1\":\"\",\"address_2\":\"\",\"city\":\"\",\"state\":\"\",\"postcode\":\"\",\"country\":\"\",\"email\":\"cupidblack@yandex.com\",\"phone\":\"\"},\"shipping\":{\"first_name\":\"\",\"last_name\":\"\",\"company\":\"\",\"address_1\":\"\",\"address_2\":\"\",\"city\":\"\",\"state\":\"\",\"postcode\":\"\",\"country\":\"\",\"phone\":\"\"},\"payment_method\":\"paystack\",\"payment_method_title\":\"Debit\\/Credit Cards\",\"transaction_id\":\"739_1744458440\",\"customer_ip_address\":\"\",\"customer_user_agent\":\"\",\"created_via\":\"rest-api\",\"customer_note\":\"\",\"date_completed\":\"2025-04-12T11:47:40\",\"date_paid\":\"2025-04-12T11:47:40\",\"cart_hash\":\"\",\"number\":\"739\",\"meta_data\":[{\"id\":2300,\"key\":\"_paystack_txn_ref\",\"value\":\"739_1744458440\"},{\"id\":2302,\"key\":\"_woocs_order_base_currency\",\"value\":\"GHS\"},{\"id\":2303,\"key\":\"_woocs_order_currency_changed_mannualy\",\"value\":\"0\"},{\"id\":2301,\"key\":\"_woocs_order_rate\",\"value\":\"1\"},{\"id\":2296,\"key\":\"qdw_order_id\",\"value\":\"qdw_67fa529935505\"},{\"id\":2297,\"key\":\"userid\",\"value\":\"17\"}],\"line_items\":[{\"id\":7917,\"name\":\"Premium Social (Yearly)\",\"product_id\":694,\"variation_id\":0,\"quantity\":1,\"tax_class\":\"\",\"subtotal\":\"243.00\",\"subtotal_tax\":\"0.00\",\"total\":\"243.00\",\"total_tax\":\"0.00\",\"taxes\":[],\"meta_data\":[],\"sku\":\"wow-pgb_pro\",\"price\":243,\"image\":{\"id\":\"\",\"src\":\"\"},\"parent_name\":null}],\"tax_lines\":[],\"shipping_lines\":[],\"fee_lines\":[],\"coupon_lines\":[],\"refunds\":[],\"payment_url\":\"https:\\/\\/127.0.0.1\\/buzzjuice.net\\/checkout\\/order-pay\\/739\\/?pay_for_order=true&key=wc_order_U7oxQUJIkbIs9\",\"is_editable\":false,\"needs_payment\":false,\"needs_processing\":false,\"date_created_gmt\":\"2025-04-12T11:46:38\",\"date_modified_gmt\":\"2025-04-12T11:47:49\",\"date_completed_gmt\":\"2025-04-12T11:47:40\",\"date_paid_gmt\":\"2025-04-12T11:47:40\",\"currency_symbol\":\"\\u20b5\",\"_links\":{\"self\":[{\"href\":\"https:\\/\\/127.0.0.1\\/buzzjuice.net\\/wp-json\\/wc\\/v3\\/orders\\/739\",\"targetHints\":{\"allow\":[\"GET\",\"POST\",\"PUT\",\"PATCH\",\"DELETE\"]}}],\"collection\":[{\"href\":\"https:\\/\\/127.0.0.1\\/buzzjuice.net\\/wp-json\\/wc\\/v3\\/orders\"}]}}
            [Response] => Array
                (
                    [Code] => 200
                    [Message] => OK
                    [Headers] => WpOrg\Requests\Utility\CaseInsensitiveDictionary Object
                        (
                            [data:protected] => Array
                                (
                                    [date] => Sat, 12 Apr 2025 11:51:52 GMT
                                    [server] => Apache/2.4.58 (Win64) OpenSSL/3.1.3 PHP/8.2.12
                                    [x-powered-by] => PHP/8.2.12
                                    [set-cookie] => Array
                                        (
                                            [0] => PHPSESSID=edb6ok5qqi25nv7hv89es0o14f; path=/; HttpOnly
                                            [1] => ad-con=%7B%26quot%3Bdate%26quot%3B%3A%26quot%3B2025-04-12%26quot%3B%2C%26quot%3Bads%26quot%3B%3A%5B%5D%7D; expires=Tue, 10 Apr 2035 11:51:53 GMT; Max-Age=315360000
                                            [2] => ad-con=%7B%26quot%3Bdate%26quot%3B%3A%26quot%3B2025-04-12%26quot%3B%2C%26quot%3Bads%26quot%3B%3A%5B%5D%7D; expires=Tue, 10 Apr 2035 11:51:53 GMT; Max-Age=315360000
                                            [3] => _us=1744545113; expires=Tue, 10 Apr 2035 11:51:53 GMT; Max-Age=315360000
                                            [4] => _us=1744545113; expires=Tue, 10 Apr 2035 11:51:53 GMT; Max-Age=315360000
                                            [5] => mode=day; expires=Tue, 10 Apr 2035 11:51:53 GMT; Max-Age=315360000; path=/
                                        )

                                    [expires] => Thu, 19 Nov 1981 08:52:00 GMT
                                    [cache-control] => no-store, no-cache, must-revalidate
                                    [pragma] => no-cache
                                    [keep-alive] => timeout=100,max=500
                                    [content-length] => 30
                                    [content-type] => text/html; charset=UTF-8
                                )

                        )

                    [Body] => Webhook processed successfully
                )

        )

)

