2025-03-25T07:59:08+00:00 INFO Array
(
    [Webhook Delivery] => Array
        (
            [Delivery ID] => f99a7121172b7329a2974e084fc04f0a
            [Date] => Mar 25, 2025 @ 7:59
            [URL] => http://127.0.0.1/buzzjuice.net/streams/woo-pgb_webhook.php
            [Duration] => 0.84275
            [Request] => Array
                (
                    [Method] => POST
                    [Headers] => Array
                        (
                            [User-Agent] => WooCommerce/9.7.1 Hookshot (WordPress/6.7.2)
                            [Content-Type] => application/json
                            [X-WC-Webhook-Source] => http://127.0.0.1/buzzjuice.net/
                            [X-WC-Webhook-Topic] => order.updated
                            [X-WC-Webhook-Resource] => order
                            [X-WC-Webhook-Event] => updated
                            [X-WC-Webhook-Signature] => PxBDM/GRHHjLpzHexGF4SeNp9OpJ1f0wjrt+2ZtBcgA=
                            [X-WC-Webhook-ID] => 1
                            [X-WC-Webhook-Delivery-ID] => f99a7121172b7329a2974e084fc04f0a
                        )

                )

            [Body] => {\"id\":606,\"parent_id\":0,\"status\":\"checkout-draft\",\"currency\":\"GHS\",\"version\":\"9.7.1\",\"prices_include_tax\":false,\"date_created\":\"2025-03-24T22:50:56\",\"date_modified\":\"2025-03-25T01:34:34\",\"discount_total\":\"0.00\",\"discount_tax\":\"0.00\",\"shipping_total\":\"0.00\",\"shipping_tax\":\"0.00\",\"cart_tax\":\"0.00\",\"total\":\"63.00\",\"total_tax\":\"0.00\",\"customer_id\":0,\"order_key\":\"wc_order_uAUXaHbCH4q1C\",\"billing\":{\"first_name\":\"\",\"last_name\":\"\",\"company\":\"\",\"address_1\":\"\",\"address_2\":\"\",\"city\":\"\",\"state\":\"AA\",\"postcode\":\"\",\"country\":\"GH\",\"email\":\"\",\"phone\":\"\"},\"shipping\":{\"first_name\":\"\",\"last_name\":\"\",\"company\":\"\",\"address_1\":\"\",\"address_2\":\"\",\"city\":\"\",\"state\":\"AA\",\"postcode\":\"\",\"country\":\"GH\",\"phone\":\"\"},\"payment_method\":\"\",\"payment_method_title\":\"\",\"transaction_id\":\"\",\"customer_ip_address\":\"127.0.0.1\",\"customer_user_agent\":\"Mozilla\\/5.0 (Windows NT 10.0; Win64; x64) AppleWebKit\\/537.36 (KHTML, like Gecko) Chrome\\/132.0.0.0 Safari\\/537.36 OPR\\/117.0.0.0\",\"created_via\":\"store-api\",\"customer_note\":\"\",\"date_completed\":null,\"date_paid\":null,\"cart_hash\":\"3fe4640db3f0228f13eafe5f8859b6a6\",\"number\":\"606\",\"meta_data\":[{\"id\":677,\"key\":\"_coupons_hash\",\"value\":\"d751713988987e9331980363e24189ce\"},{\"id\":678,\"key\":\"_fees_hash\",\"value\":\"d751713988987e9331980363e24189ce\"},{\"id\":676,\"key\":\"_shipping_hash\",\"value\":\"9d4568c009d203ab10e33ea9953a0264\"},{\"id\":679,\"key\":\"_taxes_hash\",\"value\":\"d751713988987e9331980363e24189ce\"},{\"id\":680,\"key\":\"is_vat_exempt\",\"value\":\"no\"}],\"line_items\":[{\"id\":133,\"name\":\"Test Product\",\"product_id\":560,\"variation_id\":0,\"quantity\":1,\"tax_class\":\"\",\"subtotal\":\"12.00\",\"subtotal_tax\":\"0.00\",\"total\":\"12.00\",\"total_tax\":\"0.00\",\"taxes\":[],\"meta_data\":[],\"sku\":\"wowonder-digital-payment\",\"price\":12,\"image\":{\"id\":\"\",\"src\":\"\"},\"parent_name\":null},{\"id\":134,\"name\":\"Test Product\",\"product_id\":560,\"variation_id\":0,\"quantity\":1,\"tax_class\":\"\",\"subtotal\":\"15.00\",\"subtotal_tax\":\"0.00\",\"total\":\"15.00\",\"total_tax\":\"0.00\",\"taxes\":[],\"meta_data\":[],\"sku\":\"wowonder-digital-payment\",\"price\":15,\"image\":{\"id\":\"\",\"src\":\"\"},\"parent_name\":null},{\"id\":135,\"name\":\"Test Product\",\"product_id\":560,\"variation_id\":0,\"quantity\":1,\"tax_class\":\"\",\"subtotal\":\"3.00\",\"subtotal_tax\":\"0.00\",\"total\":\"3.00\",\"total_tax\":\"0.00\",\"taxes\":[],\"meta_data\":[],\"sku\":\"wowonder-digital-payment\",\"price\":3,\"image\":{\"id\":\"\",\"src\":\"\"},\"parent_name\":null},{\"id\":136,\"name\":\"Test Product\",\"product_id\":560,\"variation_id\":0,\"quantity\":1,\"tax_class\":\"\",\"subtotal\":\"6.00\",\"subtotal_tax\":\"0.00\",\"total\":\"6.00\",\"total_tax\":\"0.00\",\"taxes\":[],\"meta_data\":[],\"sku\":\"wowonder-digital-payment\",\"price\":6,\"image\":{\"id\":\"\",\"src\":\"\"},\"parent_name\":null},{\"id\":137,\"name\":\"Test Product\",\"product_id\":560,\"variation_id\":0,\"quantity\":1,\"tax_class\":\"\",\"subtotal\":\"9.00\",\"subtotal_tax\":\"0.00\",\"total\":\"9.00\",\"total_tax\":\"0.00\",\"taxes\":[],\"meta_data\":[],\"sku\":\"wowonder-digital-payment\",\"price\":9,\"image\":{\"id\":\"\",\"src\":\"\"},\"parent_name\":null},{\"id\":138,\"name\":\"Test Product\",\"product_id\":560,\"variation_id\":0,\"quantity\":1,\"tax_class\":\"\",\"subtotal\":\"18.00\",\"subtotal_tax\":\"0.00\",\"total\":\"18.00\",\"total_tax\":\"0.00\",\"taxes\":[],\"meta_data\":[],\"sku\":\"wowonder-digital-payment\",\"price\":18,\"image\":{\"id\":\"\",\"src\":\"\"},\"parent_name\":null}],\"tax_lines\":[],\"shipping_lines\":[],\"fee_lines\":[],\"coupon_lines\":[],\"refunds\":[],\"payment_url\":\"http:\\/\\/127.0.0.1\\/buzzjuice.net\\/checkout\\/order-pay\\/606\\/?pay_for_order=true&key=wc_order_uAUXaHbCH4q1C\",\"is_editable\":false,\"needs_payment\":true,\"needs_processing\":false,\"date_created_gmt\":\"2025-03-24T22:50:56\",\"date_modified_gmt\":\"2025-03-25T01:34:34\",\"date_completed_gmt\":null,\"date_paid_gmt\":null,\"currency_symbol\":\"\\u20b5\",\"_links\":{\"self\":[{\"href\":\"http:\\/\\/127.0.0.1\\/buzzjuice.net\\/wp-json\\/wc\\/v3\\/orders\\/606\",\"targetHints\":{\"allow\":[\"GET\",\"POST\",\"PUT\",\"PATCH\",\"DELETE\"]}}],\"collection\":[{\"href\":\"http:\\/\\/127.0.0.1\\/buzzjuice.net\\/wp-json\\/wc\\/v3\\/orders\"}]}}
            [Response] => Array
                (
                    [Code] => 200
                    [Message] => OK
                    [Headers] => WpOrg\Requests\Utility\CaseInsensitiveDictionary Object
                        (
                            [data:protected] => Array
                                (
                                    [date] => Tue, 25 Mar 2025 07:59:08 GMT
                                    [server] => Apache/2.4.58 (Win64) OpenSSL/3.1.3 PHP/8.2.12
                                    [x-powered-by] => PHP/8.2.12
                                    [set-cookie] => Array
                                        (
                                            [0] => PHPSESSID=p7sqe3t2nntcnt3ipvith0a5tp; path=/; HttpOnly
                                            [1] => ad-con=%7B%26quot%3Bdate%26quot%3B%3A%26quot%3B2025-03-25%26quot%3B%2C%26quot%3Bads%26quot%3B%3A%5B%5D%7D; expires=Fri, 23 Mar 2035 07:59:08 GMT; Max-Age=315360000
                                            [2] => ad-con=%7B%26quot%3Bdate%26quot%3B%3A%26quot%3B2025-03-25%26quot%3B%2C%26quot%3Bads%26quot%3B%3A%5B%5D%7D; expires=Fri, 23 Mar 2035 07:59:08 GMT; Max-Age=315360000
                                            [3] => _us=1742975948; expires=Fri, 23 Mar 2035 07:59:08 GMT; Max-Age=315360000
                                            [4] => _us=1742975948; expires=Fri, 23 Mar 2035 07:59:08 GMT; Max-Age=315360000
                                            [5] => mode=day; expires=Fri, 23 Mar 2035 07:59:08 GMT; Max-Age=315360000; path=/
                                        )

                                    [expires] => Thu, 19 Nov 1981 08:52:00 GMT
                                    [cache-control] => no-store, no-cache, must-revalidate
                                    [pragma] => no-cache
                                    [keep-alive] => timeout=100,max=500
                                    [content-length] => 32
                                    [content-type] => text/html; charset=UTF-8
                                )

                        )

                    [Body] => 
Webhook processed successfully
                )

        )

)

2025-03-25T09:36:58+00:00 INFO Array
(
    [Webhook Delivery] => Array
        (
            [Delivery ID] => a2647e4e373d0f5b52d642252d0d81f7
            [Date] => Mar 25, 2025 @ 9:36
            [URL] => http://127.0.0.1/buzzjuice.net/streams/woo-pgb_webhook.php
            [Duration] => 0.97537
            [Request] => Array
                (
                    [Method] => POST
                    [Headers] => Array
                        (
                            [User-Agent] => WooCommerce/9.7.1 Hookshot (WordPress/6.7.2)
                            [Content-Type] => application/json
                            [X-WC-Webhook-Source] => http://127.0.0.1/buzzjuice.net/
                            [X-WC-Webhook-Topic] => order.updated
                            [X-WC-Webhook-Resource] => order
                            [X-WC-Webhook-Event] => updated
                            [X-WC-Webhook-Signature] => lcNSJUoFUhXz0KTSM+WLwRd4uyLitqJBRqO/JN6d/88=
                            [X-WC-Webhook-ID] => 1
                            [X-WC-Webhook-Delivery-ID] => a2647e4e373d0f5b52d642252d0d81f7
                        )

                )

            [Body] => {\"id\":606,\"parent_id\":0,\"status\":\"checkout-draft\",\"currency\":\"GHS\",\"version\":\"9.7.1\",\"prices_include_tax\":false,\"date_created\":\"2025-03-24T22:50:56\",\"date_modified\":\"2025-03-25T09:34:31\",\"discount_total\":\"0.00\",\"discount_tax\":\"0.00\",\"shipping_total\":\"0.00\",\"shipping_tax\":\"0.00\",\"cart_tax\":\"0.00\",\"total\":\"566.00\",\"total_tax\":\"0.00\",\"customer_id\":0,\"order_key\":\"wc_order_uAUXaHbCH4q1C\",\"billing\":{\"first_name\":\"\",\"last_name\":\"\",\"company\":\"\",\"address_1\":\"\",\"address_2\":\"\",\"city\":\"\",\"state\":\"AA\",\"postcode\":\"\",\"country\":\"GH\",\"email\":\"\",\"phone\":\"\"},\"shipping\":{\"first_name\":\"\",\"last_name\":\"\",\"company\":\"\",\"address_1\":\"\",\"address_2\":\"\",\"city\":\"\",\"state\":\"AA\",\"postcode\":\"\",\"country\":\"GH\",\"phone\":\"\"},\"payment_method\":\"\",\"payment_method_title\":\"\",\"transaction_id\":\"\",\"customer_ip_address\":\"127.0.0.1\",\"customer_user_agent\":\"Mozilla\\/5.0 (Windows NT 10.0; Win64; x64) AppleWebKit\\/537.36 (KHTML, like Gecko) Chrome\\/132.0.0.0 Safari\\/537.36 OPR\\/117.0.0.0\",\"created_via\":\"store-api\",\"customer_note\":\"\",\"date_completed\":null,\"date_paid\":null,\"cart_hash\":\"096594b118dead07e30901e59d9b2344\",\"number\":\"606\",\"meta_data\":[{\"id\":677,\"key\":\"_coupons_hash\",\"value\":\"d751713988987e9331980363e24189ce\"},{\"id\":678,\"key\":\"_fees_hash\",\"value\":\"d751713988987e9331980363e24189ce\"},{\"id\":676,\"key\":\"_shipping_hash\",\"value\":\"9d4568c009d203ab10e33ea9953a0264\"},{\"id\":679,\"key\":\"_taxes_hash\",\"value\":\"d751713988987e9331980363e24189ce\"},{\"id\":680,\"key\":\"is_vat_exempt\",\"value\":\"no\"}],\"line_items\":[{\"id\":139,\"name\":\"Test Product\",\"product_id\":560,\"variation_id\":0,\"quantity\":1,\"tax_class\":\"\",\"subtotal\":\"12.00\",\"subtotal_tax\":\"0.00\",\"total\":\"12.00\",\"total_tax\":\"0.00\",\"taxes\":[],\"meta_data\":[],\"sku\":\"wowonder-digital-payment\",\"price\":12,\"image\":{\"id\":\"\",\"src\":\"\"},\"parent_name\":null},{\"id\":140,\"name\":\"Test Product\",\"product_id\":560,\"variation_id\":0,\"quantity\":1,\"tax_class\":\"\",\"subtotal\":\"15.00\",\"subtotal_tax\":\"0.00\",\"total\":\"15.00\",\"total_tax\":\"0.00\",\"taxes\":[],\"meta_data\":[],\"sku\":\"wowonder-digital-payment\",\"price\":15,\"image\":{\"id\":\"\",\"src\":\"\"},\"parent_name\":null},{\"id\":141,\"name\":\"Test Product\",\"product_id\":560,\"variation_id\":0,\"quantity\":1,\"tax_class\":\"\",\"subtotal\":\"3.00\",\"subtotal_tax\":\"0.00\",\"total\":\"3.00\",\"total_tax\":\"0.00\",\"taxes\":[],\"meta_data\":[],\"sku\":\"wowonder-digital-payment\",\"price\":3,\"image\":{\"id\":\"\",\"src\":\"\"},\"parent_name\":null},{\"id\":142,\"name\":\"Test Product\",\"product_id\":560,\"variation_id\":0,\"quantity\":1,\"tax_class\":\"\",\"subtotal\":\"6.00\",\"subtotal_tax\":\"0.00\",\"total\":\"6.00\",\"total_tax\":\"0.00\",\"taxes\":[],\"meta_data\":[],\"sku\":\"wowonder-digital-payment\",\"price\":6,\"image\":{\"id\":\"\",\"src\":\"\"},\"parent_name\":null},{\"id\":143,\"name\":\"Test Product\",\"product_id\":560,\"variation_id\":0,\"quantity\":1,\"tax_class\":\"\",\"subtotal\":\"9.00\",\"subtotal_tax\":\"0.00\",\"total\":\"9.00\",\"total_tax\":\"0.00\",\"taxes\":[],\"meta_data\":[],\"sku\":\"wowonder-digital-payment\",\"price\":9,\"image\":{\"id\":\"\",\"src\":\"\"},\"parent_name\":null},{\"id\":144,\"name\":\"Test Product\",\"product_id\":560,\"variation_id\":0,\"quantity\":1,\"tax_class\":\"\",\"subtotal\":\"18.00\",\"subtotal_tax\":\"0.00\",\"total\":\"18.00\",\"total_tax\":\"0.00\",\"taxes\":[],\"meta_data\":[],\"sku\":\"wowonder-digital-payment\",\"price\":18,\"image\":{\"id\":\"\",\"src\":\"\"},\"parent_name\":null},{\"id\":145,\"name\":\"RockStar\",\"product_id\":560,\"variation_id\":0,\"quantity\":1,\"tax_class\":\"\",\"subtotal\":\"104.00\",\"subtotal_tax\":\"0.00\",\"total\":\"104.00\",\"total_tax\":\"0.00\",\"taxes\":[],\"meta_data\":[],\"sku\":\"wowonder-digital-payment\",\"price\":104,\"image\":{\"id\":\"\",\"src\":\"\"},\"parent_name\":null},{\"id\":146,\"name\":\"Ultimate\",\"product_id\":560,\"variation_id\":0,\"quantity\":1,\"tax_class\":\"\",\"subtotal\":\"349.00\",\"subtotal_tax\":\"0.00\",\"total\":\"349.00\",\"total_tax\":\"0.00\",\"taxes\":[],\"meta_data\":[],\"sku\":\"wowonder-digital-payment\",\"price\":349,\"image\":{\"id\":\"\",\"src\":\"\"},\"parent_name\":null},{\"id\":147,\"name\":\"Classic\",\"product_id\":560,\"variation_id\":0,\"quantity\":1,\"tax_class\":\"\",\"subtotal\":\"29.00\",\"subtotal_tax\":\"0.00\",\"total\":\"29.00\",\"total_tax\":\"0.00\",\"taxes\":[],\"meta_data\":[],\"sku\":\"wowonder-digital-payment\",\"price\":29,\"image\":{\"id\":\"\",\"src\":\"\"},\"parent_name\":null},{\"id\":148,\"name\":\"Test Product\",\"product_id\":560,\"variation_id\":0,\"quantity\":1,\"tax_class\":\"\",\"subtotal\":\"21.00\",\"subtotal_tax\":\"0.00\",\"total\":\"21.00\",\"total_tax\":\"0.00\",\"taxes\":[],\"meta_data\":[],\"sku\":\"wowonder-digital-payment\",\"price\":21,\"image\":{\"id\":\"\",\"src\":\"\"},\"parent_name\":null}],\"tax_lines\":[],\"shipping_lines\":[],\"fee_lines\":[],\"coupon_lines\":[],\"refunds\":[],\"payment_url\":\"http:\\/\\/127.0.0.1\\/buzzjuice.net\\/checkout\\/order-pay\\/606\\/?pay_for_order=true&key=wc_order_uAUXaHbCH4q1C\",\"is_editable\":false,\"needs_payment\":true,\"needs_processing\":false,\"date_created_gmt\":\"2025-03-24T22:50:56\",\"date_modified_gmt\":\"2025-03-25T09:34:31\",\"date_completed_gmt\":null,\"date_paid_gmt\":null,\"currency_symbol\":\"\\u20b5\",\"_links\":{\"self\":[{\"href\":\"http:\\/\\/127.0.0.1\\/buzzjuice.net\\/wp-json\\/wc\\/v3\\/orders\\/606\",\"targetHints\":{\"allow\":[\"GET\",\"POST\",\"PUT\",\"PATCH\",\"DELETE\"]}}],\"collection\":[{\"href\":\"http:\\/\\/127.0.0.1\\/buzzjuice.net\\/wp-json\\/wc\\/v3\\/orders\"}]}}
            [Response] => Array
                (
                    [Code] => 200
                    [Message] => OK
                    [Headers] => WpOrg\Requests\Utility\CaseInsensitiveDictionary Object
                        (
                            [data:protected] => Array
                                (
                                    [date] => Tue, 25 Mar 2025 09:36:58 GMT
                                    [server] => Apache/2.4.58 (Win64) OpenSSL/3.1.3 PHP/8.2.12
                                    [x-powered-by] => PHP/8.2.12
                                    [set-cookie] => Array
                                        (
                                            [0] => PHPSESSID=splu8v3balr244gd2l9upjtm2j; path=/; HttpOnly
                                            [1] => ad-con=%7B%26quot%3Bdate%26quot%3B%3A%26quot%3B2025-03-25%26quot%3B%2C%26quot%3Bads%26quot%3B%3A%5B%5D%7D; expires=Fri, 23 Mar 2035 09:36:58 GMT; Max-Age=315360000
                                            [2] => ad-con=%7B%26quot%3Bdate%26quot%3B%3A%26quot%3B2025-03-25%26quot%3B%2C%26quot%3Bads%26quot%3B%3A%5B%5D%7D; expires=Fri, 23 Mar 2035 09:36:58 GMT; Max-Age=315360000
                                            [3] => _us=1742981818; expires=Fri, 23 Mar 2035 09:36:58 GMT; Max-Age=315360000
                                            [4] => _us=1742981818; expires=Fri, 23 Mar 2035 09:36:58 GMT; Max-Age=315360000
                                            [5] => mode=day; expires=Fri, 23 Mar 2035 09:36:58 GMT; Max-Age=315360000; path=/
                                        )

                                    [expires] => Thu, 19 Nov 1981 08:52:00 GMT
                                    [cache-control] => no-store, no-cache, must-revalidate
                                    [pragma] => no-cache
                                    [keep-alive] => timeout=100,max=500
                                    [content-length] => 32
                                    [content-type] => text/html; charset=UTF-8
                                )

                        )

                    [Body] => 
Webhook processed successfully
                )

        )

)

2025-03-25T15:48:02+00:00 INFO Array
(
    [Webhook Delivery] => Array
        (
            [Delivery ID] => 226952e78db165a5f4bb62e053f53991
            [Date] => Mar 25, 2025 @ 15:48
            [URL] => http://127.0.0.1/buzzjuice.net/streams/woo-pgb_webhook.php
            [Duration] => 0.8234
            [Request] => Array
                (
                    [Method] => POST
                    [Headers] => Array
                        (
                            [User-Agent] => WooCommerce/9.7.1 Hookshot (WordPress/6.7.2)
                            [Content-Type] => application/json
                            [X-WC-Webhook-Source] => http://127.0.0.1/buzzjuice.net/
                            [X-WC-Webhook-Topic] => order.updated
                            [X-WC-Webhook-Resource] => order
                            [X-WC-Webhook-Event] => updated
                            [X-WC-Webhook-Signature] => pkRb1qLCHKa+XPTzuQ00zTt/bzhvFGBN3e35A5+4xVY=
                            [X-WC-Webhook-ID] => 1
                            [X-WC-Webhook-Delivery-ID] => 226952e78db165a5f4bb62e053f53991
                        )

                )

            [Body] => {\"id\":606,\"parent_id\":0,\"status\":\"checkout-draft\",\"currency\":\"GHS\",\"version\":\"9.7.1\",\"prices_include_tax\":false,\"date_created\":\"2025-03-24T22:50:56\",\"date_modified\":\"2025-03-25T15:45:51\",\"discount_total\":\"0.00\",\"discount_tax\":\"0.00\",\"shipping_total\":\"0.00\",\"shipping_tax\":\"0.00\",\"cart_tax\":\"0.00\",\"total\":\"566.00\",\"total_tax\":\"0.00\",\"customer_id\":0,\"order_key\":\"wc_order_uAUXaHbCH4q1C\",\"billing\":{\"first_name\":\"\",\"last_name\":\"\",\"company\":\"\",\"address_1\":\"\",\"address_2\":\"\",\"city\":\"\",\"state\":\"AA\",\"postcode\":\"\",\"country\":\"GH\",\"email\":\"\",\"phone\":\"\"},\"shipping\":{\"first_name\":\"\",\"last_name\":\"\",\"company\":\"\",\"address_1\":\"\",\"address_2\":\"\",\"city\":\"\",\"state\":\"AA\",\"postcode\":\"\",\"country\":\"GH\",\"phone\":\"\"},\"payment_method\":\"\",\"payment_method_title\":\"\",\"transaction_id\":\"\",\"customer_ip_address\":\"127.0.0.1\",\"customer_user_agent\":\"Mozilla\\/5.0 (Windows NT 10.0; Win64; x64) AppleWebKit\\/537.36 (KHTML, like Gecko) Chrome\\/132.0.0.0 Safari\\/537.36 OPR\\/117.0.0.0\",\"created_via\":\"store-api\",\"customer_note\":\"\",\"date_completed\":null,\"date_paid\":null,\"cart_hash\":\"096594b118dead07e30901e59d9b2344\",\"number\":\"606\",\"meta_data\":[{\"id\":677,\"key\":\"_coupons_hash\",\"value\":\"d751713988987e9331980363e24189ce\"},{\"id\":678,\"key\":\"_fees_hash\",\"value\":\"d751713988987e9331980363e24189ce\"},{\"id\":676,\"key\":\"_shipping_hash\",\"value\":\"9d4568c009d203ab10e33ea9953a0264\"},{\"id\":679,\"key\":\"_taxes_hash\",\"value\":\"d751713988987e9331980363e24189ce\"},{\"id\":680,\"key\":\"is_vat_exempt\",\"value\":\"no\"}],\"line_items\":[{\"id\":139,\"name\":\"Test Product\",\"product_id\":560,\"variation_id\":0,\"quantity\":1,\"tax_class\":\"\",\"subtotal\":\"12.00\",\"subtotal_tax\":\"0.00\",\"total\":\"12.00\",\"total_tax\":\"0.00\",\"taxes\":[],\"meta_data\":[],\"sku\":\"wowonder-digital-payment\",\"price\":12,\"image\":{\"id\":\"\",\"src\":\"\"},\"parent_name\":null},{\"id\":140,\"name\":\"Test Product\",\"product_id\":560,\"variation_id\":0,\"quantity\":1,\"tax_class\":\"\",\"subtotal\":\"15.00\",\"subtotal_tax\":\"0.00\",\"total\":\"15.00\",\"total_tax\":\"0.00\",\"taxes\":[],\"meta_data\":[],\"sku\":\"wowonder-digital-payment\",\"price\":15,\"image\":{\"id\":\"\",\"src\":\"\"},\"parent_name\":null},{\"id\":141,\"name\":\"Test Product\",\"product_id\":560,\"variation_id\":0,\"quantity\":1,\"tax_class\":\"\",\"subtotal\":\"3.00\",\"subtotal_tax\":\"0.00\",\"total\":\"3.00\",\"total_tax\":\"0.00\",\"taxes\":[],\"meta_data\":[],\"sku\":\"wowonder-digital-payment\",\"price\":3,\"image\":{\"id\":\"\",\"src\":\"\"},\"parent_name\":null},{\"id\":142,\"name\":\"Test Product\",\"product_id\":560,\"variation_id\":0,\"quantity\":1,\"tax_class\":\"\",\"subtotal\":\"6.00\",\"subtotal_tax\":\"0.00\",\"total\":\"6.00\",\"total_tax\":\"0.00\",\"taxes\":[],\"meta_data\":[],\"sku\":\"wowonder-digital-payment\",\"price\":6,\"image\":{\"id\":\"\",\"src\":\"\"},\"parent_name\":null},{\"id\":143,\"name\":\"Test Product\",\"product_id\":560,\"variation_id\":0,\"quantity\":1,\"tax_class\":\"\",\"subtotal\":\"9.00\",\"subtotal_tax\":\"0.00\",\"total\":\"9.00\",\"total_tax\":\"0.00\",\"taxes\":[],\"meta_data\":[],\"sku\":\"wowonder-digital-payment\",\"price\":9,\"image\":{\"id\":\"\",\"src\":\"\"},\"parent_name\":null},{\"id\":144,\"name\":\"Test Product\",\"product_id\":560,\"variation_id\":0,\"quantity\":1,\"tax_class\":\"\",\"subtotal\":\"18.00\",\"subtotal_tax\":\"0.00\",\"total\":\"18.00\",\"total_tax\":\"0.00\",\"taxes\":[],\"meta_data\":[],\"sku\":\"wowonder-digital-payment\",\"price\":18,\"image\":{\"id\":\"\",\"src\":\"\"},\"parent_name\":null},{\"id\":145,\"name\":\"RockStar\",\"product_id\":560,\"variation_id\":0,\"quantity\":1,\"tax_class\":\"\",\"subtotal\":\"104.00\",\"subtotal_tax\":\"0.00\",\"total\":\"104.00\",\"total_tax\":\"0.00\",\"taxes\":[],\"meta_data\":[],\"sku\":\"wowonder-digital-payment\",\"price\":104,\"image\":{\"id\":\"\",\"src\":\"\"},\"parent_name\":null},{\"id\":146,\"name\":\"Ultimate\",\"product_id\":560,\"variation_id\":0,\"quantity\":1,\"tax_class\":\"\",\"subtotal\":\"349.00\",\"subtotal_tax\":\"0.00\",\"total\":\"349.00\",\"total_tax\":\"0.00\",\"taxes\":[],\"meta_data\":[],\"sku\":\"wowonder-digital-payment\",\"price\":349,\"image\":{\"id\":\"\",\"src\":\"\"},\"parent_name\":null},{\"id\":147,\"name\":\"Classic\",\"product_id\":560,\"variation_id\":0,\"quantity\":1,\"tax_class\":\"\",\"subtotal\":\"29.00\",\"subtotal_tax\":\"0.00\",\"total\":\"29.00\",\"total_tax\":\"0.00\",\"taxes\":[],\"meta_data\":[],\"sku\":\"wowonder-digital-payment\",\"price\":29,\"image\":{\"id\":\"\",\"src\":\"\"},\"parent_name\":null},{\"id\":148,\"name\":\"Test Product\",\"product_id\":560,\"variation_id\":0,\"quantity\":1,\"tax_class\":\"\",\"subtotal\":\"21.00\",\"subtotal_tax\":\"0.00\",\"total\":\"21.00\",\"total_tax\":\"0.00\",\"taxes\":[],\"meta_data\":[],\"sku\":\"wowonder-digital-payment\",\"price\":21,\"image\":{\"id\":\"\",\"src\":\"\"},\"parent_name\":null}],\"tax_lines\":[],\"shipping_lines\":[],\"fee_lines\":[],\"coupon_lines\":[],\"refunds\":[],\"payment_url\":\"http:\\/\\/127.0.0.1\\/buzzjuice.net\\/checkout\\/order-pay\\/606\\/?pay_for_order=true&key=wc_order_uAUXaHbCH4q1C\",\"is_editable\":false,\"needs_payment\":true,\"needs_processing\":false,\"date_created_gmt\":\"2025-03-24T22:50:56\",\"date_modified_gmt\":\"2025-03-25T15:45:51\",\"date_completed_gmt\":null,\"date_paid_gmt\":null,\"currency_symbol\":\"\\u20b5\",\"_links\":{\"self\":[{\"href\":\"http:\\/\\/127.0.0.1\\/buzzjuice.net\\/wp-json\\/wc\\/v3\\/orders\\/606\",\"targetHints\":{\"allow\":[\"GET\",\"POST\",\"PUT\",\"PATCH\",\"DELETE\"]}}],\"collection\":[{\"href\":\"http:\\/\\/127.0.0.1\\/buzzjuice.net\\/wp-json\\/wc\\/v3\\/orders\"}]}}
            [Response] => Array
                (
                    [Code] => 200
                    [Message] => OK
                    [Headers] => WpOrg\Requests\Utility\CaseInsensitiveDictionary Object
                        (
                            [data:protected] => Array
                                (
                                    [date] => Tue, 25 Mar 2025 15:48:02 GMT
                                    [server] => Apache/2.4.58 (Win64) OpenSSL/3.1.3 PHP/8.2.12
                                    [x-powered-by] => PHP/8.2.12
                                    [set-cookie] => Array
                                        (
                                            [0] => PHPSESSID=6qetfbp7v6jkt54v09mj7mj6oh; path=/; HttpOnly
                                            [1] => ad-con=%7B%26quot%3Bdate%26quot%3B%3A%26quot%3B2025-03-25%26quot%3B%2C%26quot%3Bads%26quot%3B%3A%5B%5D%7D; expires=Fri, 23 Mar 2035 15:48:02 GMT; Max-Age=315360000
                                            [2] => ad-con=%7B%26quot%3Bdate%26quot%3B%3A%26quot%3B2025-03-25%26quot%3B%2C%26quot%3Bads%26quot%3B%3A%5B%5D%7D; expires=Fri, 23 Mar 2035 15:48:02 GMT; Max-Age=315360000
                                            [3] => _us=1743004082; expires=Fri, 23 Mar 2035 15:48:02 GMT; Max-Age=315360000
                                            [4] => _us=1743004082; expires=Fri, 23 Mar 2035 15:48:02 GMT; Max-Age=315360000
                                            [5] => mode=day; expires=Fri, 23 Mar 2035 15:48:02 GMT; Max-Age=315360000; path=/
                                        )

                                    [expires] => Thu, 19 Nov 1981 08:52:00 GMT
                                    [cache-control] => no-store, no-cache, must-revalidate
                                    [pragma] => no-cache
                                    [keep-alive] => timeout=100,max=500
                                    [content-length] => 32
                                    [content-type] => text/html; charset=UTF-8
                                )

                        )

                    [Body] => 
Webhook processed successfully
                )

        )

)

2025-03-25T16:27:17+00:00 INFO Array
(
    [Webhook Delivery] => Array
        (
            [Delivery ID] => 474eccaa32e529061994283c782cd613
            [Date] => Mar 25, 2025 @ 16:27
            [URL] => http://127.0.0.1/buzzjuice.net/streams/woo-pgb_webhook.php
            [Duration] => 0.80968
            [Request] => Array
                (
                    [Method] => POST
                    [Headers] => Array
                        (
                            [User-Agent] => WooCommerce/9.7.1 Hookshot (WordPress/6.7.2)
                            [Content-Type] => application/json
                            [X-WC-Webhook-Source] => http://127.0.0.1/buzzjuice.net/
                            [X-WC-Webhook-Topic] => order.updated
                            [X-WC-Webhook-Resource] => order
                            [X-WC-Webhook-Event] => updated
                            [X-WC-Webhook-Signature] => II0Au/is1oU8mfkL312TDQfkMRpSAw0qiAj80MOYcUs=
                            [X-WC-Webhook-ID] => 1
                            [X-WC-Webhook-Delivery-ID] => 474eccaa32e529061994283c782cd613
                        )

                )

            [Body] => {\"id\":607,\"parent_id\":0,\"status\":\"checkout-draft\",\"currency\":\"GHS\",\"version\":\"9.7.1\",\"prices_include_tax\":false,\"date_created\":\"2025-03-25T16:25:51\",\"date_modified\":\"2025-03-25T16:25:52\",\"discount_total\":\"0.00\",\"discount_tax\":\"0.00\",\"shipping_total\":\"0.00\",\"shipping_tax\":\"0.00\",\"cart_tax\":\"0.00\",\"total\":\"8.00\",\"total_tax\":\"0.00\",\"customer_id\":0,\"order_key\":\"wc_order_1VvtX0zyRsVAo\",\"billing\":{\"first_name\":\"\",\"last_name\":\"\",\"company\":\"\",\"address_1\":\"\",\"address_2\":\"\",\"city\":\"\",\"state\":\"AA\",\"postcode\":\"\",\"country\":\"GH\",\"email\":\"\",\"phone\":\"\"},\"shipping\":{\"first_name\":\"\",\"last_name\":\"\",\"company\":\"\",\"address_1\":\"\",\"address_2\":\"\",\"city\":\"\",\"state\":\"AA\",\"postcode\":\"\",\"country\":\"GH\",\"phone\":\"\"},\"payment_method\":\"\",\"payment_method_title\":\"\",\"transaction_id\":\"\",\"customer_ip_address\":\"127.0.0.1\",\"customer_user_agent\":\"Mozilla\\/5.0 (Windows NT 10.0; Win64; x64) AppleWebKit\\/537.36 (KHTML, like Gecko) Chrome\\/132.0.0.0 Safari\\/537.36 OPR\\/117.0.0.0\",\"created_via\":\"store-api\",\"customer_note\":\"\",\"date_completed\":null,\"date_paid\":null,\"cart_hash\":\"468ffa3c59a9ac51836551a823658504\",\"number\":\"607\",\"meta_data\":[{\"id\":684,\"key\":\"_coupons_hash\",\"value\":\"d751713988987e9331980363e24189ce\"},{\"id\":685,\"key\":\"_fees_hash\",\"value\":\"d751713988987e9331980363e24189ce\"},{\"id\":683,\"key\":\"_shipping_hash\",\"value\":\"9d4568c009d203ab10e33ea9953a0264\"},{\"id\":686,\"key\":\"_taxes_hash\",\"value\":\"d751713988987e9331980363e24189ce\"},{\"id\":687,\"key\":\"is_vat_exempt\",\"value\":\"no\"}],\"line_items\":[{\"id\":149,\"name\":\"Oxford House\",\"product_id\":560,\"variation_id\":0,\"quantity\":1,\"tax_class\":\"\",\"subtotal\":\"8.00\",\"subtotal_tax\":\"0.00\",\"total\":\"8.00\",\"total_tax\":\"0.00\",\"taxes\":[],\"meta_data\":[],\"sku\":\"wowonder-digital-payment\",\"price\":8,\"image\":{\"id\":\"\",\"src\":\"\"},\"parent_name\":null}],\"tax_lines\":[],\"shipping_lines\":[],\"fee_lines\":[],\"coupon_lines\":[],\"refunds\":[],\"payment_url\":\"http:\\/\\/127.0.0.1\\/buzzjuice.net\\/checkout\\/order-pay\\/607\\/?pay_for_order=true&key=wc_order_1VvtX0zyRsVAo\",\"is_editable\":false,\"needs_payment\":true,\"needs_processing\":false,\"date_created_gmt\":\"2025-03-25T16:25:51\",\"date_modified_gmt\":\"2025-03-25T16:25:52\",\"date_completed_gmt\":null,\"date_paid_gmt\":null,\"currency_symbol\":\"\\u20b5\",\"_links\":{\"self\":[{\"href\":\"http:\\/\\/127.0.0.1\\/buzzjuice.net\\/wp-json\\/wc\\/v3\\/orders\\/607\",\"targetHints\":{\"allow\":[\"GET\",\"POST\",\"PUT\",\"PATCH\",\"DELETE\"]}}],\"collection\":[{\"href\":\"http:\\/\\/127.0.0.1\\/buzzjuice.net\\/wp-json\\/wc\\/v3\\/orders\"}]}}
            [Response] => Array
                (
                    [Code] => 200
                    [Message] => OK
                    [Headers] => WpOrg\Requests\Utility\CaseInsensitiveDictionary Object
                        (
                            [data:protected] => Array
                                (
                                    [date] => Tue, 25 Mar 2025 16:27:17 GMT
                                    [server] => Apache/2.4.58 (Win64) OpenSSL/3.1.3 PHP/8.2.12
                                    [x-powered-by] => PHP/8.2.12
                                    [set-cookie] => Array
                                        (
                                            [0] => PHPSESSID=oj0mv0oi7cotchan70qefvctk7; path=/; HttpOnly
                                            [1] => ad-con=%7B%26quot%3Bdate%26quot%3B%3A%26quot%3B2025-03-25%26quot%3B%2C%26quot%3Bads%26quot%3B%3A%5B%5D%7D; expires=Fri, 23 Mar 2035 16:27:17 GMT; Max-Age=315360000
                                            [2] => ad-con=%7B%26quot%3Bdate%26quot%3B%3A%26quot%3B2025-03-25%26quot%3B%2C%26quot%3Bads%26quot%3B%3A%5B%5D%7D; expires=Fri, 23 Mar 2035 16:27:17 GMT; Max-Age=315360000
                                            [3] => _us=1743006437; expires=Fri, 23 Mar 2035 16:27:17 GMT; Max-Age=315360000
                                            [4] => _us=1743006437; expires=Fri, 23 Mar 2035 16:27:17 GMT; Max-Age=315360000
                                            [5] => mode=day; expires=Fri, 23 Mar 2035 16:27:17 GMT; Max-Age=315360000; path=/
                                        )

                                    [expires] => Thu, 19 Nov 1981 08:52:00 GMT
                                    [cache-control] => no-store, no-cache, must-revalidate
                                    [pragma] => no-cache
                                    [keep-alive] => timeout=100,max=500
                                    [content-length] => 32
                                    [content-type] => text/html; charset=UTF-8
                                )

                        )

                    [Body] => 
Webhook processed successfully
                )

        )

)

2025-03-25T19:11:26+00:00 INFO Array
(
    [Webhook Delivery] => Array
        (
            [Delivery ID] => 32e3d6a651a9b60871716d02fa858cba
            [Date] => Mar 25, 2025 @ 19:11
            [URL] => http://127.0.0.1/buzzjuice.net/streams/woo-pgb_webhook.php
            [Duration] => 0.93332
            [Request] => Array
                (
                    [Method] => POST
                    [Headers] => Array
                        (
                            [User-Agent] => WooCommerce/9.7.1 Hookshot (WordPress/6.7.2)
                            [Content-Type] => application/json
                            [X-WC-Webhook-Source] => http://127.0.0.1/buzzjuice.net/
                            [X-WC-Webhook-Topic] => order.updated
                            [X-WC-Webhook-Resource] => order
                            [X-WC-Webhook-Event] => updated
                            [X-WC-Webhook-Signature] => ApF9YqRPF4InJvvy8czxJgiqiZWkidQbsZtwvTQnDws=
                            [X-WC-Webhook-ID] => 1
                            [X-WC-Webhook-Delivery-ID] => 32e3d6a651a9b60871716d02fa858cba
                        )

                )

            [Body] => {\"id\":607,\"parent_id\":0,\"status\":\"checkout-draft\",\"currency\":\"GHS\",\"version\":\"9.7.1\",\"prices_include_tax\":false,\"date_created\":\"2025-03-25T16:25:51\",\"date_modified\":\"2025-03-25T19:02:57\",\"discount_total\":\"0.00\",\"discount_tax\":\"0.00\",\"shipping_total\":\"0.00\",\"shipping_tax\":\"0.00\",\"cart_tax\":\"0.00\",\"total\":\"369.00\",\"total_tax\":\"0.00\",\"customer_id\":0,\"order_key\":\"wc_order_1VvtX0zyRsVAo\",\"billing\":{\"first_name\":\"\",\"last_name\":\"\",\"company\":\"\",\"address_1\":\"\",\"address_2\":\"\",\"city\":\"\",\"state\":\"AA\",\"postcode\":\"\",\"country\":\"GH\",\"email\":\"\",\"phone\":\"\"},\"shipping\":{\"first_name\":\"\",\"last_name\":\"\",\"company\":\"\",\"address_1\":\"\",\"address_2\":\"\",\"city\":\"\",\"state\":\"AA\",\"postcode\":\"\",\"country\":\"GH\",\"phone\":\"\"},\"payment_method\":\"\",\"payment_method_title\":\"\",\"transaction_id\":\"\",\"customer_ip_address\":\"127.0.0.1\",\"customer_user_agent\":\"Mozilla\\/5.0 (Windows NT 10.0; Win64; x64) AppleWebKit\\/537.36 (KHTML, like Gecko) Chrome\\/132.0.0.0 Safari\\/537.36 OPR\\/117.0.0.0\",\"created_via\":\"store-api\",\"customer_note\":\"\",\"date_completed\":null,\"date_paid\":null,\"cart_hash\":\"9e3eaf3cb66acf414f5aafa521778c7d\",\"number\":\"607\",\"meta_data\":[{\"id\":684,\"key\":\"_coupons_hash\",\"value\":\"d751713988987e9331980363e24189ce\"},{\"id\":685,\"key\":\"_fees_hash\",\"value\":\"d751713988987e9331980363e24189ce\"},{\"id\":683,\"key\":\"_shipping_hash\",\"value\":\"9d4568c009d203ab10e33ea9953a0264\"},{\"id\":686,\"key\":\"_taxes_hash\",\"value\":\"d751713988987e9331980363e24189ce\"},{\"id\":687,\"key\":\"is_vat_exempt\",\"value\":\"no\"}],\"line_items\":[{\"id\":150,\"name\":\"Oxford House\",\"product_id\":560,\"variation_id\":0,\"quantity\":1,\"tax_class\":\"\",\"subtotal\":\"8.00\",\"subtotal_tax\":\"0.00\",\"total\":\"8.00\",\"total_tax\":\"0.00\",\"taxes\":[],\"meta_data\":[],\"sku\":\"wowonder-digital-payment\",\"price\":8,\"image\":{\"id\":\"\",\"src\":\"\"},\"parent_name\":null},{\"id\":151,\"name\":\"Oxford House\",\"product_id\":560,\"variation_id\":0,\"quantity\":1,\"tax_class\":\"\",\"subtotal\":\"3.00\",\"subtotal_tax\":\"0.00\",\"total\":\"3.00\",\"total_tax\":\"0.00\",\"taxes\":[],\"meta_data\":[],\"sku\":\"wowonder-digital-payment\",\"price\":3,\"image\":{\"id\":\"\",\"src\":\"\"},\"parent_name\":null},{\"id\":152,\"name\":\"Oxford House\",\"product_id\":560,\"variation_id\":0,\"quantity\":1,\"tax_class\":\"\",\"subtotal\":\"2.00\",\"subtotal_tax\":\"0.00\",\"total\":\"2.00\",\"total_tax\":\"0.00\",\"taxes\":[],\"meta_data\":[],\"sku\":\"wowonder-digital-payment\",\"price\":2,\"image\":{\"id\":\"\",\"src\":\"\"},\"parent_name\":null},{\"id\":153,\"name\":\"Oxford House\",\"product_id\":560,\"variation_id\":0,\"quantity\":1,\"tax_class\":\"\",\"subtotal\":\"4.00\",\"subtotal_tax\":\"0.00\",\"total\":\"4.00\",\"total_tax\":\"0.00\",\"taxes\":[],\"meta_data\":[],\"sku\":\"wowonder-digital-payment\",\"price\":4,\"image\":{\"id\":\"\",\"src\":\"\"},\"parent_name\":null},{\"id\":154,\"name\":\"Oxford House\",\"product_id\":560,\"variation_id\":0,\"quantity\":1,\"tax_class\":\"\",\"subtotal\":\"97.00\",\"subtotal_tax\":\"0.00\",\"total\":\"97.00\",\"total_tax\":\"0.00\",\"taxes\":[],\"meta_data\":[],\"sku\":\"wowonder-digital-payment\",\"price\":97,\"image\":{\"id\":\"\",\"src\":\"\"},\"parent_name\":null},{\"id\":155,\"name\":\"Oxford House\",\"product_id\":560,\"variation_id\":0,\"quantity\":1,\"tax_class\":\"\",\"subtotal\":\"28.00\",\"subtotal_tax\":\"0.00\",\"total\":\"28.00\",\"total_tax\":\"0.00\",\"taxes\":[],\"meta_data\":[],\"sku\":\"wowonder-digital-payment\",\"price\":28,\"image\":{\"id\":\"\",\"src\":\"\"},\"parent_name\":null},{\"id\":156,\"name\":\"Oxford House\",\"product_id\":560,\"variation_id\":0,\"quantity\":1,\"tax_class\":\"\",\"subtotal\":\"32.00\",\"subtotal_tax\":\"0.00\",\"total\":\"32.00\",\"total_tax\":\"0.00\",\"taxes\":[],\"meta_data\":[],\"sku\":\"wowonder-digital-payment\",\"price\":32,\"image\":{\"id\":\"\",\"src\":\"\"},\"parent_name\":null},{\"id\":157,\"name\":\"Oxford House\",\"product_id\":560,\"variation_id\":0,\"quantity\":1,\"tax_class\":\"\",\"subtotal\":\"89.00\",\"subtotal_tax\":\"0.00\",\"total\":\"89.00\",\"total_tax\":\"0.00\",\"taxes\":[],\"meta_data\":[],\"sku\":\"wowonder-digital-payment\",\"price\":89,\"image\":{\"id\":\"\",\"src\":\"\"},\"parent_name\":null},{\"id\":158,\"name\":\"Oxford House\",\"product_id\":560,\"variation_id\":0,\"quantity\":1,\"tax_class\":\"\",\"subtotal\":\"34.00\",\"subtotal_tax\":\"0.00\",\"total\":\"34.00\",\"total_tax\":\"0.00\",\"taxes\":[],\"meta_data\":[],\"sku\":\"wowonder-digital-payment\",\"price\":34,\"image\":{\"id\":\"\",\"src\":\"\"},\"parent_name\":null},{\"id\":159,\"name\":\"Oxford House\",\"product_id\":560,\"variation_id\":0,\"quantity\":1,\"tax_class\":\"\",\"subtotal\":\"23.00\",\"subtotal_tax\":\"0.00\",\"total\":\"23.00\",\"total_tax\":\"0.00\",\"taxes\":[],\"meta_data\":[],\"sku\":\"wowonder-digital-payment\",\"price\":23,\"image\":{\"id\":\"\",\"src\":\"\"},\"parent_name\":null},{\"id\":160,\"name\":\"Oxford House\",\"product_id\":560,\"variation_id\":0,\"quantity\":1,\"tax_class\":\"\",\"subtotal\":\"27.00\",\"subtotal_tax\":\"0.00\",\"total\":\"27.00\",\"total_tax\":\"0.00\",\"taxes\":[],\"meta_data\":[],\"sku\":\"wowonder-digital-payment\",\"price\":27,\"image\":{\"id\":\"\",\"src\":\"\"},\"parent_name\":null},{\"id\":161,\"name\":\"Oxford House\",\"product_id\":560,\"variation_id\":0,\"quantity\":1,\"tax_class\":\"\",\"subtotal\":\"22.00\",\"subtotal_tax\":\"0.00\",\"total\":\"22.00\",\"total_tax\":\"0.00\",\"taxes\":[],\"meta_data\":[],\"sku\":\"wowonder-digital-payment\",\"price\":22,\"image\":{\"id\":\"\",\"src\":\"\"},\"parent_name\":null}],\"tax_lines\":[],\"shipping_lines\":[],\"fee_lines\":[],\"coupon_lines\":[],\"refunds\":[],\"payment_url\":\"http:\\/\\/127.0.0.1\\/buzzjuice.net\\/checkout\\/order-pay\\/607\\/?pay_for_order=true&key=wc_order_1VvtX0zyRsVAo\",\"is_editable\":false,\"needs_payment\":true,\"needs_processing\":false,\"date_created_gmt\":\"2025-03-25T16:25:51\",\"date_modified_gmt\":\"2025-03-25T19:02:57\",\"date_completed_gmt\":null,\"date_paid_gmt\":null,\"currency_symbol\":\"\\u20b5\",\"_links\":{\"self\":[{\"href\":\"http:\\/\\/127.0.0.1\\/buzzjuice.net\\/wp-json\\/wc\\/v3\\/orders\\/607\",\"targetHints\":{\"allow\":[\"GET\",\"POST\",\"PUT\",\"PATCH\",\"DELETE\"]}}],\"collection\":[{\"href\":\"http:\\/\\/127.0.0.1\\/buzzjuice.net\\/wp-json\\/wc\\/v3\\/orders\"}]}}
            [Response] => Array
                (
                    [Code] => 200
                    [Message] => OK
                    [Headers] => WpOrg\Requests\Utility\CaseInsensitiveDictionary Object
                        (
                            [data:protected] => Array
                                (
                                    [date] => Tue, 25 Mar 2025 19:11:26 GMT
                                    [server] => Apache/2.4.58 (Win64) OpenSSL/3.1.3 PHP/8.2.12
                                    [x-powered-by] => PHP/8.2.12
                                    [set-cookie] => Array
                                        (
                                            [0] => PHPSESSID=6r44k96tjt9alcr6ntsh2a4v3p; path=/; HttpOnly
                                            [1] => ad-con=%7B%26quot%3Bdate%26quot%3B%3A%26quot%3B2025-03-25%26quot%3B%2C%26quot%3Bads%26quot%3B%3A%5B%5D%7D; expires=Fri, 23 Mar 2035 19:11:26 GMT; Max-Age=315360000
                                            [2] => ad-con=%7B%26quot%3Bdate%26quot%3B%3A%26quot%3B2025-03-25%26quot%3B%2C%26quot%3Bads%26quot%3B%3A%5B%5D%7D; expires=Fri, 23 Mar 2035 19:11:26 GMT; Max-Age=315360000
                                            [3] => _us=1743016286; expires=Fri, 23 Mar 2035 19:11:26 GMT; Max-Age=315360000
                                            [4] => _us=1743016286; expires=Fri, 23 Mar 2035 19:11:26 GMT; Max-Age=315360000
                                            [5] => mode=day; expires=Fri, 23 Mar 2035 19:11:26 GMT; Max-Age=315360000; path=/
                                        )

                                    [expires] => Thu, 19 Nov 1981 08:52:00 GMT
                                    [cache-control] => no-store, no-cache, must-revalidate
                                    [pragma] => no-cache
                                    [keep-alive] => timeout=100,max=500
                                    [content-length] => 32
                                    [content-type] => text/html; charset=UTF-8
                                )

                        )

                    [Body] => 
Webhook processed successfully
                )

        )

)

