2025-04-04T11:37:26+00:00 INFO Array
(
    [Webhook Delivery] => Array
        (
            [Delivery ID] => 893c521ade49276a4089dfc1c5c623c6
            [Date] => Apr 4, 2025 @ 11:37
            [URL] => http://127.0.0.1/buzzjuice.net/streams/wow-pgb_webhook.php
            [Duration] => 2.0735
            [Request] => Array
                (
                    [Method] => POST
                    [Headers] => Array
                        (
                            [User-Agent] => WooCommerce/9.7.1 Hookshot (WordPress/6.7.2)
                            [Content-Type] => application/json
                            [X-WC-Webhook-Source] => http://127.0.0.1/buzzjuice.net/
                            [X-WC-Webhook-Topic] => order.updated
                            [X-WC-Webhook-Resource] => order
                            [X-WC-Webhook-Event] => updated
                            [X-WC-Webhook-Signature] => q/6lyKt24DGZtsSICblU+TIfipGRgxW4/DagoD+6aV0=
                            [X-WC-Webhook-ID] => 1
                            [X-WC-Webhook-Delivery-ID] => 893c521ade49276a4089dfc1c5c623c6
                        )

                )

            [Body] => {\"id\":699,\"parent_id\":0,\"status\":\"checkout-draft\",\"currency\":\"GHS\",\"version\":\"9.7.1\",\"prices_include_tax\":false,\"date_created\":\"2025-04-01T21:11:53\",\"date_modified\":\"2025-04-02T16:33:47\",\"discount_total\":\"0.00\",\"discount_tax\":\"0.00\",\"shipping_total\":\"0.00\",\"shipping_tax\":\"0.00\",\"cart_tax\":\"0.00\",\"total\":\"5.00\",\"total_tax\":\"0.00\",\"customer_id\":1,\"order_key\":\"wc_order_eTGEnQ89jLKlH\",\"billing\":{\"first_name\":\"Enka\",\"last_name\":\"BY\",\"company\":\"\",\"address_1\":\"DT801 SSNIT FLATS\",\"address_2\":\"\",\"city\":\"ACCRA\",\"state\":\"AA\",\"postcode\":\"\",\"country\":\"GH\",\"email\":\"admin@koware.org\",\"phone\":\"\"},\"shipping\":{\"first_name\":\"Enka\",\"last_name\":\"BY\",\"company\":\"\",\"address_1\":\"DT801 SSNIT FLATS\",\"address_2\":\"\",\"city\":\"ACCRA\",\"state\":\"AA\",\"postcode\":\"\",\"country\":\"GH\",\"phone\":\"\"},\"payment_method\":\"\",\"payment_method_title\":\"\",\"transaction_id\":\"\",\"customer_ip_address\":\"127.0.0.1\",\"customer_user_agent\":\"Mozilla\\/5.0 (Windows NT 10.0; Win64; x64) AppleWebKit\\/537.36 (KHTML, like Gecko) Chrome\\/132.0.0.0 Safari\\/537.36 OPR\\/117.0.0.0\",\"created_via\":\"store-api\",\"customer_note\":\"\",\"date_completed\":null,\"date_paid\":null,\"cart_hash\":\"688a7f96a93a4f56a46fd089d4c3ae39\",\"number\":\"699\",\"meta_data\":[{\"id\":2064,\"key\":\"_coupons_hash\",\"value\":\"d751713988987e9331980363e24189ce\"},{\"id\":2065,\"key\":\"_fees_hash\",\"value\":\"d751713988987e9331980363e24189ce\"},{\"id\":2063,\"key\":\"_shipping_hash\",\"value\":\"9d4568c009d203ab10e33ea9953a0264\"},{\"id\":2066,\"key\":\"_taxes_hash\",\"value\":\"d751713988987e9331980363e24189ce\"},{\"id\":2061,\"key\":\"_wow_order_id\",\"value\":\"wow_67ed66dca9d6a\"},{\"id\":2062,\"key\":\"_wow_post_id\",\"value\":\"1\"},{\"id\":2067,\"key\":\"is_vat_exempt\",\"value\":\"no\"}],\"line_items\":[{\"id\":7853,\"name\":\"Oxford House\",\"product_id\":693,\"variation_id\":0,\"quantity\":1,\"tax_class\":\"\",\"subtotal\":\"5.00\",\"subtotal_tax\":\"0.00\",\"total\":\"5.00\",\"total_tax\":\"0.00\",\"taxes\":[],\"meta_data\":[],\"sku\":\"wow-pgb_donate\",\"price\":5,\"image\":{\"id\":\"\",\"src\":\"\"},\"parent_name\":null}],\"tax_lines\":[],\"shipping_lines\":[],\"fee_lines\":[],\"coupon_lines\":[],\"refunds\":[],\"payment_url\":\"http:\\/\\/127.0.0.1\\/buzzjuice.net\\/checkout\\/order-pay\\/699\\/?pay_for_order=true&key=wc_order_eTGEnQ89jLKlH\",\"is_editable\":false,\"needs_payment\":true,\"needs_processing\":false,\"date_created_gmt\":\"2025-04-01T21:11:53\",\"date_modified_gmt\":\"2025-04-02T16:33:47\",\"date_completed_gmt\":null,\"date_paid_gmt\":null,\"currency_symbol\":\"\\u20b5\",\"_links\":{\"self\":[{\"href\":\"http:\\/\\/127.0.0.1\\/buzzjuice.net\\/wp-json\\/wc\\/v3\\/orders\\/699\",\"targetHints\":{\"allow\":[\"GET\",\"POST\",\"PUT\",\"PATCH\",\"DELETE\"]}}],\"collection\":[{\"href\":\"http:\\/\\/127.0.0.1\\/buzzjuice.net\\/wp-json\\/wc\\/v3\\/orders\"}],\"customer\":[{\"href\":\"http:\\/\\/127.0.0.1\\/buzzjuice.net\\/wp-json\\/wc\\/v3\\/customers\\/1\"}]}}
            [Response] => Array
                (
                    [Code] => 200
                    [Message] => OK
                    [Headers] => WpOrg\Requests\Utility\CaseInsensitiveDictionary Object
                        (
                            [data:protected] => Array
                                (
                                    [date] => Fri, 04 Apr 2025 11:37:25 GMT
                                    [server] => Apache/2.4.58 (Win64) OpenSSL/3.1.3 PHP/8.2.12
                                    [x-powered-by] => PHP/8.2.12
                                    [set-cookie] => Array
                                        (
                                            [0] => PHPSESSID=ah984tn83cu79n4a97hkgqltvc; path=/; HttpOnly
                                            [1] => ad-con=%7B%26quot%3Bdate%26quot%3B%3A%26quot%3B2025-04-04%26quot%3B%2C%26quot%3Bads%26quot%3B%3A%5B%5D%7D; expires=Mon, 02 Apr 2035 11:37:25 GMT; Max-Age=315360000
                                            [2] => ad-con=%7B%26quot%3Bdate%26quot%3B%3A%26quot%3B2025-04-04%26quot%3B%2C%26quot%3Bads%26quot%3B%3A%5B%5D%7D; expires=Mon, 02 Apr 2035 11:37:25 GMT; Max-Age=315360000
                                            [3] => _us=1743853045; expires=Mon, 02 Apr 2035 11:37:25 GMT; Max-Age=315360000
                                            [4] => _us=1743853045; expires=Mon, 02 Apr 2035 11:37:25 GMT; Max-Age=315360000
                                            [5] => mode=day; expires=Mon, 02 Apr 2035 11:37:25 GMT; Max-Age=315360000; path=/
                                        )

                                    [expires] => Thu, 19 Nov 1981 08:52:00 GMT
                                    [cache-control] => no-store, no-cache, must-revalidate
                                    [pragma] => no-cache
                                    [keep-alive] => timeout=100,max=500
                                    [content-length] => 30
                                    [content-type] => text/html; charset=UTF-8
                                )

                        )

                    [Body] => Webhook processed successfully
                )

        )

)

2025-04-04T16:25:55+00:00 INFO Array
(
    [Webhook Delivery] => Array
        (
            [Delivery ID] => 132b7221af89cba5f91d387e4bb82763
            [Date] => Apr 4, 2025 @ 16:25
            [URL] => http://127.0.0.1/buzzjuice.net/streams/wow-pgb_webhook.php
            [Duration] => 2.39097
            [Request] => Array
                (
                    [Method] => POST
                    [Headers] => Array
                        (
                            [User-Agent] => WooCommerce/9.7.1 Hookshot (WordPress/6.7.2)
                            [Content-Type] => application/json
                            [X-WC-Webhook-Source] => http://127.0.0.1/buzzjuice.net/
                            [X-WC-Webhook-Topic] => order.updated
                            [X-WC-Webhook-Resource] => order
                            [X-WC-Webhook-Event] => updated
                            [X-WC-Webhook-Signature] => gPKxHopuTESkfDNSDPyZ7uiFEGmtfjVl6zqwS+fanJs=
                            [X-WC-Webhook-ID] => 1
                            [X-WC-Webhook-Delivery-ID] => 132b7221af89cba5f91d387e4bb82763
                        )

                )

            [Body] => {\"id\":700,\"parent_id\":0,\"status\":\"checkout-draft\",\"currency\":\"GHS\",\"version\":\"9.7.1\",\"prices_include_tax\":false,\"date_created\":\"2025-04-04T16:24:59\",\"date_modified\":\"2025-04-04T16:24:59\",\"discount_total\":\"0.00\",\"discount_tax\":\"0.00\",\"shipping_total\":\"0.00\",\"shipping_tax\":\"0.00\",\"cart_tax\":\"0.00\",\"total\":\"50.00\",\"total_tax\":\"0.00\",\"customer_id\":1,\"order_key\":\"wc_order_qhgcPe3jfDH22\",\"billing\":{\"first_name\":\"Enka\",\"last_name\":\"BY\",\"company\":\"\",\"address_1\":\"DT801 SSNIT FLATS\",\"address_2\":\"\",\"city\":\"ACCRA\",\"state\":\"AA\",\"postcode\":\"\",\"country\":\"GH\",\"email\":\"admin@koware.org\",\"phone\":\"\"},\"shipping\":{\"first_name\":\"Enka\",\"last_name\":\"BY\",\"company\":\"\",\"address_1\":\"DT801 SSNIT FLATS\",\"address_2\":\"\",\"city\":\"ACCRA\",\"state\":\"AA\",\"postcode\":\"\",\"country\":\"GH\",\"phone\":\"\"},\"payment_method\":\"\",\"payment_method_title\":\"\",\"transaction_id\":\"\",\"customer_ip_address\":\"127.0.0.1\",\"customer_user_agent\":\"Mozilla\\/5.0 (Windows NT 10.0; Win64; x64) AppleWebKit\\/537.36 (KHTML, like Gecko) Chrome\\/132.0.0.0 Safari\\/537.36 OPR\\/117.0.0.0\",\"created_via\":\"store-api\",\"customer_note\":\"\",\"date_completed\":null,\"date_paid\":null,\"cart_hash\":\"765892514816bc66aea1a7304a2ca0d3\",\"number\":\"700\",\"meta_data\":[{\"id\":2073,\"key\":\"_coupons_hash\",\"value\":\"d751713988987e9331980363e24189ce\"},{\"id\":2074,\"key\":\"_fees_hash\",\"value\":\"d751713988987e9331980363e24189ce\"},{\"id\":2072,\"key\":\"_shipping_hash\",\"value\":\"9d4568c009d203ab10e33ea9953a0264\"},{\"id\":2075,\"key\":\"_taxes_hash\",\"value\":\"d751713988987e9331980363e24189ce\"},{\"id\":2070,\"key\":\"_wow_order_id\",\"value\":\"wow_67f007a82f7c0\"},{\"id\":2071,\"key\":\"_wow_post_id\",\"value\":\"1\"},{\"id\":2076,\"key\":\"is_vat_exempt\",\"value\":\"no\"}],\"line_items\":[{\"id\":7854,\"name\":\"Oxford House\",\"product_id\":693,\"variation_id\":0,\"quantity\":1,\"tax_class\":\"\",\"subtotal\":\"5.00\",\"subtotal_tax\":\"0.00\",\"total\":\"5.00\",\"total_tax\":\"0.00\",\"taxes\":[],\"meta_data\":[],\"sku\":\"wow-pgb_donate\",\"price\":5,\"image\":{\"id\":\"\",\"src\":\"\"},\"parent_name\":null},{\"id\":7855,\"name\":\"Oxford House\",\"product_id\":693,\"variation_id\":0,\"quantity\":1,\"tax_class\":\"\",\"subtotal\":\"45.00\",\"subtotal_tax\":\"0.00\",\"total\":\"45.00\",\"total_tax\":\"0.00\",\"taxes\":[],\"meta_data\":[],\"sku\":\"wow-pgb_donate\",\"price\":45,\"image\":{\"id\":\"\",\"src\":\"\"},\"parent_name\":null}],\"tax_lines\":[],\"shipping_lines\":[],\"fee_lines\":[],\"coupon_lines\":[],\"refunds\":[],\"payment_url\":\"http:\\/\\/127.0.0.1\\/buzzjuice.net\\/checkout\\/order-pay\\/700\\/?pay_for_order=true&key=wc_order_qhgcPe3jfDH22\",\"is_editable\":false,\"needs_payment\":true,\"needs_processing\":false,\"date_created_gmt\":\"2025-04-04T16:24:59\",\"date_modified_gmt\":\"2025-04-04T16:24:59\",\"date_completed_gmt\":null,\"date_paid_gmt\":null,\"currency_symbol\":\"\\u20b5\",\"_links\":{\"self\":[{\"href\":\"http:\\/\\/127.0.0.1\\/buzzjuice.net\\/wp-json\\/wc\\/v3\\/orders\\/700\",\"targetHints\":{\"allow\":[\"GET\",\"POST\",\"PUT\",\"PATCH\",\"DELETE\"]}}],\"collection\":[{\"href\":\"http:\\/\\/127.0.0.1\\/buzzjuice.net\\/wp-json\\/wc\\/v3\\/orders\"}],\"customer\":[{\"href\":\"http:\\/\\/127.0.0.1\\/buzzjuice.net\\/wp-json\\/wc\\/v3\\/customers\\/1\"}]}}
            [Response] => Array
                (
                    [Code] => 200
                    [Message] => OK
                    [Headers] => WpOrg\Requests\Utility\CaseInsensitiveDictionary Object
                        (
                            [data:protected] => Array
                                (
                                    [date] => Fri, 04 Apr 2025 16:25:55 GMT
                                    [server] => Apache/2.4.58 (Win64) OpenSSL/3.1.3 PHP/8.2.12
                                    [x-powered-by] => PHP/8.2.12
                                    [set-cookie] => Array
                                        (
                                            [0] => PHPSESSID=r9c744emm3ol59jdi3l25ebvkl; path=/; HttpOnly
                                            [1] => ad-con=%7B%26quot%3Bdate%26quot%3B%3A%26quot%3B2025-04-04%26quot%3B%2C%26quot%3Bads%26quot%3B%3A%5B%5D%7D; expires=Mon, 02 Apr 2035 16:25:55 GMT; Max-Age=315360000
                                            [2] => ad-con=%7B%26quot%3Bdate%26quot%3B%3A%26quot%3B2025-04-04%26quot%3B%2C%26quot%3Bads%26quot%3B%3A%5B%5D%7D; expires=Mon, 02 Apr 2035 16:25:55 GMT; Max-Age=315360000
                                            [3] => _us=1743870355; expires=Mon, 02 Apr 2035 16:25:55 GMT; Max-Age=315360000
                                            [4] => _us=1743870355; expires=Mon, 02 Apr 2035 16:25:55 GMT; Max-Age=315360000
                                            [5] => mode=day; expires=Mon, 02 Apr 2035 16:25:55 GMT; Max-Age=315360000; path=/
                                        )

                                    [expires] => Thu, 19 Nov 1981 08:52:00 GMT
                                    [cache-control] => no-store, no-cache, must-revalidate
                                    [pragma] => no-cache
                                    [keep-alive] => timeout=100,max=500
                                    [content-length] => 30
                                    [content-type] => text/html; charset=UTF-8
                                )

                        )

                    [Body] => Webhook processed successfully
                )

        )

)

