2025-05-14T09:22:00+00:00 INFO Array
(
    [Webhook Delivery] => Array
        (
            [Delivery ID] => 0aebce4f3089dffd9e2313691835b45d
            [Date] => May 14, 2025 @ 9:22
            [URL] => http://127.0.0.1/buzzjuice.net/social/qdwpgb_callback.php
            [Duration] => 1.40506
            [Request] => Array
                (
                    [Method] => POST
                    [Headers] => Array
                        (
                            [User-Agent] => WooCommerce/9.8.2 Hookshot (WordPress/6.7.2)
                            [Content-Type] => application/json
                            [X-WC-Webhook-Source] => http://127.0.0.1/buzzjuice.net/
                            [X-WC-Webhook-Topic] => order.updated
                            [X-WC-Webhook-Resource] => order
                            [X-WC-Webhook-Event] => updated
                            [X-WC-Webhook-Signature] => bMt1A0Nnb175nIbj8K6cIBAvZlU17Au51nPddpbJgPk=
                            [X-WC-Webhook-ID] => 2
                            [X-WC-Webhook-Delivery-ID] => 0aebce4f3089dffd9e2313691835b45d
                        )

                )

            [Body] => {\"id\":1967,\"parent_id\":0,\"status\":\"pending\",\"currency\":\"GHS\",\"version\":\"9.8.2\",\"prices_include_tax\":false,\"date_created\":\"2025-05-14T09:21:21\",\"date_modified\":\"2025-05-14T09:21:22\",\"discount_total\":\"0.00\",\"discount_tax\":\"0.00\",\"shipping_total\":\"0.00\",\"shipping_tax\":\"0.00\",\"cart_tax\":\"0.00\",\"total\":\"30.00\",\"total_tax\":\"0.00\",\"customer_id\":0,\"order_key\":\"wc_order_uqS7bTaT7cjLq\",\"billing\":{\"first_name\":\"\",\"last_name\":\"\",\"company\":\"\",\"address_1\":\"\",\"address_2\":\"\",\"city\":\"\",\"state\":\"\",\"postcode\":\"\",\"country\":\"\",\"email\":\"\",\"phone\":\"\"},\"shipping\":{\"first_name\":\"\",\"last_name\":\"\",\"company\":\"\",\"address_1\":\"\",\"address_2\":\"\",\"city\":\"\",\"state\":\"\",\"postcode\":\"\",\"country\":\"\",\"phone\":\"\"},\"payment_method\":\"\",\"payment_method_title\":\"\",\"transaction_id\":\"\",\"customer_ip_address\":\"\",\"customer_user_agent\":\"\",\"created_via\":\"subscription\",\"customer_note\":\"\",\"date_completed\":null,\"date_paid\":null,\"cart_hash\":\"\",\"number\":\"1967\",\"meta_data\":[{\"id\":6509,\"key\":\"_subscription_renewal\",\"value\":\"1962\"}],\"line_items\":[{\"id\":8297,\"name\":\"WoWPGB-Pro\",\"product_id\":694,\"variation_id\":0,\"quantity\":1,\"tax_class\":\"\",\"subtotal\":\"30.00\",\"subtotal_tax\":\"0.00\",\"total\":\"30.00\",\"total_tax\":\"0.00\",\"taxes\":[],\"meta_data\":[],\"sku\":\"wow-pgb_pro\",\"price\":30,\"image\":{\"id\":\"\",\"src\":\"\"},\"parent_name\":null}],\"tax_lines\":[],\"shipping_lines\":[],\"fee_lines\":[],\"coupon_lines\":[],\"refunds\":[],\"payment_url\":\"http:\\/\\/127.0.0.1\\/buzzjuice.net\\/checkout\\/order-pay\\/1967\\/?pay_for_order=true&key=wc_order_uqS7bTaT7cjLq&subscription_renewal=true\",\"is_editable\":true,\"needs_payment\":true,\"needs_processing\":true,\"date_created_gmt\":\"2025-05-14T09:21:21\",\"date_modified_gmt\":\"2025-05-14T09:21:22\",\"date_completed_gmt\":null,\"date_paid_gmt\":null,\"currency_symbol\":\"\\u20b5\",\"_links\":{\"self\":[{\"href\":\"http:\\/\\/127.0.0.1\\/buzzjuice.net\\/wp-json\\/wc\\/v3\\/orders\\/1967\",\"targetHints\":{\"allow\":[\"GET\",\"POST\",\"PUT\",\"PATCH\",\"DELETE\"]}}],\"collection\":[{\"href\":\"http:\\/\\/127.0.0.1\\/buzzjuice.net\\/wp-json\\/wc\\/v3\\/orders\"}],\"email_templates\":[{\"embeddable\":true,\"href\":\"http:\\/\\/127.0.0.1\\/buzzjuice.net\\/wp-json\\/wc\\/v3\\/orders\\/1967\\/actions\\/email_templates\"}]}}
            [Response] => Array
                (
                    [Code] => 400
                    [Message] => Bad Request
                    [Headers] => WpOrg\Requests\Utility\CaseInsensitiveDictionary Object
                        (
                            [data:protected] => Array
                                (
                                    [date] => Wed, 14 May 2025 09:22:00 GMT
                                    [server] => Apache/2.4.58 (Win64) OpenSSL/3.1.3 PHP/8.2.12
                                    [x-powered-by] => PHP/8.2.12
                                    [access-control-allow-origin] => *
                                    [access-control-max-age] => 3600
                                    [access-control-allow-headers] => Content-Type, Access-Control-Allow-Headers, Authorization, X-Requested-With
                                    [set-cookie] => PHPSESSID=vo42e4p3tv11v7sb4t2emlf39p; path=/
                                    [expires] => Thu, 19 Nov 1981 08:52:00 GMT
                                    [cache-control] => no-store, no-cache, must-revalidate
                                    [pragma] => no-cache
                                    [content-length] => 16
                                    [content-type] => text/html; charset=UTF-8
                                )

                        )

                    [Body] => Order ID missing
                )

        )

)

2025-05-14T09:22:00+00:00 INFO Array
(
    [Webhook Delivery] => Array
        (
            [Delivery ID] => 5f8534b87f5ae7bdb5a11195a6fb7554
            [Date] => May 14, 2025 @ 9:22
            [URL] => http://127.0.0.1/buzzjuice.net/streams/wow-pgb_webhook.php
            [Duration] => 0.14944
            [Request] => Array
                (
                    [Method] => POST
                    [Headers] => Array
                        (
                            [User-Agent] => WooCommerce/9.8.2 Hookshot (WordPress/6.7.2)
                            [Content-Type] => application/json
                            [X-WC-Webhook-Source] => http://127.0.0.1/buzzjuice.net/
                            [X-WC-Webhook-Topic] => order.updated
                            [X-WC-Webhook-Resource] => order
                            [X-WC-Webhook-Event] => updated
                            [X-WC-Webhook-Signature] => U86NGihkz3iDuNNbEqgzxI5pjZ3CZ3Cza/QY4+VQtes=
                            [X-WC-Webhook-ID] => 1
                            [X-WC-Webhook-Delivery-ID] => 5f8534b87f5ae7bdb5a11195a6fb7554
                        )

                )

            [Body] => {\"id\":1967,\"parent_id\":0,\"status\":\"pending\",\"currency\":\"GHS\",\"version\":\"9.8.2\",\"prices_include_tax\":false,\"date_created\":\"2025-05-14T09:21:21\",\"date_modified\":\"2025-05-14T09:21:22\",\"discount_total\":\"0.00\",\"discount_tax\":\"0.00\",\"shipping_total\":\"0.00\",\"shipping_tax\":\"0.00\",\"cart_tax\":\"0.00\",\"total\":\"30.00\",\"total_tax\":\"0.00\",\"customer_id\":0,\"order_key\":\"wc_order_uqS7bTaT7cjLq\",\"billing\":{\"first_name\":\"\",\"last_name\":\"\",\"company\":\"\",\"address_1\":\"\",\"address_2\":\"\",\"city\":\"\",\"state\":\"\",\"postcode\":\"\",\"country\":\"\",\"email\":\"\",\"phone\":\"\"},\"shipping\":{\"first_name\":\"\",\"last_name\":\"\",\"company\":\"\",\"address_1\":\"\",\"address_2\":\"\",\"city\":\"\",\"state\":\"\",\"postcode\":\"\",\"country\":\"\",\"phone\":\"\"},\"payment_method\":\"\",\"payment_method_title\":\"\",\"transaction_id\":\"\",\"customer_ip_address\":\"\",\"customer_user_agent\":\"\",\"created_via\":\"subscription\",\"customer_note\":\"\",\"date_completed\":null,\"date_paid\":null,\"cart_hash\":\"\",\"number\":\"1967\",\"meta_data\":[{\"id\":6509,\"key\":\"_subscription_renewal\",\"value\":\"1962\"}],\"line_items\":[{\"id\":8297,\"name\":\"WoWPGB-Pro\",\"product_id\":694,\"variation_id\":0,\"quantity\":1,\"tax_class\":\"\",\"subtotal\":\"30.00\",\"subtotal_tax\":\"0.00\",\"total\":\"30.00\",\"total_tax\":\"0.00\",\"taxes\":[],\"meta_data\":[],\"sku\":\"wow-pgb_pro\",\"price\":30,\"image\":{\"id\":\"\",\"src\":\"\"},\"parent_name\":null}],\"tax_lines\":[],\"shipping_lines\":[],\"fee_lines\":[],\"coupon_lines\":[],\"refunds\":[],\"payment_url\":\"http:\\/\\/127.0.0.1\\/buzzjuice.net\\/checkout\\/order-pay\\/1967\\/?pay_for_order=true&key=wc_order_uqS7bTaT7cjLq&subscription_renewal=true\",\"is_editable\":true,\"needs_payment\":true,\"needs_processing\":true,\"date_created_gmt\":\"2025-05-14T09:21:21\",\"date_modified_gmt\":\"2025-05-14T09:21:22\",\"date_completed_gmt\":null,\"date_paid_gmt\":null,\"currency_symbol\":\"\\u20b5\",\"_links\":{\"self\":[{\"href\":\"http:\\/\\/127.0.0.1\\/buzzjuice.net\\/wp-json\\/wc\\/v3\\/orders\\/1967\",\"targetHints\":{\"allow\":[\"GET\",\"POST\",\"PUT\",\"PATCH\",\"DELETE\"]}}],\"collection\":[{\"href\":\"http:\\/\\/127.0.0.1\\/buzzjuice.net\\/wp-json\\/wc\\/v3\\/orders\"}],\"email_templates\":[{\"embeddable\":true,\"href\":\"http:\\/\\/127.0.0.1\\/buzzjuice.net\\/wp-json\\/wc\\/v3\\/orders\\/1967\\/actions\\/email_templates\"}]}}
            [Response] => Array
                (
                    [Code] => 200
                    [Message] => OK
                    [Headers] => WpOrg\Requests\Utility\CaseInsensitiveDictionary Object
                        (
                            [data:protected] => Array
                                (
                                    [date] => Wed, 14 May 2025 09:22:00 GMT
                                    [server] => Apache/2.4.58 (Win64) OpenSSL/3.1.3 PHP/8.2.12
                                    [x-powered-by] => PHP/8.2.12
                                    [set-cookie] => Array
                                        (
                                            [0] => PHPSESSID=dl6nd4chgl40ihhgcvt65uuenl; path=/; HttpOnly
                                            [1] => ad-con=%7B%26quot%3Bdate%26quot%3B%3A%26quot%3B2025-05-14%26quot%3B%2C%26quot%3Bads%26quot%3B%3A%5B%5D%7D; expires=Sat, 12 May 2035 09:22:00 GMT; Max-Age=315360000
                                            [2] => ad-con=%7B%26quot%3Bdate%26quot%3B%3A%26quot%3B2025-05-14%26quot%3B%2C%26quot%3Bads%26quot%3B%3A%5B%5D%7D; expires=Sat, 12 May 2035 09:22:00 GMT; Max-Age=315360000
                                            [3] => _us=1747300920; expires=Sat, 12 May 2035 09:22:00 GMT; Max-Age=315360000
                                            [4] => _us=1747300920; expires=Sat, 12 May 2035 09:22:00 GMT; Max-Age=315360000
                                            [5] => mode=day; expires=Sat, 12 May 2035 09:22:00 GMT; Max-Age=315360000; path=/
                                        )

                                    [expires] => Thu, 19 Nov 1981 08:52:00 GMT
                                    [cache-control] => no-store, no-cache, must-revalidate
                                    [pragma] => no-cache
                                    [keep-alive] => timeout=100,max=500
                                    [content-length] => 0
                                    [content-type] => text/html; charset=UTF-8
                                )

                        )

                    [Body] => 
                )

        )

)

2025-05-14T09:33:28+00:00 INFO Array
(
    [Webhook Delivery] => Array
        (
            [Delivery ID] => f1e2bdce97f564f24df5f0770f395c4f
            [Date] => May 14, 2025 @ 9:33
            [URL] => http://127.0.0.1/buzzjuice.net/social/qdwpgb_callback.php
            [Duration] => 1.10402
            [Request] => Array
                (
                    [Method] => POST
                    [Headers] => Array
                        (
                            [User-Agent] => WooCommerce/9.8.2 Hookshot (WordPress/6.7.2)
                            [Content-Type] => application/json
                            [X-WC-Webhook-Source] => http://127.0.0.1/buzzjuice.net/
                            [X-WC-Webhook-Topic] => order.updated
                            [X-WC-Webhook-Resource] => order
                            [X-WC-Webhook-Event] => updated
                            [X-WC-Webhook-Signature] => yuGnlULbVWUlBPebdCr2iIvFg+L75cX2TO/izOwCW78=
                            [X-WC-Webhook-ID] => 2
                            [X-WC-Webhook-Delivery-ID] => f1e2bdce97f564f24df5f0770f395c4f
                        )

                )

            [Body] => {\"id\":1967,\"parent_id\":0,\"status\":\"pending\",\"currency\":\"GHS\",\"version\":\"9.8.2\",\"prices_include_tax\":false,\"date_created\":\"2025-05-14T09:32:18\",\"date_modified\":\"2025-05-14T09:32:18\",\"discount_total\":\"0.00\",\"discount_tax\":\"0.00\",\"shipping_total\":\"0.00\",\"shipping_tax\":\"0.00\",\"cart_tax\":\"0.00\",\"total\":\"30.00\",\"total_tax\":\"0.00\",\"customer_id\":0,\"order_key\":\"wc_order_nietge9b4yCzf\",\"billing\":{\"first_name\":\"\",\"last_name\":\"\",\"company\":\"\",\"address_1\":\"\",\"address_2\":\"\",\"city\":\"\",\"state\":\"\",\"postcode\":\"\",\"country\":\"\",\"email\":\"\",\"phone\":\"\"},\"shipping\":{\"first_name\":\"\",\"last_name\":\"\",\"company\":\"\",\"address_1\":\"\",\"address_2\":\"\",\"city\":\"\",\"state\":\"\",\"postcode\":\"\",\"country\":\"\",\"phone\":\"\"},\"payment_method\":\"\",\"payment_method_title\":\"\",\"transaction_id\":\"\",\"customer_ip_address\":\"\",\"customer_user_agent\":\"\",\"created_via\":\"subscription\",\"customer_note\":\"\",\"date_completed\":null,\"date_paid\":null,\"cart_hash\":\"\",\"number\":\"1967\",\"meta_data\":[{\"id\":6509,\"key\":\"_subscription_renewal\",\"value\":\"1962\"}],\"line_items\":[{\"id\":8297,\"name\":\"WoWPGB-Pro\",\"product_id\":694,\"variation_id\":0,\"quantity\":1,\"tax_class\":\"\",\"subtotal\":\"30.00\",\"subtotal_tax\":\"0.00\",\"total\":\"30.00\",\"total_tax\":\"0.00\",\"taxes\":[],\"meta_data\":[],\"sku\":\"wow-pgb_pro\",\"price\":30,\"image\":{\"id\":\"\",\"src\":\"\"},\"parent_name\":null}],\"tax_lines\":[],\"shipping_lines\":[],\"fee_lines\":[],\"coupon_lines\":[],\"refunds\":[],\"payment_url\":\"http:\\/\\/127.0.0.1\\/buzzjuice.net\\/checkout\\/order-pay\\/1967\\/?pay_for_order=true&key=wc_order_nietge9b4yCzf&subscription_renewal=true\",\"is_editable\":true,\"needs_payment\":true,\"needs_processing\":true,\"date_created_gmt\":\"2025-05-14T09:32:18\",\"date_modified_gmt\":\"2025-05-14T09:32:18\",\"date_completed_gmt\":null,\"date_paid_gmt\":null,\"currency_symbol\":\"\\u20b5\",\"_links\":{\"self\":[{\"href\":\"http:\\/\\/127.0.0.1\\/buzzjuice.net\\/wp-json\\/wc\\/v3\\/orders\\/1967\",\"targetHints\":{\"allow\":[\"GET\",\"POST\",\"PUT\",\"PATCH\",\"DELETE\"]}}],\"collection\":[{\"href\":\"http:\\/\\/127.0.0.1\\/buzzjuice.net\\/wp-json\\/wc\\/v3\\/orders\"}],\"email_templates\":[{\"embeddable\":true,\"href\":\"http:\\/\\/127.0.0.1\\/buzzjuice.net\\/wp-json\\/wc\\/v3\\/orders\\/1967\\/actions\\/email_templates\"}]}}
            [Response] => Array
                (
                    [Code] => 200
                    [Message] => OK
                    [Headers] => WpOrg\Requests\Utility\CaseInsensitiveDictionary Object
                        (
                            [data:protected] => Array
                                (
                                    [date] => Wed, 14 May 2025 09:33:28 GMT
                                    [server] => Apache/2.4.58 (Win64) OpenSSL/3.1.3 PHP/8.2.12
                                    [x-powered-by] => PHP/8.2.12
                                    [access-control-allow-origin] => *
                                    [access-control-max-age] => 3600
                                    [access-control-allow-headers] => Content-Type, Access-Control-Allow-Headers, Authorization, X-Requested-With
                                    [content-length] => 128
                                    [content-type] => text/html; charset=UTF-8
                                )

                        )

                    [Body] => <h3>PHP GD library is NOT installed on your web server !</h3><h3>ZipArchive extension is NOT installed on your web server !</h3>
                )

        )

)

2025-05-14T09:33:29+00:00 INFO Array
(
    [Webhook Delivery] => Array
        (
            [Delivery ID] => 1fb9e9b33038cecea5c7163e648c8878
            [Date] => May 14, 2025 @ 9:33
            [URL] => http://127.0.0.1/buzzjuice.net/streams/wow-pgb_webhook.php
            [Duration] => 0.11793
            [Request] => Array
                (
                    [Method] => POST
                    [Headers] => Array
                        (
                            [User-Agent] => WooCommerce/9.8.2 Hookshot (WordPress/6.7.2)
                            [Content-Type] => application/json
                            [X-WC-Webhook-Source] => http://127.0.0.1/buzzjuice.net/
                            [X-WC-Webhook-Topic] => order.updated
                            [X-WC-Webhook-Resource] => order
                            [X-WC-Webhook-Event] => updated
                            [X-WC-Webhook-Signature] => RcV4Ak0vf2xmd4U9c4SkBO9xFTGyhqYehF1cyiI1K7A=
                            [X-WC-Webhook-ID] => 1
                            [X-WC-Webhook-Delivery-ID] => 1fb9e9b33038cecea5c7163e648c8878
                        )

                )

            [Body] => {\"id\":1967,\"parent_id\":0,\"status\":\"pending\",\"currency\":\"GHS\",\"version\":\"9.8.2\",\"prices_include_tax\":false,\"date_created\":\"2025-05-14T09:32:18\",\"date_modified\":\"2025-05-14T09:32:18\",\"discount_total\":\"0.00\",\"discount_tax\":\"0.00\",\"shipping_total\":\"0.00\",\"shipping_tax\":\"0.00\",\"cart_tax\":\"0.00\",\"total\":\"30.00\",\"total_tax\":\"0.00\",\"customer_id\":0,\"order_key\":\"wc_order_nietge9b4yCzf\",\"billing\":{\"first_name\":\"\",\"last_name\":\"\",\"company\":\"\",\"address_1\":\"\",\"address_2\":\"\",\"city\":\"\",\"state\":\"\",\"postcode\":\"\",\"country\":\"\",\"email\":\"\",\"phone\":\"\"},\"shipping\":{\"first_name\":\"\",\"last_name\":\"\",\"company\":\"\",\"address_1\":\"\",\"address_2\":\"\",\"city\":\"\",\"state\":\"\",\"postcode\":\"\",\"country\":\"\",\"phone\":\"\"},\"payment_method\":\"\",\"payment_method_title\":\"\",\"transaction_id\":\"\",\"customer_ip_address\":\"\",\"customer_user_agent\":\"\",\"created_via\":\"subscription\",\"customer_note\":\"\",\"date_completed\":null,\"date_paid\":null,\"cart_hash\":\"\",\"number\":\"1967\",\"meta_data\":[{\"id\":6509,\"key\":\"_subscription_renewal\",\"value\":\"1962\"}],\"line_items\":[{\"id\":8297,\"name\":\"WoWPGB-Pro\",\"product_id\":694,\"variation_id\":0,\"quantity\":1,\"tax_class\":\"\",\"subtotal\":\"30.00\",\"subtotal_tax\":\"0.00\",\"total\":\"30.00\",\"total_tax\":\"0.00\",\"taxes\":[],\"meta_data\":[],\"sku\":\"wow-pgb_pro\",\"price\":30,\"image\":{\"id\":\"\",\"src\":\"\"},\"parent_name\":null}],\"tax_lines\":[],\"shipping_lines\":[],\"fee_lines\":[],\"coupon_lines\":[],\"refunds\":[],\"payment_url\":\"http:\\/\\/127.0.0.1\\/buzzjuice.net\\/checkout\\/order-pay\\/1967\\/?pay_for_order=true&key=wc_order_nietge9b4yCzf&subscription_renewal=true\",\"is_editable\":true,\"needs_payment\":true,\"needs_processing\":true,\"date_created_gmt\":\"2025-05-14T09:32:18\",\"date_modified_gmt\":\"2025-05-14T09:32:18\",\"date_completed_gmt\":null,\"date_paid_gmt\":null,\"currency_symbol\":\"\\u20b5\",\"_links\":{\"self\":[{\"href\":\"http:\\/\\/127.0.0.1\\/buzzjuice.net\\/wp-json\\/wc\\/v3\\/orders\\/1967\",\"targetHints\":{\"allow\":[\"GET\",\"POST\",\"PUT\",\"PATCH\",\"DELETE\"]}}],\"collection\":[{\"href\":\"http:\\/\\/127.0.0.1\\/buzzjuice.net\\/wp-json\\/wc\\/v3\\/orders\"}],\"email_templates\":[{\"embeddable\":true,\"href\":\"http:\\/\\/127.0.0.1\\/buzzjuice.net\\/wp-json\\/wc\\/v3\\/orders\\/1967\\/actions\\/email_templates\"}]}}
            [Response] => Array
                (
                    [Code] => 200
                    [Message] => OK
                    [Headers] => WpOrg\Requests\Utility\CaseInsensitiveDictionary Object
                        (
                            [data:protected] => Array
                                (
                                    [date] => Wed, 14 May 2025 09:33:28 GMT
                                    [server] => Apache/2.4.58 (Win64) OpenSSL/3.1.3 PHP/8.2.12
                                    [x-powered-by] => PHP/8.2.12
                                    [set-cookie] => PHPSESSID=avarq5k1qpdqhl0ur1b6m09rec; path=/; HttpOnly
                                    [expires] => Thu, 19 Nov 1981 08:52:00 GMT
                                    [cache-control] => no-store, no-cache, must-revalidate
                                    [pragma] => no-cache
                                    [keep-alive] => timeout=100,max=500
                                    [content-length] => 128
                                    [content-type] => text/html; charset=UTF-8
                                )

                        )

                    [Body] => <h3>PHP GD library is NOT installed on your web server !</h3><h3>ZipArchive extension is NOT installed on your web server !</h3>
                )

        )

)

