2025-03-31T06:53:07+00:00 INFO Array
(
    [Webhook Delivery] => Array
        (
            [Delivery ID] => e158a4246ce2649c7d1adc841767272b
            [Date] => Mar 31, 2025 @ 6:53
            [URL] => http://127.0.0.1/buzzjuice.net/streams/wow-pgb_webhook.php
            [Duration] => 0.8358
            [Request] => Array
                (
                    [Method] => POST
                    [Headers] => Array
                        (
                            [User-Agent] => WooCommerce/9.7.1 Hookshot (WordPress/6.7.2)
                            [Content-Type] => application/json
                            [X-WC-Webhook-Source] => http://127.0.0.1/buzzjuice.net/
                            [X-WC-Webhook-Topic] => order.updated
                            [X-WC-Webhook-Resource] => order
                            [X-WC-Webhook-Event] => updated
                            [X-WC-Webhook-Signature] => MnU0niBeqHivqsRXp3hxfdZ0g7avZOfh5UJ+9sPpkSY=
                            [X-WC-Webhook-ID] => 1
                            [X-WC-Webhook-Delivery-ID] => e158a4246ce2649c7d1adc841767272b
                        )

                )

            [Body] => {\"id\":688,\"parent_id\":0,\"status\":\"checkout-draft\",\"currency\":\"GHS\",\"version\":\"9.7.1\",\"prices_include_tax\":false,\"date_created\":\"2025-03-31T06:52:55\",\"date_modified\":\"2025-03-31T06:52:55\",\"discount_total\":\"0.00\",\"discount_tax\":\"0.00\",\"shipping_total\":\"0.00\",\"shipping_tax\":\"0.00\",\"cart_tax\":\"0.00\",\"total\":\"363.64\",\"total_tax\":\"0.00\",\"customer_id\":0,\"order_key\":\"wc_order_Jhom7uPTL7LiK\",\"billing\":{\"first_name\":\"\",\"last_name\":\"\",\"company\":\"\",\"address_1\":\"\",\"address_2\":\"\",\"city\":\"\",\"state\":\"AA\",\"postcode\":\"\",\"country\":\"GH\",\"email\":\"\",\"phone\":\"\"},\"shipping\":{\"first_name\":\"\",\"last_name\":\"\",\"company\":\"\",\"address_1\":\"\",\"address_2\":\"\",\"city\":\"\",\"state\":\"AA\",\"postcode\":\"\",\"country\":\"GH\",\"phone\":\"\"},\"payment_method\":\"\",\"payment_method_title\":\"\",\"transaction_id\":\"\",\"customer_ip_address\":\"127.0.0.1\",\"customer_user_agent\":\"Mozilla\\/5.0 (Windows NT 10.0; Win64; x64) AppleWebKit\\/537.36 (KHTML, like Gecko) Chrome\\/132.0.0.0 Safari\\/537.36 OPR\\/117.0.0.0\",\"created_via\":\"store-api\",\"customer_note\":\"\",\"date_completed\":null,\"date_paid\":null,\"cart_hash\":\"9f35e2a3c4560df5a19dc20464decce9\",\"number\":\"688\",\"meta_data\":[{\"id\":1926,\"key\":\"_coupons_hash\",\"value\":\"d751713988987e9331980363e24189ce\"},{\"id\":1927,\"key\":\"_fees_hash\",\"value\":\"d751713988987e9331980363e24189ce\"},{\"id\":1925,\"key\":\"_shipping_hash\",\"value\":\"9d4568c009d203ab10e33ea9953a0264\"},{\"id\":1928,\"key\":\"_taxes_hash\",\"value\":\"d751713988987e9331980363e24189ce\"},{\"id\":1924,\"key\":\"_wow_order_id\",\"value\":\"wow_67ea3bbb9bbb4\"},{\"id\":1929,\"key\":\"is_vat_exempt\",\"value\":\"no\"}],\"line_items\":[{\"id\":7827,\"name\":\"New Cool Things\",\"product_id\":626,\"variation_id\":0,\"quantity\":1,\"tax_class\":\"\",\"subtotal\":\"363.64\",\"subtotal_tax\":\"0.00\",\"total\":\"363.64\",\"total_tax\":\"0.00\",\"taxes\":[],\"meta_data\":[],\"sku\":\"woo-pgb_market\",\"price\":363.636366,\"image\":{\"id\":\"\",\"src\":\"\"},\"parent_name\":null}],\"tax_lines\":[],\"shipping_lines\":[],\"fee_lines\":[],\"coupon_lines\":[],\"refunds\":[],\"payment_url\":\"http:\\/\\/127.0.0.1\\/buzzjuice.net\\/checkout\\/order-pay\\/688\\/?pay_for_order=true&key=wc_order_Jhom7uPTL7LiK\",\"is_editable\":false,\"needs_payment\":true,\"needs_processing\":false,\"date_created_gmt\":\"2025-03-31T06:52:55\",\"date_modified_gmt\":\"2025-03-31T06:52:55\",\"date_completed_gmt\":null,\"date_paid_gmt\":null,\"currency_symbol\":\"\\u20b5\",\"_links\":{\"self\":[{\"href\":\"http:\\/\\/127.0.0.1\\/buzzjuice.net\\/wp-json\\/wc\\/v3\\/orders\\/688\",\"targetHints\":{\"allow\":[\"GET\",\"POST\",\"PUT\",\"PATCH\",\"DELETE\"]}}],\"collection\":[{\"href\":\"http:\\/\\/127.0.0.1\\/buzzjuice.net\\/wp-json\\/wc\\/v3\\/orders\"}]}}
            [Response] => Array
                (
                    [Code] => 200
                    [Message] => OK
                    [Headers] => WpOrg\Requests\Utility\CaseInsensitiveDictionary Object
                        (
                            [data:protected] => Array
                                (
                                    [date] => Mon, 31 Mar 2025 06:53:07 GMT
                                    [server] => Apache/2.4.58 (Win64) OpenSSL/3.1.3 PHP/8.2.12
                                    [x-powered-by] => PHP/8.2.12
                                    [set-cookie] => Array
                                        (
                                            [0] => PHPSESSID=h2k46go8mif5i18dqk3mv6ivmk; path=/; HttpOnly
                                            [1] => ad-con=%7B%26quot%3Bdate%26quot%3B%3A%26quot%3B2025-03-31%26quot%3B%2C%26quot%3Bads%26quot%3B%3A%5B%5D%7D; expires=Thu, 29 Mar 2035 06:53:07 GMT; Max-Age=315360000
                                            [2] => ad-con=%7B%26quot%3Bdate%26quot%3B%3A%26quot%3B2025-03-31%26quot%3B%2C%26quot%3Bads%26quot%3B%3A%5B%5D%7D; expires=Thu, 29 Mar 2035 06:53:07 GMT; Max-Age=315360000
                                            [3] => _us=1743490387; expires=Thu, 29 Mar 2035 06:53:07 GMT; Max-Age=315360000
                                            [4] => _us=1743490387; expires=Thu, 29 Mar 2035 06:53:07 GMT; Max-Age=315360000
                                            [5] => mode=day; expires=Thu, 29 Mar 2035 06:53:07 GMT; Max-Age=315360000; path=/
                                        )

                                    [expires] => Thu, 19 Nov 1981 08:52:00 GMT
                                    [cache-control] => no-store, no-cache, must-revalidate
                                    [pragma] => no-cache
                                    [keep-alive] => timeout=100,max=500
                                    [content-length] => 30
                                    [content-type] => text/html; charset=UTF-8
                                )

                        )

                    [Body] => Webhook processed successfully
                )

        )

)

2025-03-31T06:54:14+00:00 INFO Array
(
    [Webhook Delivery] => Array
        (
            [Delivery ID] => c2ea5b99797f8241b0b5820358375d5f
            [Date] => Mar 31, 2025 @ 6:54
            [URL] => http://127.0.0.1/buzzjuice.net/streams/wow-pgb_webhook.php
            [Duration] => 0.62503
            [Request] => Array
                (
                    [Method] => POST
                    [Headers] => Array
                        (
                            [User-Agent] => WooCommerce/9.7.1 Hookshot (WordPress/6.7.2)
                            [Content-Type] => application/json
                            [X-WC-Webhook-Source] => http://127.0.0.1/buzzjuice.net/
                            [X-WC-Webhook-Topic] => order.updated
                            [X-WC-Webhook-Resource] => order
                            [X-WC-Webhook-Event] => updated
                            [X-WC-Webhook-Signature] => 0Y8+Izraj2ld6Fqsp/OIE51s0srBGkYx7326NLAhOrQ=
                            [X-WC-Webhook-ID] => 1
                            [X-WC-Webhook-Delivery-ID] => c2ea5b99797f8241b0b5820358375d5f
                        )

                )

            [Body] => {\"id\":688,\"parent_id\":0,\"status\":\"completed\",\"currency\":\"GHS\",\"version\":\"9.7.1\",\"prices_include_tax\":false,\"date_created\":\"2025-03-31T06:52:55\",\"date_modified\":\"2025-03-31T06:54:11\",\"discount_total\":\"0.00\",\"discount_tax\":\"0.00\",\"shipping_total\":\"0.00\",\"shipping_tax\":\"0.00\",\"cart_tax\":\"0.00\",\"total\":\"363.64\",\"total_tax\":\"0.00\",\"customer_id\":1,\"order_key\":\"wc_order_Jhom7uPTL7LiK\",\"billing\":{\"first_name\":\"Enka\",\"last_name\":\"BY\",\"company\":\"\",\"address_1\":\"DT801 SSNIT FLATS\",\"address_2\":\"\",\"city\":\"ACCRA\",\"state\":\"AA\",\"postcode\":\"\",\"country\":\"GH\",\"email\":\"admin@koware.org\",\"phone\":\"\"},\"shipping\":{\"first_name\":\"Enka\",\"last_name\":\"BY\",\"company\":\"\",\"address_1\":\"DT801 SSNIT FLATS\",\"address_2\":\"\",\"city\":\"ACCRA\",\"state\":\"AA\",\"postcode\":\"\",\"country\":\"GH\",\"phone\":\"\"},\"payment_method\":\"paystack\",\"payment_method_title\":\"Debit\\/Credit Cards\",\"transaction_id\":\"688_1743404036\",\"customer_ip_address\":\"127.0.0.1\",\"customer_user_agent\":\"Mozilla\\/5.0 (Windows NT 10.0; Win64; x64) AppleWebKit\\/537.36 (KHTML, like Gecko) Chrome\\/132.0.0.0 Safari\\/537.36 OPR\\/117.0.0.0\",\"created_via\":\"store-api\",\"customer_note\":\"\",\"date_completed\":\"2025-03-31T06:54:11\",\"date_paid\":\"2025-03-31T06:54:11\",\"cart_hash\":\"9f35e2a3c4560df5a19dc20464decce9\",\"number\":\"688\",\"meta_data\":[{\"id\":1926,\"key\":\"_coupons_hash\",\"value\":\"d751713988987e9331980363e24189ce\"},{\"id\":1927,\"key\":\"_fees_hash\",\"value\":\"d751713988987e9331980363e24189ce\"},{\"id\":1941,\"key\":\"_paystack_txn_ref\",\"value\":\"688_1743404036\"},{\"id\":1925,\"key\":\"_shipping_hash\",\"value\":\"9d4568c009d203ab10e33ea9953a0264\"},{\"id\":1928,\"key\":\"_taxes_hash\",\"value\":\"d751713988987e9331980363e24189ce\"},{\"id\":1940,\"key\":\"_wc_order_attribution_device_type\",\"value\":\"Desktop\"},{\"id\":1933,\"key\":\"_wc_order_attribution_referrer\",\"value\":\"http:\\/\\/127.0.0.1\\/buzzjuice.net\\/streams\\/checkout\\/?nocache=1743174273001\"},{\"id\":1938,\"key\":\"_wc_order_attribution_session_count\",\"value\":\"8\"},{\"id\":1935,\"key\":\"_wc_order_attribution_session_entry\",\"value\":\"http:\\/\\/127.0.0.1\\/buzzjuice.net\\/checkout\\/?add-to-cart=626&quantity=1&wow_order_id=wow_67e6ba92cac6b&amount=20.00&userid=1&product_name=New Cool Things&product_price=20.00&product_units=1&product_owner_id=12&wow_currency_code=EUR\"},{\"id\":1937,\"key\":\"_wc_order_attribution_session_pages\",\"value\":\"3\"},{\"id\":1936,\"key\":\"_wc_order_attribution_session_start_time\",\"value\":\"2025-03-28 15:05:00\"},{\"id\":1932,\"key\":\"_wc_order_attribution_source_type\",\"value\":\"typein\"},{\"id\":1939,\"key\":\"_wc_order_attribution_user_agent\",\"value\":\"Mozilla\\/5.0 (Windows NT 10.0; Win64; x64) AppleWebKit\\/537.36 (KHTML, like Gecko) Chrome\\/132.0.0.0 Safari\\/537.36 OPR\\/117.0.0.0\"},{\"id\":1934,\"key\":\"_wc_order_attribution_utm_source\",\"value\":\"(direct)\"},{\"id\":1924,\"key\":\"_wow_order_id\",\"value\":\"wow_67ea3bbb9bbb4\"},{\"id\":1929,\"key\":\"is_vat_exempt\",\"value\":\"no\"}],\"line_items\":[{\"id\":7827,\"name\":\"New Cool Things\",\"product_id\":626,\"variation_id\":0,\"quantity\":1,\"tax_class\":\"\",\"subtotal\":\"363.64\",\"subtotal_tax\":\"0.00\",\"total\":\"363.64\",\"total_tax\":\"0.00\",\"taxes\":[],\"meta_data\":[],\"sku\":\"woo-pgb_market\",\"price\":363.636366,\"image\":{\"id\":\"\",\"src\":\"\"},\"parent_name\":null}],\"tax_lines\":[],\"shipping_lines\":[],\"fee_lines\":[],\"coupon_lines\":[],\"refunds\":[],\"payment_url\":\"http:\\/\\/127.0.0.1\\/buzzjuice.net\\/checkout\\/order-pay\\/688\\/?pay_for_order=true&key=wc_order_Jhom7uPTL7LiK\",\"is_editable\":false,\"needs_payment\":false,\"needs_processing\":false,\"date_created_gmt\":\"2025-03-31T06:52:55\",\"date_modified_gmt\":\"2025-03-31T06:54:11\",\"date_completed_gmt\":\"2025-03-31T06:54:11\",\"date_paid_gmt\":\"2025-03-31T06:54:11\",\"currency_symbol\":\"\\u20b5\",\"_links\":{\"self\":[{\"href\":\"http:\\/\\/127.0.0.1\\/buzzjuice.net\\/wp-json\\/wc\\/v3\\/orders\\/688\",\"targetHints\":{\"allow\":[\"GET\",\"POST\",\"PUT\",\"PATCH\",\"DELETE\"]}}],\"collection\":[{\"href\":\"http:\\/\\/127.0.0.1\\/buzzjuice.net\\/wp-json\\/wc\\/v3\\/orders\"}],\"customer\":[{\"href\":\"http:\\/\\/127.0.0.1\\/buzzjuice.net\\/wp-json\\/wc\\/v3\\/customers\\/1\"}]}}
            [Response] => Array
                (
                    [Code] => 200
                    [Message] => OK
                    [Headers] => WpOrg\Requests\Utility\CaseInsensitiveDictionary Object
                        (
                            [data:protected] => Array
                                (
                                    [date] => Mon, 31 Mar 2025 06:54:14 GMT
                                    [server] => Apache/2.4.58 (Win64) OpenSSL/3.1.3 PHP/8.2.12
                                    [x-powered-by] => PHP/8.2.12
                                    [set-cookie] => Array
                                        (
                                            [0] => PHPSESSID=fllnfrc3heheb0cfr0p2ofvg55; path=/; HttpOnly
                                            [1] => ad-con=%7B%26quot%3Bdate%26quot%3B%3A%26quot%3B2025-03-31%26quot%3B%2C%26quot%3Bads%26quot%3B%3A%5B%5D%7D; expires=Thu, 29 Mar 2035 06:54:14 GMT; Max-Age=315360000
                                            [2] => ad-con=%7B%26quot%3Bdate%26quot%3B%3A%26quot%3B2025-03-31%26quot%3B%2C%26quot%3Bads%26quot%3B%3A%5B%5D%7D; expires=Thu, 29 Mar 2035 06:54:14 GMT; Max-Age=315360000
                                            [3] => _us=1743490454; expires=Thu, 29 Mar 2035 06:54:14 GMT; Max-Age=315360000
                                            [4] => _us=1743490454; expires=Thu, 29 Mar 2035 06:54:14 GMT; Max-Age=315360000
                                            [5] => mode=day; expires=Thu, 29 Mar 2035 06:54:14 GMT; Max-Age=315360000; path=/
                                        )

                                    [expires] => Thu, 19 Nov 1981 08:52:00 GMT
                                    [cache-control] => no-store, no-cache, must-revalidate
                                    [pragma] => no-cache
                                    [keep-alive] => timeout=100,max=500
                                    [content-length] => 30
                                    [content-type] => text/html; charset=UTF-8
                                )

                        )

                    [Body] => Webhook processed successfully
                )

        )

)

2025-03-31T11:04:30+00:00 INFO Array
(
    [Webhook Delivery] => Array
        (
            [Delivery ID] => d6a7ea8ed146218d6ac3c49478276f5e
            [Date] => Mar 31, 2025 @ 11:04
            [URL] => http://127.0.0.1/buzzjuice.net/streams/wow-pgb_webhook.php
            [Duration] => 1.47489
            [Request] => Array
                (
                    [Method] => POST
                    [Headers] => Array
                        (
                            [User-Agent] => WooCommerce/9.7.1 Hookshot (WordPress/6.7.2)
                            [Content-Type] => application/json
                            [X-WC-Webhook-Source] => http://127.0.0.1/buzzjuice.net/
                            [X-WC-Webhook-Topic] => order.updated
                            [X-WC-Webhook-Resource] => order
                            [X-WC-Webhook-Event] => updated
                            [X-WC-Webhook-Signature] => 7inGVzF8E8VADSOWFlrY9CIUe90EShM7nuKT9q07pjU=
                            [X-WC-Webhook-ID] => 1
                            [X-WC-Webhook-Delivery-ID] => d6a7ea8ed146218d6ac3c49478276f5e
                        )

                )

            [Body] => {\"id\":688,\"parent_id\":0,\"status\":\"completed\",\"currency\":\"GHS\",\"version\":\"9.7.1\",\"prices_include_tax\":false,\"date_created\":\"2025-03-31T06:52:55\",\"date_modified\":\"2025-03-31T06:54:23\",\"discount_total\":\"0.00\",\"discount_tax\":\"0.00\",\"shipping_total\":\"0.00\",\"shipping_tax\":\"0.00\",\"cart_tax\":\"0.00\",\"total\":\"363.64\",\"total_tax\":\"0.00\",\"customer_id\":1,\"order_key\":\"wc_order_Jhom7uPTL7LiK\",\"billing\":{\"first_name\":\"Enka\",\"last_name\":\"BY\",\"company\":\"\",\"address_1\":\"DT801 SSNIT FLATS\",\"address_2\":\"\",\"city\":\"ACCRA\",\"state\":\"AA\",\"postcode\":\"\",\"country\":\"GH\",\"email\":\"admin@koware.org\",\"phone\":\"\"},\"shipping\":{\"first_name\":\"Enka\",\"last_name\":\"BY\",\"company\":\"\",\"address_1\":\"DT801 SSNIT FLATS\",\"address_2\":\"\",\"city\":\"ACCRA\",\"state\":\"AA\",\"postcode\":\"\",\"country\":\"GH\",\"phone\":\"\"},\"payment_method\":\"paystack\",\"payment_method_title\":\"Debit\\/Credit Cards\",\"transaction_id\":\"688_1743404036\",\"customer_ip_address\":\"127.0.0.1\",\"customer_user_agent\":\"Mozilla\\/5.0 (Windows NT 10.0; Win64; x64) AppleWebKit\\/537.36 (KHTML, like Gecko) Chrome\\/132.0.0.0 Safari\\/537.36 OPR\\/117.0.0.0\",\"created_via\":\"store-api\",\"customer_note\":\"\",\"date_completed\":\"2025-03-31T06:54:11\",\"date_paid\":\"2025-03-31T06:54:11\",\"cart_hash\":\"9f35e2a3c4560df5a19dc20464decce9\",\"number\":\"688\",\"meta_data\":[{\"id\":1926,\"key\":\"_coupons_hash\",\"value\":\"d751713988987e9331980363e24189ce\"},{\"id\":1927,\"key\":\"_fees_hash\",\"value\":\"d751713988987e9331980363e24189ce\"},{\"id\":1941,\"key\":\"_paystack_txn_ref\",\"value\":\"688_1743404036\"},{\"id\":1925,\"key\":\"_shipping_hash\",\"value\":\"9d4568c009d203ab10e33ea9953a0264\"},{\"id\":1928,\"key\":\"_taxes_hash\",\"value\":\"d751713988987e9331980363e24189ce\"},{\"id\":1940,\"key\":\"_wc_order_attribution_device_type\",\"value\":\"Desktop\"},{\"id\":1933,\"key\":\"_wc_order_attribution_referrer\",\"value\":\"http:\\/\\/127.0.0.1\\/buzzjuice.net\\/streams\\/checkout\\/?nocache=1743174273001\"},{\"id\":1938,\"key\":\"_wc_order_attribution_session_count\",\"value\":\"8\"},{\"id\":1935,\"key\":\"_wc_order_attribution_session_entry\",\"value\":\"http:\\/\\/127.0.0.1\\/buzzjuice.net\\/checkout\\/?add-to-cart=626&quantity=1&wow_order_id=wow_67e6ba92cac6b&amount=20.00&userid=1&product_name=New Cool Things&product_price=20.00&product_units=1&product_owner_id=12&wow_currency_code=EUR\"},{\"id\":1937,\"key\":\"_wc_order_attribution_session_pages\",\"value\":\"3\"},{\"id\":1936,\"key\":\"_wc_order_attribution_session_start_time\",\"value\":\"2025-03-28 15:05:00\"},{\"id\":1932,\"key\":\"_wc_order_attribution_source_type\",\"value\":\"typein\"},{\"id\":1939,\"key\":\"_wc_order_attribution_user_agent\",\"value\":\"Mozilla\\/5.0 (Windows NT 10.0; Win64; x64) AppleWebKit\\/537.36 (KHTML, like Gecko) Chrome\\/132.0.0.0 Safari\\/537.36 OPR\\/117.0.0.0\"},{\"id\":1934,\"key\":\"_wc_order_attribution_utm_source\",\"value\":\"(direct)\"},{\"id\":1943,\"key\":\"_woocs_order_base_currency\",\"value\":\"GHS\"},{\"id\":1944,\"key\":\"_woocs_order_currency_changed_mannualy\",\"value\":\"0\"},{\"id\":1942,\"key\":\"_woocs_order_rate\",\"value\":\"1\"},{\"id\":1924,\"key\":\"_wow_order_id\",\"value\":\"wow_67ea3bbb9bbb4\"},{\"id\":1929,\"key\":\"is_vat_exempt\",\"value\":\"no\"}],\"line_items\":[{\"id\":7827,\"name\":\"New Cool Things\",\"product_id\":626,\"variation_id\":0,\"quantity\":1,\"tax_class\":\"\",\"subtotal\":\"363.64\",\"subtotal_tax\":\"0.00\",\"total\":\"363.64\",\"total_tax\":\"0.00\",\"taxes\":[],\"meta_data\":[],\"sku\":\"woo-pgb_market\",\"price\":363.636366,\"image\":{\"id\":\"\",\"src\":\"\"},\"parent_name\":null}],\"tax_lines\":[],\"shipping_lines\":[],\"fee_lines\":[],\"coupon_lines\":[],\"refunds\":[],\"payment_url\":\"http:\\/\\/127.0.0.1\\/buzzjuice.net\\/checkout\\/order-pay\\/688\\/?pay_for_order=true&key=wc_order_Jhom7uPTL7LiK\",\"is_editable\":false,\"needs_payment\":false,\"needs_processing\":false,\"date_created_gmt\":\"2025-03-31T06:52:55\",\"date_modified_gmt\":\"2025-03-31T06:54:23\",\"date_completed_gmt\":\"2025-03-31T06:54:11\",\"date_paid_gmt\":\"2025-03-31T06:54:11\",\"currency_symbol\":\"\\u20b5\",\"_links\":{\"self\":[{\"href\":\"http:\\/\\/127.0.0.1\\/buzzjuice.net\\/wp-json\\/wc\\/v3\\/orders\\/688\",\"targetHints\":{\"allow\":[\"GET\",\"POST\",\"PUT\",\"PATCH\",\"DELETE\"]}}],\"collection\":[{\"href\":\"http:\\/\\/127.0.0.1\\/buzzjuice.net\\/wp-json\\/wc\\/v3\\/orders\"}],\"customer\":[{\"href\":\"http:\\/\\/127.0.0.1\\/buzzjuice.net\\/wp-json\\/wc\\/v3\\/customers\\/1\"}]}}
            [Response] => Array
                (
                    [Code] => 200
                    [Message] => OK
                    [Headers] => WpOrg\Requests\Utility\CaseInsensitiveDictionary Object
                        (
                            [data:protected] => Array
                                (
                                    [date] => Mon, 31 Mar 2025 11:04:30 GMT
                                    [server] => Apache/2.4.58 (Win64) OpenSSL/3.1.3 PHP/8.2.12
                                    [x-powered-by] => PHP/8.2.12
                                    [set-cookie] => Array
                                        (
                                            [0] => PHPSESSID=apvvoir5jcl7plggs3tojcvrqn; path=/; HttpOnly
                                            [1] => ad-con=%7B%26quot%3Bdate%26quot%3B%3A%26quot%3B2025-03-31%26quot%3B%2C%26quot%3Bads%26quot%3B%3A%5B%5D%7D; expires=Thu, 29 Mar 2035 11:04:30 GMT; Max-Age=315360000
                                            [2] => ad-con=%7B%26quot%3Bdate%26quot%3B%3A%26quot%3B2025-03-31%26quot%3B%2C%26quot%3Bads%26quot%3B%3A%5B%5D%7D; expires=Thu, 29 Mar 2035 11:04:30 GMT; Max-Age=315360000
                                            [3] => _us=1743505470; expires=Thu, 29 Mar 2035 11:04:30 GMT; Max-Age=315360000
                                            [4] => _us=1743505470; expires=Thu, 29 Mar 2035 11:04:30 GMT; Max-Age=315360000
                                            [5] => mode=day; expires=Thu, 29 Mar 2035 11:04:30 GMT; Max-Age=315360000; path=/
                                        )

                                    [expires] => Thu, 19 Nov 1981 08:52:00 GMT
                                    [cache-control] => no-store, no-cache, must-revalidate
                                    [pragma] => no-cache
                                    [keep-alive] => timeout=100,max=500
                                    [content-length] => 30
                                    [content-type] => text/html; charset=UTF-8
                                )

                        )

                    [Body] => Webhook processed successfully
                )

        )

)

2025-03-31T11:06:49+00:00 INFO Array
(
    [Webhook Delivery] => Array
        (
            [Delivery ID] => 8cb75ac757016834baaa022b9a8b352d
            [Date] => Mar 31, 2025 @ 11:06
            [URL] => http://127.0.0.1/buzzjuice.net/streams/wow-pgb_webhook.php
            [Duration] => 0.71009
            [Request] => Array
                (
                    [Method] => POST
                    [Headers] => Array
                        (
                            [User-Agent] => WooCommerce/9.7.1 Hookshot (WordPress/6.7.2)
                            [Content-Type] => application/json
                            [X-WC-Webhook-Source] => http://127.0.0.1/buzzjuice.net/
                            [X-WC-Webhook-Topic] => order.updated
                            [X-WC-Webhook-Resource] => order
                            [X-WC-Webhook-Event] => updated
                            [X-WC-Webhook-Signature] => iTVm4fFoeH+EVFA17tsSpwTrzNpGgYLYSWL42Wz/IcQ=
                            [X-WC-Webhook-ID] => 1
                            [X-WC-Webhook-Delivery-ID] => 8cb75ac757016834baaa022b9a8b352d
                        )

                )

            [Body] => {\"id\":689,\"parent_id\":0,\"status\":\"checkout-draft\",\"currency\":\"GHS\",\"version\":\"9.7.1\",\"prices_include_tax\":false,\"date_created\":\"2025-03-31T11:04:32\",\"date_modified\":\"2025-03-31T11:04:32\",\"discount_total\":\"0.00\",\"discount_tax\":\"0.00\",\"shipping_total\":\"0.00\",\"shipping_tax\":\"0.00\",\"cart_tax\":\"0.00\",\"total\":\"727.27\",\"total_tax\":\"0.00\",\"customer_id\":1,\"order_key\":\"wc_order_XHl4ecwV7TedQ\",\"billing\":{\"first_name\":\"Enka\",\"last_name\":\"BY\",\"company\":\"\",\"address_1\":\"DT801 SSNIT FLATS\",\"address_2\":\"\",\"city\":\"ACCRA\",\"state\":\"AA\",\"postcode\":\"\",\"country\":\"GH\",\"email\":\"admin@koware.org\",\"phone\":\"\"},\"shipping\":{\"first_name\":\"Enka\",\"last_name\":\"BY\",\"company\":\"\",\"address_1\":\"DT801 SSNIT FLATS\",\"address_2\":\"\",\"city\":\"ACCRA\",\"state\":\"AA\",\"postcode\":\"\",\"country\":\"GH\",\"phone\":\"\"},\"payment_method\":\"\",\"payment_method_title\":\"\",\"transaction_id\":\"\",\"customer_ip_address\":\"127.0.0.1\",\"customer_user_agent\":\"Mozilla\\/5.0 (Windows NT 10.0; Win64; x64) AppleWebKit\\/537.36 (KHTML, like Gecko) Chrome\\/132.0.0.0 Safari\\/537.36 OPR\\/117.0.0.0\",\"created_via\":\"store-api\",\"customer_note\":\"\",\"date_completed\":null,\"date_paid\":null,\"cart_hash\":\"9fc9cc8bc4ac935a9c90c121d5c2f958\",\"number\":\"689\",\"meta_data\":[{\"id\":1947,\"key\":\"_coupons_hash\",\"value\":\"d751713988987e9331980363e24189ce\"},{\"id\":1948,\"key\":\"_fees_hash\",\"value\":\"d751713988987e9331980363e24189ce\"},{\"id\":1946,\"key\":\"_shipping_hash\",\"value\":\"9d4568c009d203ab10e33ea9953a0264\"},{\"id\":1949,\"key\":\"_taxes_hash\",\"value\":\"d751713988987e9331980363e24189ce\"},{\"id\":1945,\"key\":\"_wow_order_id\",\"value\":\"wow_67ea76b37cbd5\"},{\"id\":1950,\"key\":\"is_vat_exempt\",\"value\":\"no\"}],\"line_items\":[{\"id\":7828,\"name\":\"New Cool Things\",\"product_id\":626,\"variation_id\":0,\"quantity\":1,\"tax_class\":\"\",\"subtotal\":\"727.27\",\"subtotal_tax\":\"0.00\",\"total\":\"727.27\",\"total_tax\":\"0.00\",\"taxes\":[],\"meta_data\":[],\"sku\":\"woo-pgb_market\",\"price\":727.272731,\"image\":{\"id\":\"\",\"src\":\"\"},\"parent_name\":null}],\"tax_lines\":[],\"shipping_lines\":[],\"fee_lines\":[],\"coupon_lines\":[],\"refunds\":[],\"payment_url\":\"http:\\/\\/127.0.0.1\\/buzzjuice.net\\/checkout\\/order-pay\\/689\\/?pay_for_order=true&key=wc_order_XHl4ecwV7TedQ\",\"is_editable\":false,\"needs_payment\":true,\"needs_processing\":false,\"date_created_gmt\":\"2025-03-31T11:04:32\",\"date_modified_gmt\":\"2025-03-31T11:04:32\",\"date_completed_gmt\":null,\"date_paid_gmt\":null,\"currency_symbol\":\"\\u20b5\",\"_links\":{\"self\":[{\"href\":\"http:\\/\\/127.0.0.1\\/buzzjuice.net\\/wp-json\\/wc\\/v3\\/orders\\/689\",\"targetHints\":{\"allow\":[\"GET\",\"POST\",\"PUT\",\"PATCH\",\"DELETE\"]}}],\"collection\":[{\"href\":\"http:\\/\\/127.0.0.1\\/buzzjuice.net\\/wp-json\\/wc\\/v3\\/orders\"}],\"customer\":[{\"href\":\"http:\\/\\/127.0.0.1\\/buzzjuice.net\\/wp-json\\/wc\\/v3\\/customers\\/1\"}]}}
            [Response] => Array
                (
                    [Code] => 200
                    [Message] => OK
                    [Headers] => WpOrg\Requests\Utility\CaseInsensitiveDictionary Object
                        (
                            [data:protected] => Array
                                (
                                    [date] => Mon, 31 Mar 2025 11:06:49 GMT
                                    [server] => Apache/2.4.58 (Win64) OpenSSL/3.1.3 PHP/8.2.12
                                    [x-powered-by] => PHP/8.2.12
                                    [set-cookie] => Array
                                        (
                                            [0] => PHPSESSID=r33jk87vmi5k4okipver2qmkn1; path=/; HttpOnly
                                            [1] => ad-con=%7B%26quot%3Bdate%26quot%3B%3A%26quot%3B2025-03-31%26quot%3B%2C%26quot%3Bads%26quot%3B%3A%5B%5D%7D; expires=Thu, 29 Mar 2035 11:06:49 GMT; Max-Age=315360000
                                            [2] => ad-con=%7B%26quot%3Bdate%26quot%3B%3A%26quot%3B2025-03-31%26quot%3B%2C%26quot%3Bads%26quot%3B%3A%5B%5D%7D; expires=Thu, 29 Mar 2035 11:06:49 GMT; Max-Age=315360000
                                            [3] => _us=1743505609; expires=Thu, 29 Mar 2035 11:06:49 GMT; Max-Age=315360000
                                            [4] => _us=1743505609; expires=Thu, 29 Mar 2035 11:06:49 GMT; Max-Age=315360000
                                            [5] => mode=day; expires=Thu, 29 Mar 2035 11:06:49 GMT; Max-Age=315360000; path=/
                                        )

                                    [expires] => Thu, 19 Nov 1981 08:52:00 GMT
                                    [cache-control] => no-store, no-cache, must-revalidate
                                    [pragma] => no-cache
                                    [keep-alive] => timeout=100,max=500
                                    [content-length] => 30
                                    [content-type] => text/html; charset=UTF-8
                                )

                        )

                    [Body] => Webhook processed successfully
                )

        )

)

2025-03-31T18:54:20+00:00 INFO Array
(
    [Webhook Delivery] => Array
        (
            [Delivery ID] => 0aa75b2825b8634d8920188652c7fe2d
            [Date] => Mar 31, 2025 @ 18:54
            [URL] => http://127.0.0.1/buzzjuice.net/streams/wow-pgb_webhook.php
            [Duration] => 0.93592
            [Request] => Array
                (
                    [Method] => POST
                    [Headers] => Array
                        (
                            [User-Agent] => WooCommerce/9.7.1 Hookshot (WordPress/6.7.2)
                            [Content-Type] => application/json
                            [X-WC-Webhook-Source] => http://127.0.0.1/buzzjuice.net/
                            [X-WC-Webhook-Topic] => order.updated
                            [X-WC-Webhook-Resource] => order
                            [X-WC-Webhook-Event] => updated
                            [X-WC-Webhook-Signature] => K2sRN6XbOfEsFBm1362xKr5I+9UaNBNTNnbMb1GXaQY=
                            [X-WC-Webhook-ID] => 1
                            [X-WC-Webhook-Delivery-ID] => 0aa75b2825b8634d8920188652c7fe2d
                        )

                )

            [Body] => {\"id\":689,\"parent_id\":0,\"status\":\"checkout-draft\",\"currency\":\"GHS\",\"version\":\"9.7.1\",\"prices_include_tax\":false,\"date_created\":\"2025-03-31T11:04:32\",\"date_modified\":\"2025-03-31T18:30:54\",\"discount_total\":\"0.00\",\"discount_tax\":\"0.00\",\"shipping_total\":\"0.00\",\"shipping_tax\":\"0.00\",\"cart_tax\":\"0.00\",\"total\":\"727.27\",\"total_tax\":\"0.00\",\"customer_id\":1,\"order_key\":\"wc_order_XHl4ecwV7TedQ\",\"billing\":{\"first_name\":\"Enka\",\"last_name\":\"BY\",\"company\":\"\",\"address_1\":\"DT801 SSNIT FLATS\",\"address_2\":\"\",\"city\":\"ACCRA\",\"state\":\"AA\",\"postcode\":\"\",\"country\":\"GH\",\"email\":\"admin@koware.org\",\"phone\":\"\"},\"shipping\":{\"first_name\":\"Enka\",\"last_name\":\"BY\",\"company\":\"\",\"address_1\":\"DT801 SSNIT FLATS\",\"address_2\":\"\",\"city\":\"ACCRA\",\"state\":\"AA\",\"postcode\":\"\",\"country\":\"GH\",\"phone\":\"\"},\"payment_method\":\"\",\"payment_method_title\":\"\",\"transaction_id\":\"\",\"customer_ip_address\":\"127.0.0.1\",\"customer_user_agent\":\"Mozilla\\/5.0 (Windows NT 10.0; Win64; x64) AppleWebKit\\/537.36 (KHTML, like Gecko) Chrome\\/132.0.0.0 Safari\\/537.36 OPR\\/117.0.0.0\",\"created_via\":\"store-api\",\"customer_note\":\"\",\"date_completed\":null,\"date_paid\":null,\"cart_hash\":\"9fc9cc8bc4ac935a9c90c121d5c2f958\",\"number\":\"689\",\"meta_data\":[{\"id\":1947,\"key\":\"_coupons_hash\",\"value\":\"d751713988987e9331980363e24189ce\"},{\"id\":1948,\"key\":\"_fees_hash\",\"value\":\"d751713988987e9331980363e24189ce\"},{\"id\":1946,\"key\":\"_shipping_hash\",\"value\":\"9d4568c009d203ab10e33ea9953a0264\"},{\"id\":1949,\"key\":\"_taxes_hash\",\"value\":\"d751713988987e9331980363e24189ce\"},{\"id\":1945,\"key\":\"_wow_order_id\",\"value\":\"wow_67ea76b37cbd5\"},{\"id\":1950,\"key\":\"is_vat_exempt\",\"value\":\"no\"}],\"line_items\":[{\"id\":7828,\"name\":\"New Cool Things\",\"product_id\":626,\"variation_id\":0,\"quantity\":1,\"tax_class\":\"\",\"subtotal\":\"727.27\",\"subtotal_tax\":\"0.00\",\"total\":\"727.27\",\"total_tax\":\"0.00\",\"taxes\":[],\"meta_data\":[],\"sku\":\"woo-pgb_market\",\"price\":727.272731,\"image\":{\"id\":\"\",\"src\":\"\"},\"parent_name\":null}],\"tax_lines\":[],\"shipping_lines\":[],\"fee_lines\":[],\"coupon_lines\":[],\"refunds\":[],\"payment_url\":\"http:\\/\\/127.0.0.1\\/buzzjuice.net\\/checkout\\/order-pay\\/689\\/?pay_for_order=true&key=wc_order_XHl4ecwV7TedQ\",\"is_editable\":false,\"needs_payment\":true,\"needs_processing\":false,\"date_created_gmt\":\"2025-03-31T11:04:32\",\"date_modified_gmt\":\"2025-03-31T18:30:54\",\"date_completed_gmt\":null,\"date_paid_gmt\":null,\"currency_symbol\":\"\\u20b5\",\"_links\":{\"self\":[{\"href\":\"http:\\/\\/127.0.0.1\\/buzzjuice.net\\/wp-json\\/wc\\/v3\\/orders\\/689\",\"targetHints\":{\"allow\":[\"GET\",\"POST\",\"PUT\",\"PATCH\",\"DELETE\"]}}],\"collection\":[{\"href\":\"http:\\/\\/127.0.0.1\\/buzzjuice.net\\/wp-json\\/wc\\/v3\\/orders\"}],\"customer\":[{\"href\":\"http:\\/\\/127.0.0.1\\/buzzjuice.net\\/wp-json\\/wc\\/v3\\/customers\\/1\"}]}}
            [Response] => Array
                (
                    [Code] => 200
                    [Message] => OK
                    [Headers] => WpOrg\Requests\Utility\CaseInsensitiveDictionary Object
                        (
                            [data:protected] => Array
                                (
                                    [date] => Mon, 31 Mar 2025 18:54:20 GMT
                                    [server] => Apache/2.4.58 (Win64) OpenSSL/3.1.3 PHP/8.2.12
                                    [x-powered-by] => PHP/8.2.12
                                    [set-cookie] => Array
                                        (
                                            [0] => PHPSESSID=o5vplra9rmpftdjc4kidm11bi5; path=/; HttpOnly
                                            [1] => ad-con=%7B%26quot%3Bdate%26quot%3B%3A%26quot%3B2025-03-31%26quot%3B%2C%26quot%3Bads%26quot%3B%3A%5B%5D%7D; expires=Thu, 29 Mar 2035 18:54:20 GMT; Max-Age=315360000
                                            [2] => ad-con=%7B%26quot%3Bdate%26quot%3B%3A%26quot%3B2025-03-31%26quot%3B%2C%26quot%3Bads%26quot%3B%3A%5B%5D%7D; expires=Thu, 29 Mar 2035 18:54:20 GMT; Max-Age=315360000
                                            [3] => _us=1743533660; expires=Thu, 29 Mar 2035 18:54:20 GMT; Max-Age=315360000
                                            [4] => _us=1743533660; expires=Thu, 29 Mar 2035 18:54:20 GMT; Max-Age=315360000
                                            [5] => mode=day; expires=Thu, 29 Mar 2035 18:54:20 GMT; Max-Age=315360000; path=/
                                        )

                                    [expires] => Thu, 19 Nov 1981 08:52:00 GMT
                                    [cache-control] => no-store, no-cache, must-revalidate
                                    [pragma] => no-cache
                                    [keep-alive] => timeout=100,max=500
                                    [content-length] => 30
                                    [content-type] => text/html; charset=UTF-8
                                )

                        )

                    [Body] => Webhook processed successfully
                )

        )

)

2025-03-31T22:01:08+00:00 INFO Array
(
    [Webhook Delivery] => Array
        (
            [Delivery ID] => 176b2073f7abc873eddd8270fff207ba
            [Date] => Mar 31, 2025 @ 22:01
            [URL] => http://127.0.0.1/buzzjuice.net/streams/wow-pgb_webhook.php
            [Duration] => 1.73345
            [Request] => Array
                (
                    [Method] => POST
                    [Headers] => Array
                        (
                            [User-Agent] => WooCommerce/9.7.1 Hookshot (WordPress/6.7.2)
                            [Content-Type] => application/json
                            [X-WC-Webhook-Source] => http://127.0.0.1/buzzjuice.net/
                            [X-WC-Webhook-Topic] => order.updated
                            [X-WC-Webhook-Resource] => order
                            [X-WC-Webhook-Event] => updated
                            [X-WC-Webhook-Signature] => ugQAbChumKceRxw4ySilrwBwiBRulfaUiPfpkq8TdT0=
                            [X-WC-Webhook-ID] => 1
                            [X-WC-Webhook-Delivery-ID] => 176b2073f7abc873eddd8270fff207ba
                        )

                )

            [Body] => {\"id\":689,\"parent_id\":0,\"status\":\"checkout-draft\",\"currency\":\"GHS\",\"version\":\"9.7.1\",\"prices_include_tax\":false,\"date_created\":\"2025-03-31T11:04:32\",\"date_modified\":\"2025-03-31T18:54:21\",\"discount_total\":\"0.00\",\"discount_tax\":\"0.00\",\"shipping_total\":\"0.00\",\"shipping_tax\":\"0.00\",\"cart_tax\":\"0.00\",\"total\":\"1818.18\",\"total_tax\":\"0.00\",\"customer_id\":1,\"order_key\":\"wc_order_XHl4ecwV7TedQ\",\"billing\":{\"first_name\":\"Enka\",\"last_name\":\"BY\",\"company\":\"\",\"address_1\":\"DT801 SSNIT FLATS\",\"address_2\":\"\",\"city\":\"ACCRA\",\"state\":\"AA\",\"postcode\":\"\",\"country\":\"GH\",\"email\":\"admin@koware.org\",\"phone\":\"\"},\"shipping\":{\"first_name\":\"Enka\",\"last_name\":\"BY\",\"company\":\"\",\"address_1\":\"DT801 SSNIT FLATS\",\"address_2\":\"\",\"city\":\"ACCRA\",\"state\":\"AA\",\"postcode\":\"\",\"country\":\"GH\",\"phone\":\"\"},\"payment_method\":\"\",\"payment_method_title\":\"\",\"transaction_id\":\"\",\"customer_ip_address\":\"127.0.0.1\",\"customer_user_agent\":\"Mozilla\\/5.0 (Windows NT 10.0; Win64; x64) AppleWebKit\\/537.36 (KHTML, like Gecko) Chrome\\/132.0.0.0 Safari\\/537.36 OPR\\/117.0.0.0\",\"created_via\":\"store-api\",\"customer_note\":\"\",\"date_completed\":null,\"date_paid\":null,\"cart_hash\":\"7a1b96783d37bc2579c72afbe1c983aa\",\"number\":\"689\",\"meta_data\":[{\"id\":1947,\"key\":\"_coupons_hash\",\"value\":\"d751713988987e9331980363e24189ce\"},{\"id\":1948,\"key\":\"_fees_hash\",\"value\":\"d751713988987e9331980363e24189ce\"},{\"id\":1946,\"key\":\"_shipping_hash\",\"value\":\"9d4568c009d203ab10e33ea9953a0264\"},{\"id\":1949,\"key\":\"_taxes_hash\",\"value\":\"d751713988987e9331980363e24189ce\"},{\"id\":1945,\"key\":\"_wow_order_id\",\"value\":\"wow_67eae4d49016f\"},{\"id\":1950,\"key\":\"is_vat_exempt\",\"value\":\"no\"}],\"line_items\":[{\"id\":7829,\"name\":\"New Cool Things\",\"product_id\":626,\"variation_id\":0,\"quantity\":1,\"tax_class\":\"\",\"subtotal\":\"727.27\",\"subtotal_tax\":\"0.00\",\"total\":\"727.27\",\"total_tax\":\"0.00\",\"taxes\":[],\"meta_data\":[],\"sku\":\"woo-pgb_market\",\"price\":727.272731,\"image\":{\"id\":\"\",\"src\":\"\"},\"parent_name\":null},{\"id\":7830,\"name\":\"New Cool Things\",\"product_id\":626,\"variation_id\":0,\"quantity\":1,\"tax_class\":\"\",\"subtotal\":\"1090.91\",\"subtotal_tax\":\"0.00\",\"total\":\"1090.91\",\"total_tax\":\"0.00\",\"taxes\":[],\"meta_data\":[],\"sku\":\"woo-pgb_market\",\"price\":1090.909097,\"image\":{\"id\":\"\",\"src\":\"\"},\"parent_name\":null}],\"tax_lines\":[],\"shipping_lines\":[],\"fee_lines\":[],\"coupon_lines\":[],\"refunds\":[],\"payment_url\":\"http:\\/\\/127.0.0.1\\/buzzjuice.net\\/checkout\\/order-pay\\/689\\/?pay_for_order=true&key=wc_order_XHl4ecwV7TedQ\",\"is_editable\":false,\"needs_payment\":true,\"needs_processing\":false,\"date_created_gmt\":\"2025-03-31T11:04:32\",\"date_modified_gmt\":\"2025-03-31T18:54:21\",\"date_completed_gmt\":null,\"date_paid_gmt\":null,\"currency_symbol\":\"\\u20b5\",\"_links\":{\"self\":[{\"href\":\"http:\\/\\/127.0.0.1\\/buzzjuice.net\\/wp-json\\/wc\\/v3\\/orders\\/689\",\"targetHints\":{\"allow\":[\"GET\",\"POST\",\"PUT\",\"PATCH\",\"DELETE\"]}}],\"collection\":[{\"href\":\"http:\\/\\/127.0.0.1\\/buzzjuice.net\\/wp-json\\/wc\\/v3\\/orders\"}],\"customer\":[{\"href\":\"http:\\/\\/127.0.0.1\\/buzzjuice.net\\/wp-json\\/wc\\/v3\\/customers\\/1\"}]}}
            [Response] => Array
                (
                    [Code] => 200
                    [Message] => OK
                    [Headers] => WpOrg\Requests\Utility\CaseInsensitiveDictionary Object
                        (
                            [data:protected] => Array
                                (
                                    [date] => Mon, 31 Mar 2025 22:01:08 GMT
                                    [server] => Apache/2.4.58 (Win64) OpenSSL/3.1.3 PHP/8.2.12
                                    [x-powered-by] => PHP/8.2.12
                                    [set-cookie] => Array
                                        (
                                            [0] => PHPSESSID=5e4gor6brcvk801qb0gqcq1ca8; path=/; HttpOnly
                                            [1] => ad-con=%7B%26quot%3Bdate%26quot%3B%3A%26quot%3B2025-03-31%26quot%3B%2C%26quot%3Bads%26quot%3B%3A%5B%5D%7D; expires=Thu, 29 Mar 2035 22:01:08 GMT; Max-Age=315360000
                                            [2] => ad-con=%7B%26quot%3Bdate%26quot%3B%3A%26quot%3B2025-03-31%26quot%3B%2C%26quot%3Bads%26quot%3B%3A%5B%5D%7D; expires=Thu, 29 Mar 2035 22:01:08 GMT; Max-Age=315360000
                                            [3] => _us=1743544868; expires=Thu, 29 Mar 2035 22:01:08 GMT; Max-Age=315360000
                                            [4] => _us=1743544868; expires=Thu, 29 Mar 2035 22:01:08 GMT; Max-Age=315360000
                                            [5] => mode=day; expires=Thu, 29 Mar 2035 22:01:08 GMT; Max-Age=315360000; path=/
                                        )

                                    [expires] => Thu, 19 Nov 1981 08:52:00 GMT
                                    [cache-control] => no-store, no-cache, must-revalidate
                                    [pragma] => no-cache
                                    [keep-alive] => timeout=100,max=500
                                    [content-length] => 30
                                    [content-type] => text/html; charset=UTF-8
                                )

                        )

                    [Body] => Webhook processed successfully
                )

        )

)

