[2025-09-02 08:16:36][General] [WoWonder] Skipping unknown column: qd_user_id
[2025-09-02 08:16:36][General] [WoWonder] Skipping unknown column: wo_user_id
[2025-09-02 08:16:36][General] [WoWonder] Successfully updated Wo_Users ID 1
[2025-09-02 08:16:36][General] [QuickDate] Skipping unknown column: user_id
[2025-09-02 08:16:36][General] [QuickDate] Skipping unknown column: qd_user_id
[2025-09-02 08:16:36][General] [QuickDate] Skipping unknown column: wo_user_id
[2025-09-02 08:16:36][General] [QuickDate] Skipping unknown column: follow_privacy
[2025-09-02 08:16:36][General] [QuickDate] Skipping unknown column: friend_privacy
[2025-09-02 08:16:36][General] [QuickDate] Skipping unknown column: post_privacy
[2025-09-02 08:16:36][General] [QuickDate] Skipping unknown column: message_privacy
[2025-09-02 08:16:36][General] [QuickDate] Skipping unknown column: show_activities_privacy
[2025-09-02 08:16:36][General] [QuickDate] Skipping unknown column: birth_privacy
[2025-09-02 08:16:36][General] [QuickDate] Skipping unknown column: visit_privacy
[2025-09-02 08:16:36][General] [QuickDate] Skipping unknown column: showlastseen
[2025-09-02 08:16:36][General] [QuickDate] Skipping unknown column: emailNotification
[2025-09-02 08:16:36][General] [QuickDate] Skipping unknown column: e_liked
[2025-09-02 08:16:36][General] [QuickDate] Skipping unknown column: e_wondered
[2025-09-02 08:16:36][General] [QuickDate] Skipping unknown column: e_shared
[2025-09-02 08:16:36][General] [QuickDate] Skipping unknown column: e_followed
[2025-09-02 08:16:36][General] [QuickDate] Skipping unknown column: e_commented
[2025-09-02 08:16:36][General] [QuickDate] Skipping unknown column: e_visited
[2025-09-02 08:16:36][General] [QuickDate] Skipping unknown column: e_liked_page
[2025-09-02 08:16:36][General] [QuickDate] Skipping unknown column: e_mentioned
[2025-09-02 08:16:36][General] [QuickDate] Skipping unknown column: e_joined_group
[2025-09-02 08:16:36][General] [QuickDate] Skipping unknown column: e_accepted
[2025-09-02 08:16:36][General] [QuickDate] Skipping unknown column: e_profile_wall_post
[2025-09-02 08:16:36][General] [QuickDate] Skipping unknown column: e_sentme_msg
[2025-09-02 08:16:36][General] [QuickDate] Skipping unknown column: e_last_notif
[2025-09-02 08:16:36][General] [QuickDate] Skipping unknown column: notification_settings
[2025-09-02 08:16:36][General] [QuickDate] Skipping unknown column: start_up_info
[2025-09-02 08:16:36][General] [QuickDate] Skipping unknown column: startup_follow
[2025-09-02 08:16:36][General] [QuickDate] Skipping unknown column: startup_image
[2025-09-02 08:16:36][General] [QuickDate] Skipping unknown column: sms_code
[2025-09-02 08:16:36][General] [QuickDate] Skipping unknown column: joined
[2025-09-02 08:16:36][General] [QuickDate] Skipping unknown column: ref_user_id
[2025-09-02 08:16:36][General] [QuickDate] Skipping unknown column: notifications_sound
[2025-09-02 08:16:36][General] [QuickDate] Skipping unknown column: last_data_update
[2025-09-02 08:16:36][General] [QuickDate] Skipping unknown column: last_avatar_mod
[2025-09-02 08:16:36][General] [QuickDate] Skipping unknown column: last_cover_mod
[2025-09-02 08:16:36][General] [QuickDate] Skipping unknown column: points
[2025-09-02 08:16:36][General] [QuickDate] Skipping unknown column: daily_points
[2025-09-02 08:16:36][General] [QuickDate] Skipping unknown column: converted_points
[2025-09-02 08:16:36][General] [QuickDate] Skipping unknown column: point_day_expire
[2025-09-02 08:16:36][General] [QuickDate] Skipping unknown column: last_follow_id
[2025-09-02 08:16:36][General] [QuickDate] Skipping unknown column: share_my_data
[2025-09-02 08:16:36][General] [QuickDate] Skipping unknown column: code_sent
[2025-09-02 08:16:36][General] [QuickDate] Skipping unknown column: time_code_sent
[2025-09-02 08:16:36][General] [QuickDate] Skipping unknown column: banned
[2025-09-02 08:16:36][General] [QuickDate] Skipping unknown column: credits
[2025-09-02 08:16:36][General] [QuickDate] Skipping unknown column: two_factor_method
[2025-09-02 08:16:36][General] [QuickDate] Successfully updated users ID 1
[2025-09-02 08:16:36][General] [WoWonder] Skipping unknown column: qd_user_id
[2025-09-02 08:16:36][General] [WoWonder] Skipping unknown column: wo_user_id
[2025-09-02 08:16:36][General] [WoWonder] Successfully updated Wo_Users ID 1
[2025-09-02 08:16:36][General] [QuickDate] Skipping unknown column: user_id
[2025-09-02 08:16:36][General] [QuickDate] Skipping unknown column: qd_user_id
[2025-09-02 08:16:36][General] [QuickDate] Skipping unknown column: wo_user_id
[2025-09-02 08:16:36][General] [QuickDate] Skipping unknown column: follow_privacy
[2025-09-02 08:16:36][General] [QuickDate] Skipping unknown column: friend_privacy
[2025-09-02 08:16:36][General] [QuickDate] Skipping unknown column: post_privacy
[2025-09-02 08:16:36][General] [QuickDate] Skipping unknown column: message_privacy
[2025-09-02 08:16:36][General] [QuickDate] Skipping unknown column: show_activities_privacy
[2025-09-02 08:16:36][General] [QuickDate] Skipping unknown column: birth_privacy
[2025-09-02 08:16:36][General] [QuickDate] Skipping unknown column: visit_privacy
[2025-09-02 08:16:36][General] [QuickDate] Skipping unknown column: showlastseen
[2025-09-02 08:16:36][General] [QuickDate] Skipping unknown column: emailNotification
[2025-09-02 08:16:36][General] [QuickDate] Skipping unknown column: e_liked
[2025-09-02 08:16:36][General] [QuickDate] Skipping unknown column: e_wondered
[2025-09-02 08:16:36][General] [QuickDate] Skipping unknown column: e_shared
[2025-09-02 08:16:36][General] [QuickDate] Skipping unknown column: e_followed
[2025-09-02 08:16:36][General] [QuickDate] Skipping unknown column: e_commented
[2025-09-02 08:16:36][General] [QuickDate] Skipping unknown column: e_visited
[2025-09-02 08:16:36][General] [QuickDate] Skipping unknown column: e_liked_page
[2025-09-02 08:16:36][General] [QuickDate] Skipping unknown column: e_mentioned
[2025-09-02 08:16:36][General] [QuickDate] Skipping unknown column: e_joined_group
[2025-09-02 08:16:36][General] [QuickDate] Skipping unknown column: e_accepted
[2025-09-02 08:16:36][General] [QuickDate] Skipping unknown column: e_profile_wall_post
[2025-09-02 08:16:36][General] [QuickDate] Skipping unknown column: e_sentme_msg
[2025-09-02 08:16:36][General] [QuickDate] Skipping unknown column: e_last_notif
[2025-09-02 08:16:36][General] [QuickDate] Skipping unknown column: notification_settings
[2025-09-02 08:16:36][General] [QuickDate] Skipping unknown column: start_up_info
[2025-09-02 08:16:36][General] [QuickDate] Skipping unknown column: startup_follow
[2025-09-02 08:16:36][General] [QuickDate] Skipping unknown column: startup_image
[2025-09-02 08:16:36][General] [QuickDate] Skipping unknown column: sms_code
[2025-09-02 08:16:36][General] [QuickDate] Skipping unknown column: joined
[2025-09-02 08:16:36][General] [QuickDate] Skipping unknown column: ref_user_id
[2025-09-02 08:16:36][General] [QuickDate] Skipping unknown column: notifications_sound
[2025-09-02 08:16:36][General] [QuickDate] Skipping unknown column: last_data_update
[2025-09-02 08:16:36][General] [QuickDate] Skipping unknown column: last_avatar_mod
[2025-09-02 08:16:36][General] [QuickDate] Skipping unknown column: last_cover_mod
[2025-09-02 08:16:36][General] [QuickDate] Skipping unknown column: points
[2025-09-02 08:16:36][General] [QuickDate] Skipping unknown column: daily_points
[2025-09-02 08:16:36][General] [QuickDate] Skipping unknown column: converted_points
[2025-09-02 08:16:36][General] [QuickDate] Skipping unknown column: point_day_expire
[2025-09-02 08:16:36][General] [QuickDate] Skipping unknown column: last_follow_id
[2025-09-02 08:16:36][General] [QuickDate] Skipping unknown column: share_my_data
[2025-09-02 08:16:36][General] [QuickDate] Skipping unknown column: code_sent
[2025-09-02 08:16:36][General] [QuickDate] Skipping unknown column: time_code_sent
[2025-09-02 08:16:36][General] [QuickDate] Skipping unknown column: banned
[2025-09-02 08:16:36][General] [QuickDate] Skipping unknown column: credits
[2025-09-02 08:16:36][General] [QuickDate] Skipping unknown column: two_factor_method
[2025-09-02 08:16:36][General] [QuickDate] Skipping unknown column: cover
[2025-09-02 08:16:36][General] [QuickDate] Skipping unknown column: background_image_status
[2025-09-02 08:16:36][General] [QuickDate] Skipping unknown column: relationship_id
[2025-09-02 08:16:36][General] [QuickDate] Skipping unknown column: school
[2025-09-02 08:16:36][General] [QuickDate] Skipping unknown column: country_id
[2025-09-02 08:16:36][General] [QuickDate] Skipping unknown column: school_completed
[2025-09-02 08:16:36][General] [QuickDate] Skipping unknown column: weather_unit
[2025-09-02 08:16:36][General] [QuickDate] Skipping unknown column: wallet
[2025-09-02 08:16:36][General] [QuickDate] Skipping unknown column: share_my_location
[2025-09-02 08:16:36][General] [QuickDate] Skipping unknown column: details
[2025-09-02 08:16:36][General] [QuickDate] Skipping unknown column: sidebar_data
[2025-09-02 08:16:36][General] [QuickDate] Skipping unknown column: order_posts_by
[2025-09-02 08:16:36][General] [QuickDate] Skipping unknown column: phone_privacy
[2025-09-02 08:16:36][General] [QuickDate] Skipping unknown column: have_monetization
[2025-09-02 08:16:36][General] [QuickDate] Successfully updated users ID 1
[2025-09-02 08:16:36][General] [WoWonder] Skipping unknown column: qd_user_id
[2025-09-02 08:16:36][General] [WoWonder] Skipping unknown column: wo_user_id
[2025-09-02 08:16:36][General] [WoWonder] Successfully updated Wo_Users ID 1
[2025-09-02 08:16:36][General] [QuickDate] Skipping unknown column: user_id
[2025-09-02 08:16:36][General] [QuickDate] Skipping unknown column: qd_user_id
[2025-09-02 08:16:36][General] [QuickDate] Skipping unknown column: wo_user_id
[2025-09-02 08:16:36][General] [QuickDate] Skipping unknown column: follow_privacy
[2025-09-02 08:16:36][General] [QuickDate] Skipping unknown column: friend_privacy
[2025-09-02 08:16:36][General] [QuickDate] Skipping unknown column: post_privacy
[2025-09-02 08:16:36][General] [QuickDate] Skipping unknown column: message_privacy
[2025-09-02 08:16:36][General] [QuickDate] Skipping unknown column: show_activities_privacy
[2025-09-02 08:16:36][General] [QuickDate] Skipping unknown column: birth_privacy
[2025-09-02 08:16:36][General] [QuickDate] Skipping unknown column: visit_privacy
[2025-09-02 08:16:36][General] [QuickDate] Skipping unknown column: showlastseen
[2025-09-02 08:16:36][General] [QuickDate] Skipping unknown column: emailNotification
[2025-09-02 08:16:36][General] [QuickDate] Skipping unknown column: e_liked
[2025-09-02 08:16:36][General] [QuickDate] Skipping unknown column: e_wondered
[2025-09-02 08:16:36][General] [QuickDate] Skipping unknown column: e_shared
[2025-09-02 08:16:36][General] [QuickDate] Skipping unknown column: e_followed
[2025-09-02 08:16:36][General] [QuickDate] Skipping unknown column: e_commented
[2025-09-02 08:16:36][General] [QuickDate] Skipping unknown column: e_visited
[2025-09-02 08:16:36][General] [QuickDate] Skipping unknown column: e_liked_page
[2025-09-02 08:16:36][General] [QuickDate] Skipping unknown column: e_mentioned
[2025-09-02 08:16:36][General] [QuickDate] Skipping unknown column: e_joined_group
[2025-09-02 08:16:36][General] [QuickDate] Skipping unknown column: e_accepted
[2025-09-02 08:16:36][General] [QuickDate] Skipping unknown column: e_profile_wall_post
[2025-09-02 08:16:36][General] [QuickDate] Skipping unknown column: e_sentme_msg
[2025-09-02 08:16:36][General] [QuickDate] Skipping unknown column: e_last_notif
[2025-09-02 08:16:36][General] [QuickDate] Skipping unknown column: notification_settings
[2025-09-02 08:16:36][General] [QuickDate] Skipping unknown column: start_up_info
[2025-09-02 08:16:36][General] [QuickDate] Skipping unknown column: startup_follow
[2025-09-02 08:16:36][General] [QuickDate] Skipping unknown column: startup_image
[2025-09-02 08:16:36][General] [QuickDate] Skipping unknown column: sms_code
[2025-09-02 08:16:36][General] [QuickDate] Skipping unknown column: joined
[2025-09-02 08:16:36][General] [QuickDate] Skipping unknown column: ref_user_id
[2025-09-02 08:16:36][General] [QuickDate] Skipping unknown column: notifications_sound
[2025-09-02 08:16:36][General] [QuickDate] Skipping unknown column: last_data_update
[2025-09-02 08:16:36][General] [QuickDate] Skipping unknown column: last_avatar_mod
[2025-09-02 08:16:36][General] [QuickDate] Skipping unknown column: last_cover_mod
[2025-09-02 08:16:36][General] [QuickDate] Skipping unknown column: points
[2025-09-02 08:16:36][General] [QuickDate] Skipping unknown column: daily_points
[2025-09-02 08:16:36][General] [QuickDate] Skipping unknown column: converted_points
[2025-09-02 08:16:36][General] [QuickDate] Skipping unknown column: point_day_expire
[2025-09-02 08:16:36][General] [QuickDate] Skipping unknown column: last_follow_id
[2025-09-02 08:16:36][General] [QuickDate] Skipping unknown column: share_my_data
[2025-09-02 08:16:36][General] [QuickDate] Skipping unknown column: code_sent
[2025-09-02 08:16:36][General] [QuickDate] Skipping unknown column: time_code_sent
[2025-09-02 08:16:36][General] [QuickDate] Skipping unknown column: banned
[2025-09-02 08:16:36][General] [QuickDate] Skipping unknown column: credits
[2025-09-02 08:16:36][General] [QuickDate] Skipping unknown column: two_factor_method
[2025-09-02 08:16:36][General] [QuickDate] Skipping unknown column: cover
[2025-09-02 08:16:36][General] [QuickDate] Skipping unknown column: background_image_status
[2025-09-02 08:16:36][General] [QuickDate] Skipping unknown column: relationship_id
[2025-09-02 08:16:36][General] [QuickDate] Skipping unknown column: school
[2025-09-02 08:16:36][General] [QuickDate] Skipping unknown column: country_id
[2025-09-02 08:16:36][General] [QuickDate] Skipping unknown column: school_completed
[2025-09-02 08:16:36][General] [QuickDate] Skipping unknown column: weather_unit
[2025-09-02 08:16:36][General] [QuickDate] Skipping unknown column: wallet
[2025-09-02 08:16:36][General] [QuickDate] Skipping unknown column: share_my_location
[2025-09-02 08:16:36][General] [QuickDate] Skipping unknown column: details
[2025-09-02 08:16:36][General] [QuickDate] Skipping unknown column: sidebar_data
[2025-09-02 08:16:36][General] [QuickDate] Skipping unknown column: order_posts_by
[2025-09-02 08:16:36][General] [QuickDate] Skipping unknown column: phone_privacy
[2025-09-02 08:16:36][General] [QuickDate] Skipping unknown column: have_monetization
[2025-09-02 08:16:36][General] [QuickDate] Successfully updated users ID 1
[2025-09-02 08:16:36][General] [WoWonder] Skipping unknown column: qd_user_id
[2025-09-02 08:16:36][General] [WoWonder] Skipping unknown column: wo_user_id
[2025-09-02 08:16:36][General] [WoWonder] Successfully updated Wo_Users ID 1
[2025-09-02 08:16:36][General] [QuickDate] Skipping unknown column: user_id
[2025-09-02 08:16:36][General] [QuickDate] Skipping unknown column: qd_user_id
[2025-09-02 08:16:36][General] [QuickDate] Skipping unknown column: wo_user_id
[2025-09-02 08:16:36][General] [QuickDate] Skipping unknown column: follow_privacy
[2025-09-02 08:16:36][General] [QuickDate] Skipping unknown column: friend_privacy
[2025-09-02 08:16:36][General] [QuickDate] Skipping unknown column: post_privacy
[2025-09-02 08:16:36][General] [QuickDate] Skipping unknown column: message_privacy
[2025-09-02 08:16:36][General] [QuickDate] Skipping unknown column: show_activities_privacy
[2025-09-02 08:16:36][General] [QuickDate] Skipping unknown column: birth_privacy
[2025-09-02 08:16:36][General] [QuickDate] Skipping unknown column: visit_privacy
[2025-09-02 08:16:36][General] [QuickDate] Skipping unknown column: showlastseen
[2025-09-02 08:16:36][General] [QuickDate] Skipping unknown column: emailNotification
[2025-09-02 08:16:36][General] [QuickDate] Skipping unknown column: e_liked
[2025-09-02 08:16:36][General] [QuickDate] Skipping unknown column: e_wondered
[2025-09-02 08:16:36][General] [QuickDate] Skipping unknown column: e_shared
[2025-09-02 08:16:36][General] [QuickDate] Skipping unknown column: e_followed
[2025-09-02 08:16:36][General] [QuickDate] Skipping unknown column: e_commented
[2025-09-02 08:16:36][General] [QuickDate] Skipping unknown column: e_visited
[2025-09-02 08:16:36][General] [QuickDate] Skipping unknown column: e_liked_page
[2025-09-02 08:16:36][General] [QuickDate] Skipping unknown column: e_mentioned
[2025-09-02 08:16:36][General] [QuickDate] Skipping unknown column: e_joined_group
[2025-09-02 08:16:36][General] [QuickDate] Skipping unknown column: e_accepted
[2025-09-02 08:16:36][General] [QuickDate] Skipping unknown column: e_profile_wall_post
[2025-09-02 08:16:36][General] [QuickDate] Skipping unknown column: e_sentme_msg
[2025-09-02 08:16:36][General] [QuickDate] Skipping unknown column: e_last_notif
[2025-09-02 08:16:36][General] [QuickDate] Skipping unknown column: notification_settings
[2025-09-02 08:16:36][General] [QuickDate] Skipping unknown column: start_up_info
[2025-09-02 08:16:36][General] [QuickDate] Skipping unknown column: startup_follow
[2025-09-02 08:16:36][General] [QuickDate] Skipping unknown column: startup_image
[2025-09-02 08:16:36][General] [QuickDate] Skipping unknown column: sms_code
[2025-09-02 08:16:36][General] [QuickDate] Skipping unknown column: joined
[2025-09-02 08:16:36][General] [QuickDate] Skipping unknown column: ref_user_id
[2025-09-02 08:16:36][General] [QuickDate] Skipping unknown column: notifications_sound
[2025-09-02 08:16:36][General] [QuickDate] Skipping unknown column: last_data_update
[2025-09-02 08:16:36][General] [QuickDate] Skipping unknown column: last_avatar_mod
[2025-09-02 08:16:36][General] [QuickDate] Skipping unknown column: last_cover_mod
[2025-09-02 08:16:36][General] [QuickDate] Skipping unknown column: points
[2025-09-02 08:16:36][General] [QuickDate] Skipping unknown column: daily_points
[2025-09-02 08:16:36][General] [QuickDate] Skipping unknown column: converted_points
[2025-09-02 08:16:36][General] [QuickDate] Skipping unknown column: point_day_expire
[2025-09-02 08:16:36][General] [QuickDate] Skipping unknown column: last_follow_id
[2025-09-02 08:16:36][General] [QuickDate] Skipping unknown column: share_my_data
[2025-09-02 08:16:36][General] [QuickDate] Skipping unknown column: code_sent
[2025-09-02 08:16:36][General] [QuickDate] Skipping unknown column: time_code_sent
[2025-09-02 08:16:36][General] [QuickDate] Skipping unknown column: banned
[2025-09-02 08:16:36][General] [QuickDate] Skipping unknown column: credits
[2025-09-02 08:16:36][General] [QuickDate] Skipping unknown column: two_factor_method
[2025-09-02 08:16:36][General] [QuickDate] Skipping unknown column: cover
[2025-09-02 08:16:36][General] [QuickDate] Skipping unknown column: background_image_status
[2025-09-02 08:16:36][General] [QuickDate] Skipping unknown column: relationship_id
[2025-09-02 08:16:36][General] [QuickDate] Skipping unknown column: school
[2025-09-02 08:16:36][General] [QuickDate] Skipping unknown column: country_id
[2025-09-02 08:16:36][General] [QuickDate] Skipping unknown column: school_completed
[2025-09-02 08:16:36][General] [QuickDate] Skipping unknown column: weather_unit
[2025-09-02 08:16:36][General] [QuickDate] Skipping unknown column: wallet
[2025-09-02 08:16:36][General] [QuickDate] Skipping unknown column: share_my_location
[2025-09-02 08:16:36][General] [QuickDate] Skipping unknown column: details
[2025-09-02 08:16:36][General] [QuickDate] Skipping unknown column: sidebar_data
[2025-09-02 08:16:36][General] [QuickDate] Skipping unknown column: order_posts_by
[2025-09-02 08:16:36][General] [QuickDate] Skipping unknown column: phone_privacy
[2025-09-02 08:16:36][General] [QuickDate] Skipping unknown column: have_monetization
[2025-09-02 08:16:36][General] [QuickDate] Successfully updated users ID 1
[2025-09-02 08:16:36][General] [WoWonder] Skipping unknown column: qd_user_id
[2025-09-02 08:16:36][General] [WoWonder] Skipping unknown column: wo_user_id
[2025-09-02 08:16:36][General] [WoWonder] Successfully updated Wo_Users ID 1
[2025-09-02 08:16:36][General] [QuickDate] Skipping unknown column: user_id
[2025-09-02 08:16:36][General] [QuickDate] Skipping unknown column: qd_user_id
[2025-09-02 08:16:36][General] [QuickDate] Skipping unknown column: wo_user_id
[2025-09-02 08:16:36][General] [QuickDate] Skipping unknown column: follow_privacy
[2025-09-02 08:16:36][General] [QuickDate] Skipping unknown column: friend_privacy
[2025-09-02 08:16:36][General] [QuickDate] Skipping unknown column: post_privacy
[2025-09-02 08:16:36][General] [QuickDate] Skipping unknown column: message_privacy
[2025-09-02 08:16:36][General] [QuickDate] Skipping unknown column: show_activities_privacy
[2025-09-02 08:16:36][General] [QuickDate] Skipping unknown column: birth_privacy
[2025-09-02 08:16:36][General] [QuickDate] Skipping unknown column: visit_privacy
[2025-09-02 08:16:36][General] [QuickDate] Skipping unknown column: showlastseen
[2025-09-02 08:16:36][General] [QuickDate] Skipping unknown column: emailNotification
[2025-09-02 08:16:36][General] [QuickDate] Skipping unknown column: e_liked
[2025-09-02 08:16:36][General] [QuickDate] Skipping unknown column: e_wondered
[2025-09-02 08:16:36][General] [QuickDate] Skipping unknown column: e_shared
[2025-09-02 08:16:36][General] [QuickDate] Skipping unknown column: e_followed
[2025-09-02 08:16:36][General] [QuickDate] Skipping unknown column: e_commented
[2025-09-02 08:16:36][General] [QuickDate] Skipping unknown column: e_visited
[2025-09-02 08:16:36][General] [QuickDate] Skipping unknown column: e_liked_page
[2025-09-02 08:16:36][General] [QuickDate] Skipping unknown column: e_mentioned
[2025-09-02 08:16:36][General] [QuickDate] Skipping unknown column: e_joined_group
[2025-09-02 08:16:36][General] [QuickDate] Skipping unknown column: e_accepted
[2025-09-02 08:16:36][General] [QuickDate] Skipping unknown column: e_profile_wall_post
[2025-09-02 08:16:36][General] [QuickDate] Skipping unknown column: e_sentme_msg
[2025-09-02 08:16:36][General] [QuickDate] Skipping unknown column: e_last_notif
[2025-09-02 08:16:36][General] [QuickDate] Skipping unknown column: notification_settings
[2025-09-02 08:16:36][General] [QuickDate] Skipping unknown column: start_up_info
[2025-09-02 08:16:36][General] [QuickDate] Skipping unknown column: startup_follow
[2025-09-02 08:16:36][General] [QuickDate] Skipping unknown column: startup_image
[2025-09-02 08:16:36][General] [QuickDate] Skipping unknown column: sms_code
[2025-09-02 08:16:36][General] [QuickDate] Skipping unknown column: joined
[2025-09-02 08:16:36][General] [QuickDate] Skipping unknown column: ref_user_id
[2025-09-02 08:16:36][General] [QuickDate] Skipping unknown column: notifications_sound
[2025-09-02 08:16:36][General] [QuickDate] Skipping unknown column: last_data_update
[2025-09-02 08:16:36][General] [QuickDate] Skipping unknown column: last_avatar_mod
[2025-09-02 08:16:36][General] [QuickDate] Skipping unknown column: last_cover_mod
[2025-09-02 08:16:36][General] [QuickDate] Skipping unknown column: points
[2025-09-02 08:16:36][General] [QuickDate] Skipping unknown column: daily_points
[2025-09-02 08:16:36][General] [QuickDate] Skipping unknown column: converted_points
[2025-09-02 08:16:36][General] [QuickDate] Skipping unknown column: point_day_expire
[2025-09-02 08:16:36][General] [QuickDate] Skipping unknown column: last_follow_id
[2025-09-02 08:16:36][General] [QuickDate] Skipping unknown column: share_my_data
[2025-09-02 08:16:36][General] [QuickDate] Skipping unknown column: code_sent
[2025-09-02 08:16:36][General] [QuickDate] Skipping unknown column: time_code_sent
[2025-09-02 08:16:36][General] [QuickDate] Skipping unknown column: banned
[2025-09-02 08:16:36][General] [QuickDate] Skipping unknown column: credits
[2025-09-02 08:16:36][General] [QuickDate] Skipping unknown column: two_factor_method
[2025-09-02 08:16:36][General] [QuickDate] Skipping unknown column: cover
[2025-09-02 08:16:36][General] [QuickDate] Skipping unknown column: background_image_status
[2025-09-02 08:16:36][General] [QuickDate] Skipping unknown column: relationship_id
[2025-09-02 08:16:36][General] [QuickDate] Skipping unknown column: school
[2025-09-02 08:16:36][General] [QuickDate] Skipping unknown column: country_id
[2025-09-02 08:16:36][General] [QuickDate] Skipping unknown column: school_completed
[2025-09-02 08:16:36][General] [QuickDate] Skipping unknown column: weather_unit
[2025-09-02 08:16:36][General] [QuickDate] Skipping unknown column: wallet
[2025-09-02 08:16:36][General] [QuickDate] Skipping unknown column: share_my_location
[2025-09-02 08:16:36][General] [QuickDate] Skipping unknown column: details
[2025-09-02 08:16:36][General] [QuickDate] Skipping unknown column: sidebar_data
[2025-09-02 08:16:36][General] [QuickDate] Skipping unknown column: order_posts_by
[2025-09-02 08:16:36][General] [QuickDate] Skipping unknown column: phone_privacy
[2025-09-02 08:16:36][General] [QuickDate] Skipping unknown column: have_monetization
[2025-09-02 08:16:36][General] [QuickDate] Successfully updated users ID 1
[2025-09-02 09:00:31][General] [WoWonder] Skipping unknown column: qd_user_id
[2025-09-02 09:00:31][General] [WoWonder] Skipping unknown column: wo_user_id
[2025-09-02 09:00:31][General] [WoWonder] Successfully updated Wo_Users ID 1
[2025-09-02 09:00:31][General] [QuickDate] Skipping unknown column: user_id
[2025-09-02 09:00:31][General] [QuickDate] Skipping unknown column: qd_user_id
[2025-09-02 09:00:31][General] [QuickDate] Skipping unknown column: wo_user_id
[2025-09-02 09:00:31][General] [QuickDate] Skipping unknown column: follow_privacy
[2025-09-02 09:00:31][General] [QuickDate] Skipping unknown column: friend_privacy
[2025-09-02 09:00:31][General] [QuickDate] Skipping unknown column: post_privacy
[2025-09-02 09:00:31][General] [QuickDate] Skipping unknown column: message_privacy
[2025-09-02 09:00:31][General] [QuickDate] Skipping unknown column: show_activities_privacy
[2025-09-02 09:00:31][General] [QuickDate] Skipping unknown column: birth_privacy
[2025-09-02 09:00:31][General] [QuickDate] Skipping unknown column: visit_privacy
[2025-09-02 09:00:31][General] [QuickDate] Skipping unknown column: showlastseen
[2025-09-02 09:00:31][General] [QuickDate] Skipping unknown column: emailNotification
[2025-09-02 09:00:31][General] [QuickDate] Skipping unknown column: e_liked
[2025-09-02 09:00:31][General] [QuickDate] Skipping unknown column: e_wondered
[2025-09-02 09:00:31][General] [QuickDate] Skipping unknown column: e_shared
[2025-09-02 09:00:31][General] [QuickDate] Skipping unknown column: e_followed
[2025-09-02 09:00:31][General] [QuickDate] Skipping unknown column: e_commented
[2025-09-02 09:00:31][General] [QuickDate] Skipping unknown column: e_visited
[2025-09-02 09:00:31][General] [QuickDate] Skipping unknown column: e_liked_page
[2025-09-02 09:00:31][General] [QuickDate] Skipping unknown column: e_mentioned
[2025-09-02 09:00:31][General] [QuickDate] Skipping unknown column: e_joined_group
[2025-09-02 09:00:31][General] [QuickDate] Skipping unknown column: e_accepted
[2025-09-02 09:00:31][General] [QuickDate] Skipping unknown column: e_profile_wall_post
[2025-09-02 09:00:31][General] [QuickDate] Skipping unknown column: e_sentme_msg
[2025-09-02 09:00:31][General] [QuickDate] Skipping unknown column: e_last_notif
[2025-09-02 09:00:31][General] [QuickDate] Skipping unknown column: notification_settings
[2025-09-02 09:00:31][General] [QuickDate] Skipping unknown column: start_up_info
[2025-09-02 09:00:31][General] [QuickDate] Skipping unknown column: startup_follow
[2025-09-02 09:00:31][General] [QuickDate] Skipping unknown column: startup_image
[2025-09-02 09:00:31][General] [QuickDate] Skipping unknown column: sms_code
[2025-09-02 09:00:31][General] [QuickDate] Skipping unknown column: joined
[2025-09-02 09:00:31][General] [QuickDate] Skipping unknown column: ref_user_id
[2025-09-02 09:00:31][General] [QuickDate] Skipping unknown column: notifications_sound
[2025-09-02 09:00:31][General] [QuickDate] Skipping unknown column: last_data_update
[2025-09-02 09:00:31][General] [QuickDate] Skipping unknown column: last_avatar_mod
[2025-09-02 09:00:31][General] [QuickDate] Skipping unknown column: last_cover_mod
[2025-09-02 09:00:31][General] [QuickDate] Skipping unknown column: points
[2025-09-02 09:00:31][General] [QuickDate] Skipping unknown column: daily_points
[2025-09-02 09:00:31][General] [QuickDate] Skipping unknown column: converted_points
[2025-09-02 09:00:31][General] [QuickDate] Skipping unknown column: point_day_expire
[2025-09-02 09:00:31][General] [QuickDate] Skipping unknown column: last_follow_id
[2025-09-02 09:00:31][General] [QuickDate] Skipping unknown column: share_my_data
[2025-09-02 09:00:31][General] [QuickDate] Skipping unknown column: code_sent
[2025-09-02 09:00:31][General] [QuickDate] Skipping unknown column: time_code_sent
[2025-09-02 09:00:31][General] [QuickDate] Skipping unknown column: banned
[2025-09-02 09:00:31][General] [QuickDate] Skipping unknown column: credits
[2025-09-02 09:00:31][General] [QuickDate] Skipping unknown column: two_factor_method
[2025-09-02 09:00:31][General] [QuickDate] Successfully updated users ID 1
[2025-09-02 09:00:31][General] [WoWonder] Skipping unknown column: qd_user_id
[2025-09-02 09:00:31][General] [WoWonder] Skipping unknown column: wo_user_id
[2025-09-02 09:00:31][General] [WoWonder] Successfully updated Wo_Users ID 1
[2025-09-02 09:00:31][General] [QuickDate] Skipping unknown column: user_id
[2025-09-02 09:00:31][General] [QuickDate] Skipping unknown column: qd_user_id
[2025-09-02 09:00:31][General] [QuickDate] Skipping unknown column: wo_user_id
[2025-09-02 09:00:31][General] [QuickDate] Skipping unknown column: follow_privacy
[2025-09-02 09:00:31][General] [QuickDate] Skipping unknown column: friend_privacy
[2025-09-02 09:00:31][General] [QuickDate] Skipping unknown column: post_privacy
[2025-09-02 09:00:31][General] [QuickDate] Skipping unknown column: message_privacy
[2025-09-02 09:00:31][General] [QuickDate] Skipping unknown column: show_activities_privacy
[2025-09-02 09:00:31][General] [QuickDate] Skipping unknown column: birth_privacy
[2025-09-02 09:00:31][General] [QuickDate] Skipping unknown column: visit_privacy
[2025-09-02 09:00:31][General] [QuickDate] Skipping unknown column: showlastseen
[2025-09-02 09:00:31][General] [QuickDate] Skipping unknown column: emailNotification
[2025-09-02 09:00:31][General] [QuickDate] Skipping unknown column: e_liked
[2025-09-02 09:00:31][General] [QuickDate] Skipping unknown column: e_wondered
[2025-09-02 09:00:31][General] [QuickDate] Skipping unknown column: e_shared
[2025-09-02 09:00:31][General] [QuickDate] Skipping unknown column: e_followed
[2025-09-02 09:00:31][General] [QuickDate] Skipping unknown column: e_commented
[2025-09-02 09:00:31][General] [QuickDate] Skipping unknown column: e_visited
[2025-09-02 09:00:31][General] [QuickDate] Skipping unknown column: e_liked_page
[2025-09-02 09:00:31][General] [QuickDate] Skipping unknown column: e_mentioned
[2025-09-02 09:00:31][General] [QuickDate] Skipping unknown column: e_joined_group
[2025-09-02 09:00:31][General] [QuickDate] Skipping unknown column: e_accepted
[2025-09-02 09:00:31][General] [QuickDate] Skipping unknown column: e_profile_wall_post
[2025-09-02 09:00:31][General] [QuickDate] Skipping unknown column: e_sentme_msg
[2025-09-02 09:00:31][General] [QuickDate] Skipping unknown column: e_last_notif
[2025-09-02 09:00:31][General] [QuickDate] Skipping unknown column: notification_settings
[2025-09-02 09:00:31][General] [QuickDate] Skipping unknown column: start_up_info
[2025-09-02 09:00:31][General] [QuickDate] Skipping unknown column: startup_follow
[2025-09-02 09:00:31][General] [QuickDate] Skipping unknown column: startup_image
[2025-09-02 09:00:31][General] [QuickDate] Skipping unknown column: sms_code
[2025-09-02 09:00:31][General] [QuickDate] Skipping unknown column: joined
[2025-09-02 09:00:31][General] [QuickDate] Skipping unknown column: ref_user_id
[2025-09-02 09:00:31][General] [QuickDate] Skipping unknown column: notifications_sound
[2025-09-02 09:00:31][General] [QuickDate] Skipping unknown column: last_data_update
[2025-09-02 09:00:31][General] [QuickDate] Skipping unknown column: last_avatar_mod
[2025-09-02 09:00:31][General] [QuickDate] Skipping unknown column: last_cover_mod
[2025-09-02 09:00:31][General] [QuickDate] Skipping unknown column: points
[2025-09-02 09:00:31][General] [QuickDate] Skipping unknown column: daily_points
[2025-09-02 09:00:31][General] [QuickDate] Skipping unknown column: converted_points
[2025-09-02 09:00:31][General] [QuickDate] Skipping unknown column: point_day_expire
[2025-09-02 09:00:31][General] [QuickDate] Skipping unknown column: last_follow_id
[2025-09-02 09:00:31][General] [QuickDate] Skipping unknown column: share_my_data
[2025-09-02 09:00:31][General] [QuickDate] Skipping unknown column: code_sent
[2025-09-02 09:00:31][General] [QuickDate] Skipping unknown column: time_code_sent
[2025-09-02 09:00:31][General] [QuickDate] Skipping unknown column: banned
[2025-09-02 09:00:31][General] [QuickDate] Skipping unknown column: credits
[2025-09-02 09:00:31][General] [QuickDate] Skipping unknown column: two_factor_method
[2025-09-02 09:00:31][General] [QuickDate] Skipping unknown column: cover
[2025-09-02 09:00:31][General] [QuickDate] Skipping unknown column: background_image_status
[2025-09-02 09:00:31][General] [QuickDate] Skipping unknown column: relationship_id
[2025-09-02 09:00:31][General] [QuickDate] Skipping unknown column: school
[2025-09-02 09:00:31][General] [QuickDate] Skipping unknown column: country_id
[2025-09-02 09:00:31][General] [QuickDate] Skipping unknown column: school_completed
[2025-09-02 09:00:31][General] [QuickDate] Skipping unknown column: weather_unit
[2025-09-02 09:00:31][General] [QuickDate] Skipping unknown column: wallet
[2025-09-02 09:00:31][General] [QuickDate] Skipping unknown column: share_my_location
[2025-09-02 09:00:31][General] [QuickDate] Skipping unknown column: details
[2025-09-02 09:00:31][General] [QuickDate] Skipping unknown column: sidebar_data
[2025-09-02 09:00:31][General] [QuickDate] Skipping unknown column: order_posts_by
[2025-09-02 09:00:31][General] [QuickDate] Skipping unknown column: phone_privacy
[2025-09-02 09:00:31][General] [QuickDate] Skipping unknown column: have_monetization
[2025-09-02 09:00:31][General] [QuickDate] Successfully updated users ID 1
[2025-09-02 09:00:31][General] [WoWonder] Skipping unknown column: qd_user_id
[2025-09-02 09:00:31][General] [WoWonder] Skipping unknown column: wo_user_id
[2025-09-02 09:00:31][General] [WoWonder] Successfully updated Wo_Users ID 1
[2025-09-02 09:00:31][General] [QuickDate] Skipping unknown column: user_id
[2025-09-02 09:00:31][General] [QuickDate] Skipping unknown column: qd_user_id
[2025-09-02 09:00:31][General] [QuickDate] Skipping unknown column: wo_user_id
[2025-09-02 09:00:31][General] [QuickDate] Skipping unknown column: follow_privacy
[2025-09-02 09:00:31][General] [QuickDate] Skipping unknown column: friend_privacy
[2025-09-02 09:00:31][General] [QuickDate] Skipping unknown column: post_privacy
[2025-09-02 09:00:31][General] [QuickDate] Skipping unknown column: message_privacy
[2025-09-02 09:00:31][General] [QuickDate] Skipping unknown column: show_activities_privacy
[2025-09-02 09:00:31][General] [QuickDate] Skipping unknown column: birth_privacy
[2025-09-02 09:00:31][General] [QuickDate] Skipping unknown column: visit_privacy
[2025-09-02 09:00:31][General] [QuickDate] Skipping unknown column: showlastseen
[2025-09-02 09:00:31][General] [QuickDate] Skipping unknown column: emailNotification
[2025-09-02 09:00:31][General] [QuickDate] Skipping unknown column: e_liked
[2025-09-02 09:00:31][General] [QuickDate] Skipping unknown column: e_wondered
[2025-09-02 09:00:31][General] [QuickDate] Skipping unknown column: e_shared
[2025-09-02 09:00:31][General] [QuickDate] Skipping unknown column: e_followed
[2025-09-02 09:00:31][General] [QuickDate] Skipping unknown column: e_commented
[2025-09-02 09:00:31][General] [QuickDate] Skipping unknown column: e_visited
[2025-09-02 09:00:31][General] [QuickDate] Skipping unknown column: e_liked_page
[2025-09-02 09:00:31][General] [QuickDate] Skipping unknown column: e_mentioned
[2025-09-02 09:00:31][General] [QuickDate] Skipping unknown column: e_joined_group
[2025-09-02 09:00:31][General] [QuickDate] Skipping unknown column: e_accepted
[2025-09-02 09:00:31][General] [QuickDate] Skipping unknown column: e_profile_wall_post
[2025-09-02 09:00:31][General] [QuickDate] Skipping unknown column: e_sentme_msg
[2025-09-02 09:00:31][General] [QuickDate] Skipping unknown column: e_last_notif
[2025-09-02 09:00:31][General] [QuickDate] Skipping unknown column: notification_settings
[2025-09-02 09:00:31][General] [QuickDate] Skipping unknown column: start_up_info
[2025-09-02 09:00:31][General] [QuickDate] Skipping unknown column: startup_follow
[2025-09-02 09:00:31][General] [QuickDate] Skipping unknown column: startup_image
[2025-09-02 09:00:31][General] [QuickDate] Skipping unknown column: sms_code
[2025-09-02 09:00:31][General] [QuickDate] Skipping unknown column: joined
[2025-09-02 09:00:31][General] [QuickDate] Skipping unknown column: ref_user_id
[2025-09-02 09:00:31][General] [QuickDate] Skipping unknown column: notifications_sound
[2025-09-02 09:00:31][General] [QuickDate] Skipping unknown column: last_data_update
[2025-09-02 09:00:31][General] [QuickDate] Skipping unknown column: last_avatar_mod
[2025-09-02 09:00:31][General] [QuickDate] Skipping unknown column: last_cover_mod
[2025-09-02 09:00:31][General] [QuickDate] Skipping unknown column: points
[2025-09-02 09:00:31][General] [QuickDate] Skipping unknown column: daily_points
[2025-09-02 09:00:31][General] [QuickDate] Skipping unknown column: converted_points
[2025-09-02 09:00:31][General] [QuickDate] Skipping unknown column: point_day_expire
[2025-09-02 09:00:31][General] [QuickDate] Skipping unknown column: last_follow_id
[2025-09-02 09:00:31][General] [QuickDate] Skipping unknown column: share_my_data
[2025-09-02 09:00:31][General] [QuickDate] Skipping unknown column: code_sent
[2025-09-02 09:00:31][General] [QuickDate] Skipping unknown column: time_code_sent
[2025-09-02 09:00:31][General] [QuickDate] Skipping unknown column: banned
[2025-09-02 09:00:31][General] [QuickDate] Skipping unknown column: credits
[2025-09-02 09:00:31][General] [QuickDate] Skipping unknown column: two_factor_method
[2025-09-02 09:00:31][General] [QuickDate] Skipping unknown column: cover
[2025-09-02 09:00:31][General] [QuickDate] Skipping unknown column: background_image_status
[2025-09-02 09:00:31][General] [QuickDate] Skipping unknown column: relationship_id
[2025-09-02 09:00:31][General] [QuickDate] Skipping unknown column: school
[2025-09-02 09:00:31][General] [QuickDate] Skipping unknown column: country_id
[2025-09-02 09:00:31][General] [QuickDate] Skipping unknown column: school_completed
[2025-09-02 09:00:31][General] [QuickDate] Skipping unknown column: weather_unit
[2025-09-02 09:00:31][General] [QuickDate] Skipping unknown column: wallet
[2025-09-02 09:00:31][General] [QuickDate] Skipping unknown column: share_my_location
[2025-09-02 09:00:31][General] [QuickDate] Skipping unknown column: details
[2025-09-02 09:00:31][General] [QuickDate] Skipping unknown column: sidebar_data
[2025-09-02 09:00:31][General] [QuickDate] Skipping unknown column: order_posts_by
[2025-09-02 09:00:31][General] [QuickDate] Skipping unknown column: phone_privacy
[2025-09-02 09:00:31][General] [QuickDate] Skipping unknown column: have_monetization
[2025-09-02 09:00:31][General] [QuickDate] Successfully updated users ID 1
[2025-09-02 09:00:31][General] [WoWonder] Skipping unknown column: qd_user_id
[2025-09-02 09:00:31][General] [WoWonder] Skipping unknown column: wo_user_id
[2025-09-02 09:00:31][General] [WoWonder] Successfully updated Wo_Users ID 1
[2025-09-02 09:00:31][General] [QuickDate] Skipping unknown column: user_id
[2025-09-02 09:00:31][General] [QuickDate] Skipping unknown column: qd_user_id
[2025-09-02 09:00:31][General] [QuickDate] Skipping unknown column: wo_user_id
[2025-09-02 09:00:31][General] [QuickDate] Skipping unknown column: follow_privacy
[2025-09-02 09:00:31][General] [QuickDate] Skipping unknown column: friend_privacy
[2025-09-02 09:00:31][General] [QuickDate] Skipping unknown column: post_privacy
[2025-09-02 09:00:31][General] [QuickDate] Skipping unknown column: message_privacy
[2025-09-02 09:00:31][General] [QuickDate] Skipping unknown column: show_activities_privacy
[2025-09-02 09:00:31][General] [QuickDate] Skipping unknown column: birth_privacy
[2025-09-02 09:00:31][General] [QuickDate] Skipping unknown column: visit_privacy
[2025-09-02 09:00:31][General] [QuickDate] Skipping unknown column: showlastseen
[2025-09-02 09:00:31][General] [QuickDate] Skipping unknown column: emailNotification
[2025-09-02 09:00:31][General] [QuickDate] Skipping unknown column: e_liked
[2025-09-02 09:00:31][General] [QuickDate] Skipping unknown column: e_wondered
[2025-09-02 09:00:31][General] [QuickDate] Skipping unknown column: e_shared
[2025-09-02 09:00:31][General] [QuickDate] Skipping unknown column: e_followed
[2025-09-02 09:00:31][General] [QuickDate] Skipping unknown column: e_commented
[2025-09-02 09:00:31][General] [QuickDate] Skipping unknown column: e_visited
[2025-09-02 09:00:31][General] [QuickDate] Skipping unknown column: e_liked_page
[2025-09-02 09:00:31][General] [QuickDate] Skipping unknown column: e_mentioned
[2025-09-02 09:00:31][General] [QuickDate] Skipping unknown column: e_joined_group
[2025-09-02 09:00:31][General] [QuickDate] Skipping unknown column: e_accepted
[2025-09-02 09:00:31][General] [QuickDate] Skipping unknown column: e_profile_wall_post
[2025-09-02 09:00:31][General] [QuickDate] Skipping unknown column: e_sentme_msg
[2025-09-02 09:00:31][General] [QuickDate] Skipping unknown column: e_last_notif
[2025-09-02 09:00:31][General] [QuickDate] Skipping unknown column: notification_settings
[2025-09-02 09:00:31][General] [QuickDate] Skipping unknown column: start_up_info
[2025-09-02 09:00:31][General] [QuickDate] Skipping unknown column: startup_follow
[2025-09-02 09:00:31][General] [QuickDate] Skipping unknown column: startup_image
[2025-09-02 09:00:31][General] [QuickDate] Skipping unknown column: sms_code
[2025-09-02 09:00:31][General] [QuickDate] Skipping unknown column: joined
[2025-09-02 09:00:31][General] [QuickDate] Skipping unknown column: ref_user_id
[2025-09-02 09:00:31][General] [QuickDate] Skipping unknown column: notifications_sound
[2025-09-02 09:00:31][General] [QuickDate] Skipping unknown column: last_data_update
[2025-09-02 09:00:31][General] [QuickDate] Skipping unknown column: last_avatar_mod
[2025-09-02 09:00:31][General] [QuickDate] Skipping unknown column: last_cover_mod
[2025-09-02 09:00:31][General] [QuickDate] Skipping unknown column: points
[2025-09-02 09:00:31][General] [QuickDate] Skipping unknown column: daily_points
[2025-09-02 09:00:31][General] [QuickDate] Skipping unknown column: converted_points
[2025-09-02 09:00:31][General] [QuickDate] Skipping unknown column: point_day_expire
[2025-09-02 09:00:31][General] [QuickDate] Skipping unknown column: last_follow_id
[2025-09-02 09:00:31][General] [QuickDate] Skipping unknown column: share_my_data
[2025-09-02 09:00:31][General] [QuickDate] Skipping unknown column: code_sent
[2025-09-02 09:00:31][General] [QuickDate] Skipping unknown column: time_code_sent
[2025-09-02 09:00:31][General] [QuickDate] Skipping unknown column: banned
[2025-09-02 09:00:31][General] [QuickDate] Skipping unknown column: credits
[2025-09-02 09:00:31][General] [QuickDate] Skipping unknown column: two_factor_method
[2025-09-02 09:00:31][General] [QuickDate] Skipping unknown column: cover
[2025-09-02 09:00:31][General] [QuickDate] Skipping unknown column: background_image_status
[2025-09-02 09:00:31][General] [QuickDate] Skipping unknown column: relationship_id
[2025-09-02 09:00:31][General] [QuickDate] Skipping unknown column: school
[2025-09-02 09:00:31][General] [QuickDate] Skipping unknown column: country_id
[2025-09-02 09:00:31][General] [QuickDate] Skipping unknown column: school_completed
[2025-09-02 09:00:31][General] [QuickDate] Skipping unknown column: weather_unit
[2025-09-02 09:00:31][General] [QuickDate] Skipping unknown column: wallet
[2025-09-02 09:00:31][General] [QuickDate] Skipping unknown column: share_my_location
[2025-09-02 09:00:31][General] [QuickDate] Skipping unknown column: details
[2025-09-02 09:00:31][General] [QuickDate] Skipping unknown column: sidebar_data
[2025-09-02 09:00:31][General] [QuickDate] Skipping unknown column: order_posts_by
[2025-09-02 09:00:31][General] [QuickDate] Skipping unknown column: phone_privacy
[2025-09-02 09:00:31][General] [QuickDate] Skipping unknown column: have_monetization
[2025-09-02 09:00:31][General] [QuickDate] Successfully updated users ID 1
[2025-09-02 09:00:31][General] [WoWonder] Skipping unknown column: qd_user_id
[2025-09-02 09:00:31][General] [WoWonder] Skipping unknown column: wo_user_id
[2025-09-02 09:00:31][General] [WoWonder] Successfully updated Wo_Users ID 1
[2025-09-02 09:00:31][General] [QuickDate] Skipping unknown column: user_id
[2025-09-02 09:00:31][General] [QuickDate] Skipping unknown column: qd_user_id
[2025-09-02 09:00:31][General] [QuickDate] Skipping unknown column: wo_user_id
[2025-09-02 09:00:31][General] [QuickDate] Skipping unknown column: follow_privacy
[2025-09-02 09:00:31][General] [QuickDate] Skipping unknown column: friend_privacy
[2025-09-02 09:00:31][General] [QuickDate] Skipping unknown column: post_privacy
[2025-09-02 09:00:31][General] [QuickDate] Skipping unknown column: message_privacy
[2025-09-02 09:00:31][General] [QuickDate] Skipping unknown column: show_activities_privacy
[2025-09-02 09:00:31][General] [QuickDate] Skipping unknown column: birth_privacy
[2025-09-02 09:00:31][General] [QuickDate] Skipping unknown column: visit_privacy
[2025-09-02 09:00:31][General] [QuickDate] Skipping unknown column: showlastseen
[2025-09-02 09:00:31][General] [QuickDate] Skipping unknown column: emailNotification
[2025-09-02 09:00:31][General] [QuickDate] Skipping unknown column: e_liked
[2025-09-02 09:00:31][General] [QuickDate] Skipping unknown column: e_wondered
[2025-09-02 09:00:31][General] [QuickDate] Skipping unknown column: e_shared
[2025-09-02 09:00:31][General] [QuickDate] Skipping unknown column: e_followed
[2025-09-02 09:00:31][General] [QuickDate] Skipping unknown column: e_commented
[2025-09-02 09:00:31][General] [QuickDate] Skipping unknown column: e_visited
[2025-09-02 09:00:31][General] [QuickDate] Skipping unknown column: e_liked_page
[2025-09-02 09:00:31][General] [QuickDate] Skipping unknown column: e_mentioned
[2025-09-02 09:00:31][General] [QuickDate] Skipping unknown column: e_joined_group
[2025-09-02 09:00:31][General] [QuickDate] Skipping unknown column: e_accepted
[2025-09-02 09:00:31][General] [QuickDate] Skipping unknown column: e_profile_wall_post
[2025-09-02 09:00:31][General] [QuickDate] Skipping unknown column: e_sentme_msg
[2025-09-02 09:00:31][General] [QuickDate] Skipping unknown column: e_last_notif
[2025-09-02 09:00:31][General] [QuickDate] Skipping unknown column: notification_settings
[2025-09-02 09:00:31][General] [QuickDate] Skipping unknown column: start_up_info
[2025-09-02 09:00:31][General] [QuickDate] Skipping unknown column: startup_follow
[2025-09-02 09:00:31][General] [QuickDate] Skipping unknown column: startup_image
[2025-09-02 09:00:31][General] [QuickDate] Skipping unknown column: sms_code
[2025-09-02 09:00:31][General] [QuickDate] Skipping unknown column: joined
[2025-09-02 09:00:31][General] [QuickDate] Skipping unknown column: ref_user_id
[2025-09-02 09:00:31][General] [QuickDate] Skipping unknown column: notifications_sound
[2025-09-02 09:00:31][General] [QuickDate] Skipping unknown column: last_data_update
[2025-09-02 09:00:31][General] [QuickDate] Skipping unknown column: last_avatar_mod
[2025-09-02 09:00:31][General] [QuickDate] Skipping unknown column: last_cover_mod
[2025-09-02 09:00:31][General] [QuickDate] Skipping unknown column: points
[2025-09-02 09:00:31][General] [QuickDate] Skipping unknown column: daily_points
[2025-09-02 09:00:31][General] [QuickDate] Skipping unknown column: converted_points
[2025-09-02 09:00:31][General] [QuickDate] Skipping unknown column: point_day_expire
[2025-09-02 09:00:31][General] [QuickDate] Skipping unknown column: last_follow_id
[2025-09-02 09:00:31][General] [QuickDate] Skipping unknown column: share_my_data
[2025-09-02 09:00:31][General] [QuickDate] Skipping unknown column: code_sent
[2025-09-02 09:00:31][General] [QuickDate] Skipping unknown column: time_code_sent
[2025-09-02 09:00:31][General] [QuickDate] Skipping unknown column: banned
[2025-09-02 09:00:31][General] [QuickDate] Skipping unknown column: credits
[2025-09-02 09:00:31][General] [QuickDate] Skipping unknown column: two_factor_method
[2025-09-02 09:00:31][General] [QuickDate] Skipping unknown column: cover
[2025-09-02 09:00:31][General] [QuickDate] Skipping unknown column: background_image_status
[2025-09-02 09:00:31][General] [QuickDate] Skipping unknown column: relationship_id
[2025-09-02 09:00:31][General] [QuickDate] Skipping unknown column: school
[2025-09-02 09:00:31][General] [QuickDate] Skipping unknown column: country_id
[2025-09-02 09:00:31][General] [QuickDate] Skipping unknown column: school_completed
[2025-09-02 09:00:31][General] [QuickDate] Skipping unknown column: weather_unit
[2025-09-02 09:00:31][General] [QuickDate] Skipping unknown column: wallet
[2025-09-02 09:00:31][General] [QuickDate] Skipping unknown column: share_my_location
[2025-09-02 09:00:31][General] [QuickDate] Skipping unknown column: details
[2025-09-02 09:00:31][General] [QuickDate] Skipping unknown column: sidebar_data
[2025-09-02 09:00:31][General] [QuickDate] Skipping unknown column: order_posts_by
[2025-09-02 09:00:31][General] [QuickDate] Skipping unknown column: phone_privacy
[2025-09-02 09:00:31][General] [QuickDate] Skipping unknown column: have_monetization
[2025-09-02 09:00:31][General] [QuickDate] Successfully updated users ID 1
[2025-09-02 09:07:23][General] [WoWonder] Skipping unknown column: qd_user_id
[2025-09-02 09:07:23][General] [WoWonder] Skipping unknown column: wo_user_id
[2025-09-02 09:07:23][General] [WoWonder] Successfully updated Wo_Users ID 1
[2025-09-02 09:07:23][General] [QuickDate] Skipping unknown column: user_id
[2025-09-02 09:07:23][General] [QuickDate] Skipping unknown column: qd_user_id
[2025-09-02 09:07:23][General] [QuickDate] Skipping unknown column: wo_user_id
[2025-09-02 09:07:23][General] [QuickDate] Skipping unknown column: follow_privacy
[2025-09-02 09:07:23][General] [QuickDate] Skipping unknown column: friend_privacy
[2025-09-02 09:07:23][General] [QuickDate] Skipping unknown column: post_privacy
[2025-09-02 09:07:23][General] [QuickDate] Skipping unknown column: message_privacy
[2025-09-02 09:07:23][General] [QuickDate] Skipping unknown column: show_activities_privacy
[2025-09-02 09:07:23][General] [QuickDate] Skipping unknown column: birth_privacy
[2025-09-02 09:07:23][General] [QuickDate] Skipping unknown column: visit_privacy
[2025-09-02 09:07:23][General] [QuickDate] Skipping unknown column: showlastseen
[2025-09-02 09:07:23][General] [QuickDate] Skipping unknown column: emailNotification
[2025-09-02 09:07:23][General] [QuickDate] Skipping unknown column: e_liked
[2025-09-02 09:07:23][General] [QuickDate] Skipping unknown column: e_wondered
[2025-09-02 09:07:23][General] [QuickDate] Skipping unknown column: e_shared
[2025-09-02 09:07:23][General] [QuickDate] Skipping unknown column: e_followed
[2025-09-02 09:07:23][General] [QuickDate] Skipping unknown column: e_commented
[2025-09-02 09:07:23][General] [QuickDate] Skipping unknown column: e_visited
[2025-09-02 09:07:23][General] [QuickDate] Skipping unknown column: e_liked_page
[2025-09-02 09:07:23][General] [QuickDate] Skipping unknown column: e_mentioned
[2025-09-02 09:07:23][General] [QuickDate] Skipping unknown column: e_joined_group
[2025-09-02 09:07:23][General] [QuickDate] Skipping unknown column: e_accepted
[2025-09-02 09:07:23][General] [QuickDate] Skipping unknown column: e_profile_wall_post
[2025-09-02 09:07:23][General] [QuickDate] Skipping unknown column: e_sentme_msg
[2025-09-02 09:07:23][General] [QuickDate] Skipping unknown column: e_last_notif
[2025-09-02 09:07:23][General] [QuickDate] Skipping unknown column: notification_settings
[2025-09-02 09:07:23][General] [QuickDate] Skipping unknown column: start_up_info
[2025-09-02 09:07:23][General] [QuickDate] Skipping unknown column: startup_follow
[2025-09-02 09:07:23][General] [QuickDate] Skipping unknown column: startup_image
[2025-09-02 09:07:23][General] [QuickDate] Skipping unknown column: sms_code
[2025-09-02 09:07:23][General] [QuickDate] Skipping unknown column: joined
[2025-09-02 09:07:23][General] [QuickDate] Skipping unknown column: ref_user_id
[2025-09-02 09:07:23][General] [QuickDate] Skipping unknown column: notifications_sound
[2025-09-02 09:07:23][General] [QuickDate] Skipping unknown column: last_data_update
[2025-09-02 09:07:23][General] [QuickDate] Skipping unknown column: last_avatar_mod
[2025-09-02 09:07:23][General] [QuickDate] Skipping unknown column: last_cover_mod
[2025-09-02 09:07:23][General] [QuickDate] Skipping unknown column: points
[2025-09-02 09:07:23][General] [QuickDate] Skipping unknown column: daily_points
[2025-09-02 09:07:23][General] [QuickDate] Skipping unknown column: converted_points
[2025-09-02 09:07:23][General] [QuickDate] Skipping unknown column: point_day_expire
[2025-09-02 09:07:23][General] [QuickDate] Skipping unknown column: last_follow_id
[2025-09-02 09:07:23][General] [QuickDate] Skipping unknown column: share_my_data
[2025-09-02 09:07:23][General] [QuickDate] Skipping unknown column: code_sent
[2025-09-02 09:07:23][General] [QuickDate] Skipping unknown column: time_code_sent
[2025-09-02 09:07:23][General] [QuickDate] Skipping unknown column: banned
[2025-09-02 09:07:23][General] [QuickDate] Skipping unknown column: credits
[2025-09-02 09:07:23][General] [QuickDate] Skipping unknown column: two_factor_method
[2025-09-02 09:07:23][General] [QuickDate] Successfully updated users ID 1
[2025-09-02 09:07:23][General] [WoWonder] Skipping unknown column: qd_user_id
[2025-09-02 09:07:23][General] [WoWonder] Skipping unknown column: wo_user_id
[2025-09-02 09:07:23][General] [WoWonder] Successfully updated Wo_Users ID 1
[2025-09-02 09:07:23][General] [QuickDate] Skipping unknown column: user_id
[2025-09-02 09:07:23][General] [QuickDate] Skipping unknown column: qd_user_id
[2025-09-02 09:07:23][General] [QuickDate] Skipping unknown column: wo_user_id
[2025-09-02 09:07:23][General] [QuickDate] Skipping unknown column: follow_privacy
[2025-09-02 09:07:23][General] [QuickDate] Skipping unknown column: friend_privacy
[2025-09-02 09:07:23][General] [QuickDate] Skipping unknown column: post_privacy
[2025-09-02 09:07:23][General] [QuickDate] Skipping unknown column: message_privacy
[2025-09-02 09:07:23][General] [QuickDate] Skipping unknown column: show_activities_privacy
[2025-09-02 09:07:23][General] [QuickDate] Skipping unknown column: birth_privacy
[2025-09-02 09:07:23][General] [QuickDate] Skipping unknown column: visit_privacy
[2025-09-02 09:07:23][General] [QuickDate] Skipping unknown column: showlastseen
[2025-09-02 09:07:23][General] [QuickDate] Skipping unknown column: emailNotification
[2025-09-02 09:07:23][General] [QuickDate] Skipping unknown column: e_liked
[2025-09-02 09:07:23][General] [QuickDate] Skipping unknown column: e_wondered
[2025-09-02 09:07:23][General] [QuickDate] Skipping unknown column: e_shared
[2025-09-02 09:07:23][General] [QuickDate] Skipping unknown column: e_followed
[2025-09-02 09:07:23][General] [QuickDate] Skipping unknown column: e_commented
[2025-09-02 09:07:23][General] [QuickDate] Skipping unknown column: e_visited
[2025-09-02 09:07:23][General] [QuickDate] Skipping unknown column: e_liked_page
[2025-09-02 09:07:23][General] [QuickDate] Skipping unknown column: e_mentioned
[2025-09-02 09:07:23][General] [QuickDate] Skipping unknown column: e_joined_group
[2025-09-02 09:07:23][General] [QuickDate] Skipping unknown column: e_accepted
[2025-09-02 09:07:23][General] [QuickDate] Skipping unknown column: e_profile_wall_post
[2025-09-02 09:07:23][General] [QuickDate] Skipping unknown column: e_sentme_msg
[2025-09-02 09:07:23][General] [QuickDate] Skipping unknown column: e_last_notif
[2025-09-02 09:07:23][General] [QuickDate] Skipping unknown column: notification_settings
[2025-09-02 09:07:23][General] [QuickDate] Skipping unknown column: start_up_info
[2025-09-02 09:07:23][General] [QuickDate] Skipping unknown column: startup_follow
[2025-09-02 09:07:23][General] [QuickDate] Skipping unknown column: startup_image
[2025-09-02 09:07:23][General] [QuickDate] Skipping unknown column: sms_code
[2025-09-02 09:07:23][General] [QuickDate] Skipping unknown column: joined
[2025-09-02 09:07:23][General] [QuickDate] Skipping unknown column: ref_user_id
[2025-09-02 09:07:23][General] [QuickDate] Skipping unknown column: notifications_sound
[2025-09-02 09:07:23][General] [QuickDate] Skipping unknown column: last_data_update
[2025-09-02 09:07:23][General] [QuickDate] Skipping unknown column: last_avatar_mod
[2025-09-02 09:07:23][General] [QuickDate] Skipping unknown column: last_cover_mod
[2025-09-02 09:07:23][General] [QuickDate] Skipping unknown column: points
[2025-09-02 09:07:23][General] [QuickDate] Skipping unknown column: daily_points
[2025-09-02 09:07:23][General] [QuickDate] Skipping unknown column: converted_points
[2025-09-02 09:07:23][General] [QuickDate] Skipping unknown column: point_day_expire
[2025-09-02 09:07:23][General] [QuickDate] Skipping unknown column: last_follow_id
[2025-09-02 09:07:23][General] [QuickDate] Skipping unknown column: share_my_data
[2025-09-02 09:07:23][General] [QuickDate] Skipping unknown column: code_sent
[2025-09-02 09:07:23][General] [QuickDate] Skipping unknown column: time_code_sent
[2025-09-02 09:07:23][General] [QuickDate] Skipping unknown column: banned
[2025-09-02 09:07:23][General] [QuickDate] Skipping unknown column: credits
[2025-09-02 09:07:23][General] [QuickDate] Skipping unknown column: two_factor_method
[2025-09-02 09:07:23][General] [QuickDate] Skipping unknown column: cover
[2025-09-02 09:07:23][General] [QuickDate] Skipping unknown column: background_image_status
[2025-09-02 09:07:23][General] [QuickDate] Skipping unknown column: relationship_id
[2025-09-02 09:07:23][General] [QuickDate] Skipping unknown column: school
[2025-09-02 09:07:23][General] [QuickDate] Skipping unknown column: country_id
[2025-09-02 09:07:23][General] [QuickDate] Skipping unknown column: school_completed
[2025-09-02 09:07:23][General] [QuickDate] Skipping unknown column: weather_unit
[2025-09-02 09:07:23][General] [QuickDate] Skipping unknown column: wallet
[2025-09-02 09:07:23][General] [QuickDate] Skipping unknown column: share_my_location
[2025-09-02 09:07:23][General] [QuickDate] Skipping unknown column: details
[2025-09-02 09:07:23][General] [QuickDate] Skipping unknown column: sidebar_data
[2025-09-02 09:07:23][General] [QuickDate] Skipping unknown column: order_posts_by
[2025-09-02 09:07:23][General] [QuickDate] Skipping unknown column: phone_privacy
[2025-09-02 09:07:23][General] [QuickDate] Skipping unknown column: have_monetization
[2025-09-02 09:07:23][General] [QuickDate] Successfully updated users ID 1
[2025-09-02 09:07:23][General] [WoWonder] Skipping unknown column: qd_user_id
[2025-09-02 09:07:23][General] [WoWonder] Skipping unknown column: wo_user_id
[2025-09-02 09:07:23][General] [WoWonder] Successfully updated Wo_Users ID 1
[2025-09-02 09:07:23][General] [QuickDate] Skipping unknown column: user_id
[2025-09-02 09:07:23][General] [QuickDate] Skipping unknown column: qd_user_id
[2025-09-02 09:07:23][General] [QuickDate] Skipping unknown column: wo_user_id
[2025-09-02 09:07:23][General] [QuickDate] Skipping unknown column: follow_privacy
[2025-09-02 09:07:23][General] [QuickDate] Skipping unknown column: friend_privacy
[2025-09-02 09:07:23][General] [QuickDate] Skipping unknown column: post_privacy
[2025-09-02 09:07:23][General] [QuickDate] Skipping unknown column: message_privacy
[2025-09-02 09:07:23][General] [QuickDate] Skipping unknown column: show_activities_privacy
[2025-09-02 09:07:23][General] [QuickDate] Skipping unknown column: birth_privacy
[2025-09-02 09:07:23][General] [QuickDate] Skipping unknown column: visit_privacy
[2025-09-02 09:07:23][General] [QuickDate] Skipping unknown column: showlastseen
[2025-09-02 09:07:23][General] [QuickDate] Skipping unknown column: emailNotification
[2025-09-02 09:07:23][General] [QuickDate] Skipping unknown column: e_liked
[2025-09-02 09:07:23][General] [QuickDate] Skipping unknown column: e_wondered
[2025-09-02 09:07:23][General] [QuickDate] Skipping unknown column: e_shared
[2025-09-02 09:07:23][General] [QuickDate] Skipping unknown column: e_followed
[2025-09-02 09:07:23][General] [QuickDate] Skipping unknown column: e_commented
[2025-09-02 09:07:23][General] [QuickDate] Skipping unknown column: e_visited
[2025-09-02 09:07:23][General] [QuickDate] Skipping unknown column: e_liked_page
[2025-09-02 09:07:23][General] [QuickDate] Skipping unknown column: e_mentioned
[2025-09-02 09:07:23][General] [QuickDate] Skipping unknown column: e_joined_group
[2025-09-02 09:07:23][General] [QuickDate] Skipping unknown column: e_accepted
[2025-09-02 09:07:23][General] [QuickDate] Skipping unknown column: e_profile_wall_post
[2025-09-02 09:07:23][General] [QuickDate] Skipping unknown column: e_sentme_msg
[2025-09-02 09:07:23][General] [QuickDate] Skipping unknown column: e_last_notif
[2025-09-02 09:07:23][General] [QuickDate] Skipping unknown column: notification_settings
[2025-09-02 09:07:23][General] [QuickDate] Skipping unknown column: start_up_info
[2025-09-02 09:07:23][General] [QuickDate] Skipping unknown column: startup_follow
[2025-09-02 09:07:23][General] [QuickDate] Skipping unknown column: startup_image
[2025-09-02 09:07:23][General] [QuickDate] Skipping unknown column: sms_code
[2025-09-02 09:07:23][General] [QuickDate] Skipping unknown column: joined
[2025-09-02 09:07:23][General] [QuickDate] Skipping unknown column: ref_user_id
[2025-09-02 09:07:23][General] [QuickDate] Skipping unknown column: notifications_sound
[2025-09-02 09:07:23][General] [QuickDate] Skipping unknown column: last_data_update
[2025-09-02 09:07:23][General] [QuickDate] Skipping unknown column: last_avatar_mod
[2025-09-02 09:07:23][General] [QuickDate] Skipping unknown column: last_cover_mod
[2025-09-02 09:07:23][General] [QuickDate] Skipping unknown column: points
[2025-09-02 09:07:23][General] [QuickDate] Skipping unknown column: daily_points
[2025-09-02 09:07:23][General] [QuickDate] Skipping unknown column: converted_points
[2025-09-02 09:07:23][General] [QuickDate] Skipping unknown column: point_day_expire
[2025-09-02 09:07:23][General] [QuickDate] Skipping unknown column: last_follow_id
[2025-09-02 09:07:23][General] [QuickDate] Skipping unknown column: share_my_data
[2025-09-02 09:07:23][General] [QuickDate] Skipping unknown column: code_sent
[2025-09-02 09:07:23][General] [QuickDate] Skipping unknown column: time_code_sent
[2025-09-02 09:07:23][General] [QuickDate] Skipping unknown column: banned
[2025-09-02 09:07:23][General] [QuickDate] Skipping unknown column: credits
[2025-09-02 09:07:23][General] [QuickDate] Skipping unknown column: two_factor_method
[2025-09-02 09:07:23][General] [QuickDate] Skipping unknown column: cover
[2025-09-02 09:07:23][General] [QuickDate] Skipping unknown column: background_image_status
[2025-09-02 09:07:23][General] [QuickDate] Skipping unknown column: relationship_id
[2025-09-02 09:07:23][General] [QuickDate] Skipping unknown column: school
[2025-09-02 09:07:23][General] [QuickDate] Skipping unknown column: country_id
[2025-09-02 09:07:23][General] [QuickDate] Skipping unknown column: school_completed
[2025-09-02 09:07:23][General] [QuickDate] Skipping unknown column: weather_unit
[2025-09-02 09:07:23][General] [QuickDate] Skipping unknown column: wallet
[2025-09-02 09:07:23][General] [QuickDate] Skipping unknown column: share_my_location
[2025-09-02 09:07:23][General] [QuickDate] Skipping unknown column: details
[2025-09-02 09:07:23][General] [QuickDate] Skipping unknown column: sidebar_data
[2025-09-02 09:07:23][General] [QuickDate] Skipping unknown column: order_posts_by
[2025-09-02 09:07:23][General] [QuickDate] Skipping unknown column: phone_privacy
[2025-09-02 09:07:23][General] [QuickDate] Skipping unknown column: have_monetization
[2025-09-02 09:07:23][General] [QuickDate] Successfully updated users ID 1
[2025-09-02 09:07:23][General] [WoWonder] Skipping unknown column: qd_user_id
[2025-09-02 09:07:23][General] [WoWonder] Skipping unknown column: wo_user_id
[2025-09-02 09:07:23][General] [WoWonder] Successfully updated Wo_Users ID 1
[2025-09-02 09:07:23][General] [QuickDate] Skipping unknown column: user_id
[2025-09-02 09:07:23][General] [QuickDate] Skipping unknown column: qd_user_id
[2025-09-02 09:07:23][General] [QuickDate] Skipping unknown column: wo_user_id
[2025-09-02 09:07:23][General] [QuickDate] Skipping unknown column: follow_privacy
[2025-09-02 09:07:23][General] [QuickDate] Skipping unknown column: friend_privacy
[2025-09-02 09:07:23][General] [QuickDate] Skipping unknown column: post_privacy
[2025-09-02 09:07:23][General] [QuickDate] Skipping unknown column: message_privacy
[2025-09-02 09:07:23][General] [QuickDate] Skipping unknown column: show_activities_privacy
[2025-09-02 09:07:23][General] [QuickDate] Skipping unknown column: birth_privacy
[2025-09-02 09:07:23][General] [QuickDate] Skipping unknown column: visit_privacy
[2025-09-02 09:07:23][General] [QuickDate] Skipping unknown column: showlastseen
[2025-09-02 09:07:23][General] [QuickDate] Skipping unknown column: emailNotification
[2025-09-02 09:07:23][General] [QuickDate] Skipping unknown column: e_liked
[2025-09-02 09:07:23][General] [QuickDate] Skipping unknown column: e_wondered
[2025-09-02 09:07:23][General] [QuickDate] Skipping unknown column: e_shared
[2025-09-02 09:07:23][General] [QuickDate] Skipping unknown column: e_followed
[2025-09-02 09:07:23][General] [QuickDate] Skipping unknown column: e_commented
[2025-09-02 09:07:23][General] [QuickDate] Skipping unknown column: e_visited
[2025-09-02 09:07:23][General] [QuickDate] Skipping unknown column: e_liked_page
[2025-09-02 09:07:23][General] [QuickDate] Skipping unknown column: e_mentioned
[2025-09-02 09:07:23][General] [QuickDate] Skipping unknown column: e_joined_group
[2025-09-02 09:07:23][General] [QuickDate] Skipping unknown column: e_accepted
[2025-09-02 09:07:23][General] [QuickDate] Skipping unknown column: e_profile_wall_post
[2025-09-02 09:07:23][General] [QuickDate] Skipping unknown column: e_sentme_msg
[2025-09-02 09:07:23][General] [QuickDate] Skipping unknown column: e_last_notif
[2025-09-02 09:07:23][General] [QuickDate] Skipping unknown column: notification_settings
[2025-09-02 09:07:23][General] [QuickDate] Skipping unknown column: start_up_info
[2025-09-02 09:07:23][General] [QuickDate] Skipping unknown column: startup_follow
[2025-09-02 09:07:23][General] [QuickDate] Skipping unknown column: startup_image
[2025-09-02 09:07:23][General] [QuickDate] Skipping unknown column: sms_code
[2025-09-02 09:07:23][General] [QuickDate] Skipping unknown column: joined
[2025-09-02 09:07:23][General] [QuickDate] Skipping unknown column: ref_user_id
[2025-09-02 09:07:23][General] [QuickDate] Skipping unknown column: notifications_sound
[2025-09-02 09:07:23][General] [QuickDate] Skipping unknown column: last_data_update
[2025-09-02 09:07:23][General] [QuickDate] Skipping unknown column: last_avatar_mod
[2025-09-02 09:07:23][General] [QuickDate] Skipping unknown column: last_cover_mod
[2025-09-02 09:07:23][General] [QuickDate] Skipping unknown column: points
[2025-09-02 09:07:23][General] [QuickDate] Skipping unknown column: daily_points
[2025-09-02 09:07:23][General] [QuickDate] Skipping unknown column: converted_points
[2025-09-02 09:07:23][General] [QuickDate] Skipping unknown column: point_day_expire
[2025-09-02 09:07:23][General] [QuickDate] Skipping unknown column: last_follow_id
[2025-09-02 09:07:23][General] [QuickDate] Skipping unknown column: share_my_data
[2025-09-02 09:07:23][General] [QuickDate] Skipping unknown column: code_sent
[2025-09-02 09:07:23][General] [QuickDate] Skipping unknown column: time_code_sent
[2025-09-02 09:07:23][General] [QuickDate] Skipping unknown column: banned
[2025-09-02 09:07:23][General] [QuickDate] Skipping unknown column: credits
[2025-09-02 09:07:23][General] [QuickDate] Skipping unknown column: two_factor_method
[2025-09-02 09:07:23][General] [QuickDate] Skipping unknown column: cover
[2025-09-02 09:07:23][General] [QuickDate] Skipping unknown column: background_image_status
[2025-09-02 09:07:23][General] [QuickDate] Skipping unknown column: relationship_id
[2025-09-02 09:07:23][General] [QuickDate] Skipping unknown column: school
[2025-09-02 09:07:23][General] [QuickDate] Skipping unknown column: country_id
[2025-09-02 09:07:23][General] [QuickDate] Skipping unknown column: school_completed
[2025-09-02 09:07:23][General] [QuickDate] Skipping unknown column: weather_unit
[2025-09-02 09:07:23][General] [QuickDate] Skipping unknown column: wallet
[2025-09-02 09:07:23][General] [QuickDate] Skipping unknown column: share_my_location
[2025-09-02 09:07:23][General] [QuickDate] Skipping unknown column: details
[2025-09-02 09:07:23][General] [QuickDate] Skipping unknown column: sidebar_data
[2025-09-02 09:07:23][General] [QuickDate] Skipping unknown column: order_posts_by
[2025-09-02 09:07:23][General] [QuickDate] Skipping unknown column: phone_privacy
[2025-09-02 09:07:23][General] [QuickDate] Skipping unknown column: have_monetization
[2025-09-02 09:07:23][General] [QuickDate] Successfully updated users ID 1
[2025-09-02 09:07:23][General] [WoWonder] Skipping unknown column: qd_user_id
[2025-09-02 09:07:23][General] [WoWonder] Skipping unknown column: wo_user_id
[2025-09-02 09:07:23][General] [WoWonder] Successfully updated Wo_Users ID 1
[2025-09-02 09:07:23][General] [QuickDate] Skipping unknown column: user_id
[2025-09-02 09:07:23][General] [QuickDate] Skipping unknown column: qd_user_id
[2025-09-02 09:07:23][General] [QuickDate] Skipping unknown column: wo_user_id
[2025-09-02 09:07:23][General] [QuickDate] Skipping unknown column: follow_privacy
[2025-09-02 09:07:23][General] [QuickDate] Skipping unknown column: friend_privacy
[2025-09-02 09:07:23][General] [QuickDate] Skipping unknown column: post_privacy
[2025-09-02 09:07:23][General] [QuickDate] Skipping unknown column: message_privacy
[2025-09-02 09:07:23][General] [QuickDate] Skipping unknown column: show_activities_privacy
[2025-09-02 09:07:23][General] [QuickDate] Skipping unknown column: birth_privacy
[2025-09-02 09:07:23][General] [QuickDate] Skipping unknown column: visit_privacy
[2025-09-02 09:07:23][General] [QuickDate] Skipping unknown column: showlastseen
[2025-09-02 09:07:23][General] [QuickDate] Skipping unknown column: emailNotification
[2025-09-02 09:07:23][General] [QuickDate] Skipping unknown column: e_liked
[2025-09-02 09:07:23][General] [QuickDate] Skipping unknown column: e_wondered
[2025-09-02 09:07:23][General] [QuickDate] Skipping unknown column: e_shared
[2025-09-02 09:07:23][General] [QuickDate] Skipping unknown column: e_followed
[2025-09-02 09:07:23][General] [QuickDate] Skipping unknown column: e_commented
[2025-09-02 09:07:23][General] [QuickDate] Skipping unknown column: e_visited
[2025-09-02 09:07:23][General] [QuickDate] Skipping unknown column: e_liked_page
[2025-09-02 09:07:23][General] [QuickDate] Skipping unknown column: e_mentioned
[2025-09-02 09:07:23][General] [QuickDate] Skipping unknown column: e_joined_group
[2025-09-02 09:07:23][General] [QuickDate] Skipping unknown column: e_accepted
[2025-09-02 09:07:23][General] [QuickDate] Skipping unknown column: e_profile_wall_post
[2025-09-02 09:07:23][General] [QuickDate] Skipping unknown column: e_sentme_msg
[2025-09-02 09:07:23][General] [QuickDate] Skipping unknown column: e_last_notif
[2025-09-02 09:07:23][General] [QuickDate] Skipping unknown column: notification_settings
[2025-09-02 09:07:23][General] [QuickDate] Skipping unknown column: start_up_info
[2025-09-02 09:07:23][General] [QuickDate] Skipping unknown column: startup_follow
[2025-09-02 09:07:23][General] [QuickDate] Skipping unknown column: startup_image
[2025-09-02 09:07:23][General] [QuickDate] Skipping unknown column: sms_code
[2025-09-02 09:07:23][General] [QuickDate] Skipping unknown column: joined
[2025-09-02 09:07:23][General] [QuickDate] Skipping unknown column: ref_user_id
[2025-09-02 09:07:23][General] [QuickDate] Skipping unknown column: notifications_sound
[2025-09-02 09:07:23][General] [QuickDate] Skipping unknown column: last_data_update
[2025-09-02 09:07:23][General] [QuickDate] Skipping unknown column: last_avatar_mod
[2025-09-02 09:07:23][General] [QuickDate] Skipping unknown column: last_cover_mod
[2025-09-02 09:07:23][General] [QuickDate] Skipping unknown column: points
[2025-09-02 09:07:23][General] [QuickDate] Skipping unknown column: daily_points
[2025-09-02 09:07:23][General] [QuickDate] Skipping unknown column: converted_points
[2025-09-02 09:07:23][General] [QuickDate] Skipping unknown column: point_day_expire
[2025-09-02 09:07:23][General] [QuickDate] Skipping unknown column: last_follow_id
[2025-09-02 09:07:23][General] [QuickDate] Skipping unknown column: share_my_data
[2025-09-02 09:07:23][General] [QuickDate] Skipping unknown column: code_sent
[2025-09-02 09:07:23][General] [QuickDate] Skipping unknown column: time_code_sent
[2025-09-02 09:07:23][General] [QuickDate] Skipping unknown column: banned
[2025-09-02 09:07:23][General] [QuickDate] Skipping unknown column: credits
[2025-09-02 09:07:23][General] [QuickDate] Skipping unknown column: two_factor_method
[2025-09-02 09:07:23][General] [QuickDate] Skipping unknown column: cover
[2025-09-02 09:07:23][General] [QuickDate] Skipping unknown column: background_image_status
[2025-09-02 09:07:23][General] [QuickDate] Skipping unknown column: relationship_id
[2025-09-02 09:07:23][General] [QuickDate] Skipping unknown column: school
[2025-09-02 09:07:23][General] [QuickDate] Skipping unknown column: country_id
[2025-09-02 09:07:23][General] [QuickDate] Skipping unknown column: school_completed
[2025-09-02 09:07:23][General] [QuickDate] Skipping unknown column: weather_unit
[2025-09-02 09:07:23][General] [QuickDate] Skipping unknown column: wallet
[2025-09-02 09:07:23][General] [QuickDate] Skipping unknown column: share_my_location
[2025-09-02 09:07:23][General] [QuickDate] Skipping unknown column: details
[2025-09-02 09:07:23][General] [QuickDate] Skipping unknown column: sidebar_data
[2025-09-02 09:07:23][General] [QuickDate] Skipping unknown column: order_posts_by
[2025-09-02 09:07:23][General] [QuickDate] Skipping unknown column: phone_privacy
[2025-09-02 09:07:23][General] [QuickDate] Skipping unknown column: have_monetization
[2025-09-02 09:07:23][General] [QuickDate] Successfully updated users ID 1
